                      :-) GROMACS - gmx mdrun, 2021.4 (-:

                            GROMACS is written by:
     Andrey Alekseenko              Emile Apol              Rossen Apostolov     
         Paul Bauer           Herman J.C. Berendsen           Par Bjelkmar       
       Christian Blau           Viacheslav Bolnykh             Kevin Boyd        
     Aldert van Buuren           Rudi van Drunen             Anton Feenstra      
    Gilles Gouaillardet             Alan Gray               Gerrit Groenhof      
       Anca Hamuraru            Vincent Hindriksen          M. Eric Irrgang      
      Aleksei Iupinov           Christoph Junghans             Joe Jordan        
    Dimitrios Karkoulis            Peter Kasson                Jiri Kraus        
      Carsten Kutzner              Per Larsson              Justin A. Lemkul     
       Viveca Lindahl            Magnus Lundborg             Erik Marklund       
        Pascal Merz             Pieter Meulenhoff            Teemu Murtola       
        Szilard Pall               Sander Pronk              Roland Schulz       
       Michael Shirts            Alexey Shvetsov             Alfons Sijbers      
       Peter Tieleman              Jon Vincent              Teemu Virolainen     
     Christian Wennberg            Maarten Wolf              Artem Zhmurov       
                           and the project leaders:
        Mark Abraham, Berk Hess, Erik Lindahl, and David van der Spoel

Copyright (c) 1991-2000, University of Groningen, The Netherlands.
Copyright (c) 2001-2019, The GROMACS development team at
Uppsala University, Stockholm University and
the Royal Institute of Technology, Sweden.
check out http://www.gromacs.org for more information.

GROMACS is free software; you can redistribute it and/or modify it
under the terms of the GNU Lesser General Public License
as published by the Free Software Foundation; either version 2.1
of the License, or (at your option) any later version.

GROMACS:      gmx mdrun, version 2021.4
Executable:   /data2/APPLI/packages/gromacs/intel/2021.4/single/bin/gmx_mpi
Data prefix:  /data2/APPLI/packages/gromacs/intel/2021.4/single
Working dir:  /data7/maruyama/ermod_GROMACS_example
Process ID:   3526589
Command line:
  gmx_mpi mdrun -s solution_run.tpr -o solution_run.trr -x solution_run.xtc -e solution_run.edr -g solution_run.log -c solution_run.gro

GROMACS version:    2021.4
Precision:          mixed
Memory model:       64 bit
MPI library:        MPI
OpenMP support:     enabled (GMX_OPENMP_MAX_THREADS = 64)
GPU support:        disabled
SIMD instructions:  AVX_512
FFT library:        Intel MKL
RDTSCP usage:       enabled
TNG support:        enabled
Hwloc support:      disabled
Tracing support:    disabled
C compiler:         /opt/intel/oneapi/mpi/2021.2.0/bin/mpiicc Intel 2021.2.0.20210228
C compiler flags:   -xCORE-AVX512 -qopt-zmm-usage=high -mkl=sequential -std=gnu99 -ip -funroll-all-loops -alias-const -ansi-alias -no-prec-div -fimf-domain-exclusion=14 -qoverride-limits -O3 -DNDEBUG
C++ compiler:       /opt/intel/oneapi/mpi/2021.2.0/bin/mpiicpc Intel 2021.2.0.20210228
C++ compiler flags: -xCORE-AVX512 -qopt-zmm-usage=high -mkl=sequential -ip -funroll-all-loops -alias-const -ansi-alias -no-prec-div -fimf-domain-exclusion=14 -qoverride-limits -qopenmp -O3 -DNDEBUG


Running on 1 node with total 28 cores, 28 logical cores
Hardware detected on host oz01 (the node of MPI rank 0):
  CPU info:
    Vendor: Intel
    Brand:  Intel(R) Xeon(R) Gold 6258R CPU @ 2.70GHz
    Family: 6   Model: 85   Stepping: 7
    Features: aes apic avx avx2 avx512f avx512cd avx512bw avx512vl avx512secondFMA clfsh cmov cx8 cx16 f16c fma htt intel lahf mmx msr nonstop_tsc pcid pclmuldq pdcm pdpe1gb popcnt pse rdrnd rdtscp sse2 sse3 sse4.1 sse4.2 ssse3 tdt x2apic
    Number of AVX-512 FMA units: 2
  Hardware topology: Basic
    Sockets, cores, and logical processors:
      Socket  0: [   0] [   1] [   2] [   3] [   4] [   5] [   6] [   7] [   8] [   9] [  10] [  11] [  12] [  13] [  14] [  15] [  16] [  17] [  18] [  19] [  20] [  21] [  22] [  23] [  24] [  25] [  26] [  27]


++++ PLEASE READ AND CITE THE FOLLOWING REFERENCE ++++
M. J. Abraham, T. Murtola, R. Schulz, S. Pall, J. C. Smith, B. Hess, E.
Lindahl
GROMACS: High performance molecular simulations through multi-level
parallelism from laptops to supercomputers
SoftwareX 1 (2015) pp. 19-25
-------- -------- --- Thank You --- -------- --------


++++ PLEASE READ AND CITE THE FOLLOWING REFERENCE ++++
S. Pall, M. J. Abraham, C. Kutzner, B. Hess, E. Lindahl
Tackling Exascale Software Challenges in Molecular Dynamics Simulations with
GROMACS
In S. Markidis & E. Laure (Eds.), Solving Software Challenges for Exascale 8759 (2015) pp. 3-27
-------- -------- --- Thank You --- -------- --------


++++ PLEASE READ AND CITE THE FOLLOWING REFERENCE ++++
S. Pronk, S. Pall, R. Schulz, P. Larsson, P. Bjelkmar, R. Apostolov, M. R.
Shirts, J. C. Smith, P. M. Kasson, D. van der Spoel, B. Hess, and E. Lindahl
GROMACS 4.5: a high-throughput and highly parallel open source molecular
simulation toolkit
Bioinformatics 29 (2013) pp. 845-54
-------- -------- --- Thank You --- -------- --------


++++ PLEASE READ AND CITE THE FOLLOWING REFERENCE ++++
B. Hess and C. Kutzner and D. van der Spoel and E. Lindahl
GROMACS 4: Algorithms for highly efficient, load-balanced, and scalable
molecular simulation
J. Chem. Theory Comput. 4 (2008) pp. 435-447
-------- -------- --- Thank You --- -------- --------


++++ PLEASE READ AND CITE THE FOLLOWING REFERENCE ++++
D. van der Spoel, E. Lindahl, B. Hess, G. Groenhof, A. E. Mark and H. J. C.
Berendsen
GROMACS: Fast, Flexible and Free
J. Comp. Chem. 26 (2005) pp. 1701-1719
-------- -------- --- Thank You --- -------- --------


++++ PLEASE READ AND CITE THE FOLLOWING REFERENCE ++++
E. Lindahl and B. Hess and D. van der Spoel
GROMACS 3.0: A package for molecular simulation and trajectory analysis
J. Mol. Mod. 7 (2001) pp. 306-317
-------- -------- --- Thank You --- -------- --------


++++ PLEASE READ AND CITE THE FOLLOWING REFERENCE ++++
H. J. C. Berendsen, D. van der Spoel and R. van Drunen
GROMACS: A message-passing parallel molecular dynamics implementation
Comp. Phys. Comm. 91 (1995) pp. 43-56
-------- -------- --- Thank You --- -------- --------


++++ PLEASE CITE THE DOI FOR THIS VERSION OF GROMACS ++++
https://doi.org/10.5281/zenodo.5636567
-------- -------- --- Thank You --- -------- --------

Input Parameters:
   integrator                     = md
   tinit                          = 0
   dt                             = 0.002
   nsteps                         = 50000
   init-step                      = 0
   simulation-part                = 1
   mts                            = false
   comm-mode                      = Linear
   nstcomm                        = 100
   bd-fric                        = 0
   ld-seed                        = 2057043939
   emtol                          = 10
   emstep                         = 0.01
   niter                          = 20
   fcstep                         = 0
   nstcgsteep                     = 1000
   nbfgscorr                      = 10
   rtpi                           = 0.05
   nstxout                        = 0
   nstvout                        = 0
   nstfout                        = 0
   nstlog                         = 1000
   nstcalcenergy                  = 100
   nstenergy                      = 1000
   nstxout-compressed             = 5
   compressed-x-precision         = 1000
   cutoff-scheme                  = Verlet
   nstlist                        = 10
   pbc                            = xyz
   periodic-molecules             = false
   verlet-buffer-tolerance        = 0.005
   rlist                          = 1.2
   coulombtype                    = PME
   coulomb-modifier               = Potential-shift
   rcoulomb-switch                = 0
   rcoulomb                       = 1.2
   epsilon-r                      = 1
   epsilon-rf                     = inf
   vdw-type                       = Cut-off
   vdw-modifier                   = Potential-switch
   rvdw-switch                    = 1
   rvdw                           = 1.2
   DispCorr                       = No
   table-extension                = 1
   fourierspacing                 = 0
   fourier-nx                     = 32
   fourier-ny                     = 32
   fourier-nz                     = 32
   pme-order                      = 6
   ewald-rtol                     = 1e-05
   ewald-rtol-lj                  = 0.001
   lj-pme-comb-rule               = Geometric
   ewald-geometry                 = 0
   epsilon-surface                = 0
   tcoupl                         = V-rescale
   nsttcouple                     = 10
   nh-chain-length                = 0
   print-nose-hoover-chain-variables = false
   pcoupl                         = C-rescale
   pcoupltype                     = Isotropic
   nstpcouple                     = 10
   tau-p                          = 1
   compressibility (3x3):
      compressibility[    0]={ 4.50000e-05,  0.00000e+00,  0.00000e+00}
      compressibility[    1]={ 0.00000e+00,  4.50000e-05,  0.00000e+00}
      compressibility[    2]={ 0.00000e+00,  0.00000e+00,  4.50000e-05}
   ref-p (3x3):
      ref-p[    0]={ 1.00000e+00,  0.00000e+00,  0.00000e+00}
      ref-p[    1]={ 0.00000e+00,  1.00000e+00,  0.00000e+00}
      ref-p[    2]={ 0.00000e+00,  0.00000e+00,  1.00000e+00}
   refcoord-scaling               = No
   posres-com (3):
      posres-com[0]= 0.00000e+00
      posres-com[1]= 0.00000e+00
      posres-com[2]= 0.00000e+00
   posres-comB (3):
      posres-comB[0]= 0.00000e+00
      posres-comB[1]= 0.00000e+00
      posres-comB[2]= 0.00000e+00
   QMMM                           = false
qm-opts:
   ngQM                           = 0
   constraint-algorithm           = Lincs
   continuation                   = false
   Shake-SOR                      = false
   shake-tol                      = 0.0001
   lincs-order                    = 4
   lincs-iter                     = 1
   lincs-warnangle                = 30
   nwall                          = 0
   wall-type                      = 9-3
   wall-r-linpot                  = -1
   wall-atomtype[0]               = -1
   wall-atomtype[1]               = -1
   wall-density[0]                = 0
   wall-density[1]                = 0
   wall-ewald-zfac                = 3
   pull                           = false
   awh                            = false
   rotation                       = false
   interactiveMD                  = false
   disre                          = No
   disre-weighting                = Conservative
   disre-mixed                    = false
   dr-fc                          = 1000
   dr-tau                         = 0
   nstdisreout                    = 100
   orire-fc                       = 0
   orire-tau                      = 0
   nstorireout                    = 100
   free-energy                    = no
   cos-acceleration               = 0
   deform (3x3):
      deform[    0]={ 0.00000e+00,  0.00000e+00,  0.00000e+00}
      deform[    1]={ 0.00000e+00,  0.00000e+00,  0.00000e+00}
      deform[    2]={ 0.00000e+00,  0.00000e+00,  0.00000e+00}
   simulated-tempering            = false
   swapcoords                     = no
   userint1                       = 0
   userint2                       = 0
   userint3                       = 0
   userint4                       = 0
   userreal1                      = 0
   userreal2                      = 0
   userreal3                      = 0
   userreal4                      = 0
   applied-forces:
     electric-field:
       x:
         E0                       = 0
         omega                    = 0
         t0                       = 0
         sigma                    = 0
       y:
         E0                       = 0
         omega                    = 0
         t0                       = 0
         sigma                    = 0
       z:
         E0                       = 0
         omega                    = 0
         t0                       = 0
         sigma                    = 0
     density-guided-simulation:
       active                     = false
       group                      = protein
       similarity-measure         = inner-product
       atom-spreading-weight      = unity
       force-constant             = 1e+09
       gaussian-transform-spreading-width = 0.2
       gaussian-transform-spreading-range-in-multiples-of-width = 4
       reference-density-filename = reference.mrc
       nst                        = 1
       normalize-densities        = true
       adaptive-force-scaling     = false
       adaptive-force-scaling-time-constant = 4
       shift-vector               = 
       transformation-matrix      = 
grpopts:
   nrdf:        6016
   ref-t:         300
   tau-t:           1
annealing:          No
annealing-npoints:           0
   acc:	           0           0           0
   nfreeze:           N           N           N
   energygrp-flags[  0]: 0

Changing nstlist from 10 to 80, rlist from 1.2 to 1.332


Initializing Domain Decomposition on 16 ranks
Dynamic load balancing: auto
Minimum cell size due to atom displacement: 0.583 nm
Initial maximum distances in bonded interactions:
    two-body bonded interactions: 0.338 nm, LJ-14, atoms 4 8
  multi-body bonded interactions: 0.338 nm, Ryckaert-Bell., atoms 4 8
Minimum cell size due to bonded interactions: 0.372 nm
Maximum distance for 5 constraints, at 120 deg. angles, all-trans: 0.497 nm
Estimated maximum distance required for P-LINCS: 0.497 nm
Scaling the initial minimum size with 1/0.8 (option -dds) = 1.25
Using 0 separate PME ranks, as there are too few total
 ranks for efficient splitting
Optimizing the DD grid for 16 cells with a minimum initial size of 0.729 nm
The maximum allowed number of cells is: X 4 Y 4 Z 4
Domain decomposition grid 4 x 4 x 1, separate PME ranks 0
PME domain decomposition: 4 x 4 x 1
Domain decomposition rank 0, coordinates 0 0 0

The initial number of communication pulses is: X 2 Y 2
The initial domain decomposition cell size is: X 0.78 nm Y 0.78 nm

The maximum allowed distance for atoms involved in interactions is:
                 non-bonded interactions           1.332 nm
(the following are initial values, they could change due to box deformation)
            two-body bonded interactions  (-rdd)   1.332 nm
          multi-body bonded interactions  (-rdd)   0.782 nm
  atoms separated by up to 5 constraints  (-rcon)  0.782 nm

When dynamic load balancing gets turned on, these settings will change to:
The maximum number of communication pulses is: X 3 Y 3
The minimum size for domain decomposition cells is 0.583 nm
The requested allowed shrink of DD cells (option -dds) is: 0.80
The allowed shrink of domain decomposition cells is: X 0.75 Y 0.75
The maximum allowed distance for atoms involved in interactions is:
                 non-bonded interactions           1.332 nm
            two-body bonded interactions  (-rdd)   1.332 nm
          multi-body bonded interactions  (-rdd)   0.583 nm
  atoms separated by up to 5 constraints  (-rcon)  0.583 nm

Using 16 MPI processes

Non-default thread affinity set, disabling internal thread affinity

Using 1 OpenMP thread per MPI process

System total charge: -0.000
Will do PME sum in reciprocal space for electrostatic interactions.

++++ PLEASE READ AND CITE THE FOLLOWING REFERENCE ++++
U. Essmann, L. Perera, M. L. Berkowitz, T. Darden, H. Lee and L. G. Pedersen 
A smooth particle mesh Ewald method
J. Chem. Phys. 103 (1995) pp. 8577-8592
-------- -------- --- Thank You --- -------- --------

Using a Gaussian width (1/beta) of 0.384195 nm for Ewald
Potential shift: LJ r^-12: 0.000e+00 r^-6: 0.000e+00, Ewald -8.333e-06
Initialized non-bonded Ewald tables, spacing: 1.02e-03 size: 1176

Generated table with 1166 data points for 1-4 COUL.
Tabscale = 500 points/nm
Generated table with 1166 data points for 1-4 LJ6.
Tabscale = 500 points/nm
Generated table with 1166 data points for 1-4 LJ12.
Tabscale = 500 points/nm


Using SIMD 4x8 nonbonded short-range kernels

Using a dual 4x8 pair-list setup updated with dynamic pruning:
  outer list: updated every 80 steps, buffer 0.132 nm, rlist 1.332 nm
  inner list: updated every 12 steps, buffer 0.001 nm, rlist 1.201 nm
At tolerance 0.005 kJ/mol/ps per atom, equivalent classical 1x1 list would be:
  outer list: updated every 80 steps, buffer 0.280 nm, rlist 1.480 nm
  inner list: updated every 12 steps, buffer 0.047 nm, rlist 1.247 nm
Removing pbc first time

Initializing Parallel LINear Constraint Solver

++++ PLEASE READ AND CITE THE FOLLOWING REFERENCE ++++
B. Hess
P-LINCS: A Parallel Linear Constraint Solver for molecular simulation
J. Chem. Theory Comput. 4 (2008) pp. 116-122
-------- -------- --- Thank You --- -------- --------

The number of constraints is 8
There are constraints between atoms in different decomposition domains,
will communicate selected coordinates each lincs iteration

++++ PLEASE READ AND CITE THE FOLLOWING REFERENCE ++++
S. Miyamoto and P. A. Kollman
SETTLE: An Analytical Version of the SHAKE and RATTLE Algorithms for Rigid
Water Models
J. Comp. Chem. 13 (1992) pp. 952-962
-------- -------- --- Thank You --- -------- --------


Linking all bonded interactions to atoms


Intra-simulation communication will occur every 10 steps.

++++ PLEASE READ AND CITE THE FOLLOWING REFERENCE ++++
G. Bussi, D. Donadio and M. Parrinello
Canonical sampling through velocity rescaling
J. Chem. Phys. 126 (2007) pp. 014101
-------- -------- --- Thank You --- -------- --------


++++ PLEASE READ AND CITE THE FOLLOWING REFERENCE ++++
M. Bernetti, G. Bussi
Pressure control using stochastic cell rescaling
J. Chem. Phys. 153 (2020) pp. 114107
-------- -------- --- Thank You --- -------- --------

There are: 3009 Atoms
Atom distribution over 16 domains: av 188 stddev 9 min 173 max 196

Constraining the starting coordinates (step 0)

Constraining the coordinates at t0-dt (step 0)
Center of mass motion removal mode is Linear
We have the following groups for center of mass motion removal:
  0:  rest
RMS relative constraint deviation after constraining: 0.00e+00
Initial temperature: 306.84 K

Started mdrun on rank 0 Mon Dec  9 20:04:03 2024

           Step           Time
              0        0.00000

   Energies (kJ/mol)
          Angle Ryckaert-Bell.          LJ-14     Coulomb-14        LJ (SR)
    1.74945e+01    4.16551e+00   -1.29474e-01   -2.63885e+01    9.15974e+03
   Coulomb (SR)   Coul. recip.      Potential    Kinetic En.   Total Energy
   -5.61232e+04    1.32934e+02   -4.68354e+04    7.70302e+03   -3.91323e+04
  Conserved En.    Temperature Pressure (bar)   Constr. rmsd
   -3.91381e+04    3.07999e+02    1.70046e+01    1.70078e-06


DD  step 79 load imb.: force  4.3%

step 160 Turning on dynamic load balancing, because the performance loss due to load imbalance is 2.0 %.
           Step           Time
           1000        2.00000

   Energies (kJ/mol)
          Angle Ryckaert-Bell.          LJ-14     Coulomb-14        LJ (SR)
    7.60115e+00   -2.89576e+00    3.13187e-01   -3.06538e+01    8.84025e+03
   Coulomb (SR)   Coul. recip.      Potential    Kinetic En.   Total Energy
   -5.51566e+04    1.24459e+02   -4.62176e+04    7.54495e+03   -3.86726e+04
  Conserved En.    Temperature Pressure (bar)   Constr. rmsd
   -3.90453e+04    3.01678e+02    1.09462e+02    5.12173e-06


DD  step 1999  vol min/aver 0.949  load imb.: force  4.6%
           Step           Time
           2000        4.00000

   Energies (kJ/mol)
          Angle Ryckaert-Bell.          LJ-14     Coulomb-14        LJ (SR)
    2.73463e+01    6.86981e+00    1.99587e+00   -2.55700e+01    9.26859e+03
   Coulomb (SR)   Coul. recip.      Potential    Kinetic En.   Total Energy
   -5.58922e+04    1.34573e+02   -4.64783e+04    7.58282e+03   -3.88955e+04
  Conserved En.    Temperature Pressure (bar)   Constr. rmsd
   -3.89442e+04    3.03193e+02    7.66045e+02    8.62354e-07

           Step           Time
           3000        6.00000

   Energies (kJ/mol)
          Angle Ryckaert-Bell.          LJ-14     Coulomb-14        LJ (SR)
    2.15606e+01    3.81077e+00    1.07216e+00   -2.68009e+01    9.15235e+03
   Coulomb (SR)   Coul. recip.      Potential    Kinetic En.   Total Energy
   -5.57353e+04    1.22868e+02   -4.64604e+04    7.79133e+03   -3.86691e+04
  Conserved En.    Temperature Pressure (bar)   Constr. rmsd
   -3.89649e+04    3.11530e+02    4.27155e+02    2.72558e-06


DD  step 3999  vol min/aver 0.940  load imb.: force  3.5%
           Step           Time
           4000        8.00000

   Energies (kJ/mol)
          Angle Ryckaert-Bell.          LJ-14     Coulomb-14        LJ (SR)
    1.90946e+01    2.42427e+00   -7.05549e-02   -2.52325e+01    8.88992e+03
   Coulomb (SR)   Coul. recip.      Potential    Kinetic En.   Total Energy
   -5.51418e+04    1.31959e+02   -4.61237e+04    7.60334e+03   -3.85203e+04
  Conserved En.    Temperature Pressure (bar)   Constr. rmsd
   -3.88647e+04    3.04013e+02    3.43354e+02    5.31291e-06

           Step           Time
           5000       10.00000

   Energies (kJ/mol)
          Angle Ryckaert-Bell.          LJ-14     Coulomb-14        LJ (SR)
    1.22030e+01    4.51594e+00   -2.36052e-01   -2.40413e+01    8.63519e+03
   Coulomb (SR)   Coul. recip.      Potential    Kinetic En.   Total Energy
   -5.48965e+04    1.17564e+02   -4.61513e+04    7.86359e+03   -3.82877e+04
  Conserved En.    Temperature Pressure (bar)   Constr. rmsd
   -3.89139e+04    3.14419e+02   -1.62911e+02    6.29665e-06


DD  step 5999  vol min/aver 0.937  load imb.: force  5.8%
           Step           Time
           6000       12.00000

   Energies (kJ/mol)
          Angle Ryckaert-Bell.          LJ-14     Coulomb-14        LJ (SR)
    2.53834e+01    7.72266e+00    5.19130e-01   -2.43421e+01    8.53858e+03
   Coulomb (SR)   Coul. recip.      Potential    Kinetic En.   Total Energy
   -5.50741e+04    1.35859e+02   -4.63904e+04    7.37219e+03   -3.90182e+04
  Conserved En.    Temperature Pressure (bar)   Constr. rmsd
   -3.88778e+04    2.94771e+02   -4.73891e+02    4.54459e-06

           Step           Time
           7000       14.00000

   Energies (kJ/mol)
          Angle Ryckaert-Bell.          LJ-14     Coulomb-14        LJ (SR)
    1.53467e+01    7.31832e+00    6.33835e-02   -2.34025e+01    9.16408e+03
   Coulomb (SR)   Coul. recip.      Potential    Kinetic En.   Total Energy
   -5.59246e+04    1.24021e+02   -4.66372e+04    7.56878e+03   -3.90684e+04
  Conserved En.    Temperature Pressure (bar)   Constr. rmsd
   -3.88371e+04    3.02631e+02    2.42670e+02    1.01110e-05


DD  step 7999  vol min/aver 0.943  load imb.: force  7.5%
           Step           Time
           8000       16.00000

   Energies (kJ/mol)
          Angle Ryckaert-Bell.          LJ-14     Coulomb-14        LJ (SR)
    1.44397e+01    7.36813e-01    4.93939e-01   -2.57397e+01    8.71291e+03
   Coulomb (SR)   Coul. recip.      Potential    Kinetic En.   Total Energy
   -5.54327e+04    1.20616e+02   -4.66092e+04    7.55660e+03   -3.90526e+04
  Conserved En.    Temperature Pressure (bar)   Constr. rmsd
   -3.86941e+04    3.02144e+02   -7.52424e+01    2.38535e-06

           Step           Time
           9000       18.00000

   Energies (kJ/mol)
          Angle Ryckaert-Bell.          LJ-14     Coulomb-14        LJ (SR)
    1.27030e+01   -1.53497e+00   -3.63298e-01   -2.97852e+01    8.91063e+03
   Coulomb (SR)   Coul. recip.      Potential    Kinetic En.   Total Energy
   -5.56794e+04    1.16755e+02   -4.66710e+04    7.66943e+03   -3.90015e+04
  Conserved En.    Temperature Pressure (bar)   Constr. rmsd
   -3.87175e+04    3.06656e+02    7.50365e+00    3.57734e-06


DD  step 9999  vol min/aver 0.945  load imb.: force  5.4%
           Step           Time
          10000       20.00000

   Energies (kJ/mol)
          Angle Ryckaert-Bell.          LJ-14     Coulomb-14        LJ (SR)
    7.38211e+00   -6.80617e-01   -1.15378e-01   -3.26582e+01    9.47854e+03
   Coulomb (SR)   Coul. recip.      Potential    Kinetic En.   Total Energy
   -5.59482e+04    1.34534e+02   -4.63612e+04    7.40939e+03   -3.89518e+04
  Conserved En.    Temperature Pressure (bar)   Constr. rmsd
   -3.86872e+04    2.96258e+02    1.16361e+03    2.64895e-06

           Step           Time
          11000       22.00000

   Energies (kJ/mol)
          Angle Ryckaert-Bell.          LJ-14     Coulomb-14        LJ (SR)
    1.03531e+01   -1.86170e+00   -1.26230e-01   -2.91759e+01    8.87147e+03
   Coulomb (SR)   Coul. recip.      Potential    Kinetic En.   Total Energy
   -5.55692e+04    1.46219e+02   -4.65723e+04    7.54542e+03   -3.90269e+04
  Conserved En.    Temperature Pressure (bar)   Constr. rmsd
   -3.87277e+04    3.01697e+02   -2.61317e+02    2.22150e-06


DD  step 11999  vol min/aver 0.916  load imb.: force  6.0%
           Step           Time
          12000       24.00000

   Energies (kJ/mol)
          Angle Ryckaert-Bell.          LJ-14     Coulomb-14        LJ (SR)
    9.30488e+00   -2.71869e+00   -3.66001e-01   -2.84347e+01    9.11314e+03
   Coulomb (SR)   Coul. recip.      Potential    Kinetic En.   Total Energy
   -5.55412e+04    1.25220e+02   -4.63250e+04    7.42027e+03   -3.89047e+04
  Conserved En.    Temperature Pressure (bar)   Constr. rmsd
   -3.87172e+04    2.96693e+02    3.61165e+02    2.09206e-06

           Step           Time
          13000       26.00000

   Energies (kJ/mol)
          Angle Ryckaert-Bell.          LJ-14     Coulomb-14        LJ (SR)
    9.65333e+00   -7.11061e-01    5.36046e-01   -2.92098e+01    9.02589e+03
   Coulomb (SR)   Coul. recip.      Potential    Kinetic En.   Total Energy
   -5.58737e+04    1.28881e+02   -4.67387e+04    7.66455e+03   -3.90741e+04
  Conserved En.    Temperature Pressure (bar)   Constr. rmsd
   -3.86431e+04    3.06461e+02    1.14185e+02    1.55715e-06


DD  step 13999  vol min/aver 0.939  load imb.: force  5.7%
           Step           Time
          14000       28.00000

   Energies (kJ/mol)
          Angle Ryckaert-Bell.          LJ-14     Coulomb-14        LJ (SR)
    7.60790e+00    1.78687e+00    1.25953e-02   -2.77259e+01    9.07917e+03
   Coulomb (SR)   Coul. recip.      Potential    Kinetic En.   Total Energy
   -5.58633e+04    1.17195e+02   -4.66852e+04    7.34767e+03   -3.93376e+04
  Conserved En.    Temperature Pressure (bar)   Constr. rmsd
   -3.85632e+04    2.93790e+02    2.76411e+02    1.29446e-06

           Step           Time
          15000       30.00000

   Energies (kJ/mol)
          Angle Ryckaert-Bell.          LJ-14     Coulomb-14        LJ (SR)
    5.03334e+00   -2.10823e+00   -1.81641e-01   -2.87122e+01    9.06465e+03
   Coulomb (SR)   Coul. recip.      Potential    Kinetic En.   Total Energy
   -5.59516e+04    1.24099e+02   -4.67889e+04    7.42055e+03   -3.93683e+04
  Conserved En.    Temperature Pressure (bar)   Constr. rmsd
   -3.85460e+04    2.96705e+02    7.09002e+01    3.25348e-06


DD  step 15999  vol min/aver 0.944  load imb.: force  5.6%
           Step           Time
          16000       32.00000

   Energies (kJ/mol)
          Angle Ryckaert-Bell.          LJ-14     Coulomb-14        LJ (SR)
    1.53734e+01   -5.80285e-01   -2.17132e-01   -2.83265e+01    9.39689e+03
   Coulomb (SR)   Coul. recip.      Potential    Kinetic En.   Total Energy
   -5.66115e+04    1.23262e+02   -4.71051e+04    7.62406e+03   -3.94811e+04
  Conserved En.    Temperature Pressure (bar)   Constr. rmsd
   -3.85183e+04    3.04842e+02    4.81189e+02    1.50746e-06

           Step           Time
          17000       34.00000

   Energies (kJ/mol)
          Angle Ryckaert-Bell.          LJ-14     Coulomb-14        LJ (SR)
    1.12406e+01    1.98659e+00    2.82029e-01   -2.85909e+01    8.83521e+03
   Coulomb (SR)   Coul. recip.      Potential    Kinetic En.   Total Energy
   -5.58556e+04    1.33951e+02   -4.69015e+04    7.39659e+03   -3.95049e+04
  Conserved En.    Temperature Pressure (bar)   Constr. rmsd
   -3.84442e+04    2.95746e+02   -2.70845e+02    1.83560e-06


DD  step 17999  vol min/aver 0.943  load imb.: force  5.0%
           Step           Time
          18000       36.00000

   Energies (kJ/mol)
          Angle Ryckaert-Bell.          LJ-14     Coulomb-14        LJ (SR)
    1.76813e+01    6.20183e-01    1.77781e+00   -2.59257e+01    8.88198e+03
   Coulomb (SR)   Coul. recip.      Potential    Kinetic En.   Total Energy
   -5.58172e+04    1.25131e+02   -4.68160e+04    7.50638e+03   -3.93096e+04
  Conserved En.    Temperature Pressure (bar)   Constr. rmsd
   -3.84619e+04    3.00136e+02   -1.76251e+02    1.42948e-06

           Step           Time
          19000       38.00000

   Energies (kJ/mol)
          Angle Ryckaert-Bell.          LJ-14     Coulomb-14        LJ (SR)
    1.28630e+01   -2.29465e+00   -4.22466e-02   -3.11398e+01    9.00473e+03
   Coulomb (SR)   Coul. recip.      Potential    Kinetic En.   Total Energy
   -5.61047e+04    1.18103e+02   -4.70024e+04    7.47217e+03   -3.95303e+04
  Conserved En.    Temperature Pressure (bar)   Constr. rmsd
   -3.84192e+04    2.98769e+02   -1.52858e+02    4.45565e-06


DD  step 19999  vol min/aver 0.917  load imb.: force  6.6%
           Step           Time
          20000       40.00000

   Energies (kJ/mol)
          Angle Ryckaert-Bell.          LJ-14     Coulomb-14        LJ (SR)
    1.77771e+01   -2.08473e+00   -1.59492e-01   -2.93387e+01    9.18436e+03
   Coulomb (SR)   Coul. recip.      Potential    Kinetic En.   Total Energy
   -5.60113e+04    1.52314e+02   -4.66884e+04    7.45764e+03   -3.92307e+04
  Conserved En.    Temperature Pressure (bar)   Constr. rmsd
   -3.83824e+04    2.98188e+02    5.03426e+02    6.48348e-06

           Step           Time
          21000       42.00000

   Energies (kJ/mol)
          Angle Ryckaert-Bell.          LJ-14     Coulomb-14        LJ (SR)
    1.75625e+01    3.17897e+00    3.91728e-02   -3.34046e+01    9.24140e+03
   Coulomb (SR)   Coul. recip.      Potential    Kinetic En.   Total Energy
   -5.60997e+04    1.19502e+02   -4.67514e+04    7.53019e+03   -3.92212e+04
  Conserved En.    Temperature Pressure (bar)   Constr. rmsd
   -3.83318e+04    3.01088e+02    5.56191e+02    1.60456e-06


DD  step 21999  vol min/aver 0.941  load imb.: force  4.1%
           Step           Time
          22000       44.00000

   Energies (kJ/mol)
          Angle Ryckaert-Bell.          LJ-14     Coulomb-14        LJ (SR)
    1.67719e+01   -9.46472e-01    3.20291e-01   -2.71814e+01    8.96997e+03
   Coulomb (SR)   Coul. recip.      Potential    Kinetic En.   Total Energy
   -5.55627e+04    1.31574e+02   -4.64722e+04    7.55284e+03   -3.89194e+04
  Conserved En.    Temperature Pressure (bar)   Constr. rmsd
   -3.82879e+04    3.01994e+02    3.35360e+02    2.01194e-06

           Step           Time
          23000       46.00000

   Energies (kJ/mol)
          Angle Ryckaert-Bell.          LJ-14     Coulomb-14        LJ (SR)
    1.00701e+01   -1.53805e+00    3.68471e-01   -2.89172e+01    8.80824e+03
   Coulomb (SR)   Coul. recip.      Potential    Kinetic En.   Total Energy
   -5.53352e+04    1.33973e+02   -4.64130e+04    7.79442e+03   -3.86186e+04
  Conserved En.    Temperature Pressure (bar)   Constr. rmsd
   -3.83123e+04    3.11653e+02    1.91398e+01    1.51762e-06


DD  step 23999  vol min/aver 0.916  load imb.: force  4.5%
           Step           Time
          24000       48.00000

   Energies (kJ/mol)
          Angle Ryckaert-Bell.          LJ-14     Coulomb-14        LJ (SR)
    1.05391e+01   -3.65389e-01    7.07939e-01   -2.96312e+01    8.55871e+03
   Coulomb (SR)   Coul. recip.      Potential    Kinetic En.   Total Energy
   -5.48851e+04    1.31553e+02   -4.62136e+04    7.60882e+03   -3.86048e+04
  Conserved En.    Temperature Pressure (bar)   Constr. rmsd
   -3.83217e+04    3.04232e+02   -5.28566e+02    2.27557e-06

           Step           Time
          25000       50.00000

   Energies (kJ/mol)
          Angle Ryckaert-Bell.          LJ-14     Coulomb-14        LJ (SR)
    1.35587e+01   -1.37219e+00   -1.08640e-01   -2.94967e+01    9.02362e+03
   Coulomb (SR)   Coul. recip.      Potential    Kinetic En.   Total Energy
   -5.58803e+04    1.40458e+02   -4.67336e+04    7.74254e+03   -3.89911e+04
  Conserved En.    Temperature Pressure (bar)   Constr. rmsd
   -3.82208e+04    3.09579e+02    1.63877e+02    3.23023e-06


DD  step 25999  vol min/aver 0.926  load imb.: force  4.7%
           Step           Time
          26000       52.00000

   Energies (kJ/mol)
          Angle Ryckaert-Bell.          LJ-14     Coulomb-14        LJ (SR)
    1.66354e+01   -1.62822e+00    5.18880e-01   -3.02175e+01    8.94764e+03
   Coulomb (SR)   Coul. recip.      Potential    Kinetic En.   Total Energy
   -5.56627e+04    1.14583e+02   -4.66151e+04    7.40491e+03   -3.92102e+04
  Conserved En.    Temperature Pressure (bar)   Constr. rmsd
   -3.82201e+04    2.96079e+02   -1.39484e+02    1.82600e-06

           Step           Time
          27000       54.00000

   Energies (kJ/mol)
          Angle Ryckaert-Bell.          LJ-14     Coulomb-14        LJ (SR)
    1.73919e+01   -2.62946e+00    2.98947e-01   -2.95405e+01    9.37882e+03
   Coulomb (SR)   Coul. recip.      Potential    Kinetic En.   Total Energy
   -5.64464e+04    1.25223e+02   -4.69568e+04    7.42063e+03   -3.95362e+04
  Conserved En.    Temperature Pressure (bar)   Constr. rmsd
   -3.81257e+04    2.96707e+02    5.73067e+02    4.27884e-06


DD  step 27999  vol min/aver 0.949  load imb.: force  6.0%
           Step           Time
          28000       56.00000

   Energies (kJ/mol)
          Angle Ryckaert-Bell.          LJ-14     Coulomb-14        LJ (SR)
    1.28865e+01    7.42550e+00    3.28818e-02   -2.58817e+01    9.07371e+03
   Coulomb (SR)   Coul. recip.      Potential    Kinetic En.   Total Energy
   -5.60200e+04    1.19499e+02   -4.68323e+04    7.41106e+03   -3.94212e+04
  Conserved En.    Temperature Pressure (bar)   Constr. rmsd
   -3.81173e+04    2.96325e+02    7.35685e+01    2.11387e-06

           Step           Time
          29000       58.00000

   Energies (kJ/mol)
          Angle Ryckaert-Bell.          LJ-14     Coulomb-14        LJ (SR)
    7.72367e+00   -2.91016e+00    1.39982e+00   -3.28858e+01    8.94995e+03
   Coulomb (SR)   Coul. recip.      Potential    Kinetic En.   Total Energy
   -5.55496e+04    1.20714e+02   -4.65056e+04    7.42793e+03   -3.90776e+04
  Conserved En.    Temperature Pressure (bar)   Constr. rmsd
   -3.80862e+04    2.97000e+02    5.79582e+01    2.59197e-06


DD  step 29999  vol min/aver 0.954  load imb.: force  6.2%
           Step           Time
          30000       60.00000

   Energies (kJ/mol)
          Angle Ryckaert-Bell.          LJ-14     Coulomb-14        LJ (SR)
    1.01895e+01    8.61590e-01    2.26882e-01   -2.97931e+01    9.01918e+03
   Coulomb (SR)   Coul. recip.      Potential    Kinetic En.   Total Energy
   -5.57663e+04    1.32257e+02   -4.66333e+04    7.46905e+03   -3.91643e+04
  Conserved En.    Temperature Pressure (bar)   Constr. rmsd
   -3.80127e+04    2.98644e+02    2.90259e+02    3.96305e-06

           Step           Time
          31000       62.00000

   Energies (kJ/mol)
          Angle Ryckaert-Bell.          LJ-14     Coulomb-14        LJ (SR)
    1.54028e+01   -2.36405e+00    2.38315e-01   -2.89673e+01    9.20617e+03
   Coulomb (SR)   Coul. recip.      Potential    Kinetic En.   Total Energy
   -5.60430e+04    1.18565e+02   -4.67339e+04    7.68657e+03   -3.90474e+04
  Conserved En.    Temperature Pressure (bar)   Constr. rmsd
   -3.79906e+04    3.07341e+02    4.55724e+02    1.78505e-06


DD  step 31999  vol min/aver 0.947  load imb.: force  6.2%
           Step           Time
          32000       64.00000

   Energies (kJ/mol)
          Angle Ryckaert-Bell.          LJ-14     Coulomb-14        LJ (SR)
    2.29026e+01    8.14485e+00    4.03168e-02   -2.56351e+01    8.97339e+03
   Coulomb (SR)   Coul. recip.      Potential    Kinetic En.   Total Energy
   -5.57455e+04    1.25857e+02   -4.66408e+04    7.45362e+03   -3.91872e+04
  Conserved En.    Temperature Pressure (bar)   Constr. rmsd
   -3.78717e+04    2.98027e+02    2.91162e+02    1.79869e-06

           Step           Time
          33000       66.00000

   Energies (kJ/mol)
          Angle Ryckaert-Bell.          LJ-14     Coulomb-14        LJ (SR)
    1.24750e+01    3.79063e-01    1.41708e-01   -2.42491e+01    8.86453e+03
   Coulomb (SR)   Coul. recip.      Potential    Kinetic En.   Total Energy
   -5.55449e+04    1.22807e+02   -4.65689e+04    7.39398e+03   -3.91749e+04
  Conserved En.    Temperature Pressure (bar)   Constr. rmsd
   -3.78920e+04    2.95642e+02    1.36375e+02    1.61552e-06


DD  step 33999  vol min/aver 0.920  load imb.: force  5.0%
           Step           Time
          34000       68.00000

   Energies (kJ/mol)
          Angle Ryckaert-Bell.          LJ-14     Coulomb-14        LJ (SR)
    9.34843e+00   -5.10192e-01    1.34081e-01   -2.90947e+01    8.91116e+03
   Coulomb (SR)   Coul. recip.      Potential    Kinetic En.   Total Energy
   -5.61652e+04    1.56231e+02   -4.71179e+04    7.52990e+03   -3.95880e+04
  Conserved En.    Temperature Pressure (bar)   Constr. rmsd
   -3.78606e+04    3.01077e+02   -4.16809e+02    4.31969e-06

           Step           Time
          35000       70.00000

   Energies (kJ/mol)
          Angle Ryckaert-Bell.          LJ-14     Coulomb-14        LJ (SR)
    1.11284e+01   -2.41734e+00    6.55038e-01   -3.25790e+01    8.91634e+03
   Coulomb (SR)   Coul. recip.      Potential    Kinetic En.   Total Energy
   -5.58997e+04    1.34070e+02   -4.68725e+04    7.29969e+03   -3.95728e+04
  Conserved En.    Temperature Pressure (bar)   Constr. rmsd
   -3.78578e+04    2.91872e+02   -2.04671e+02    2.16781e-06


DD  step 35999  vol min/aver 0.942  load imb.: force  4.6%
           Step           Time
          36000       72.00000

   Energies (kJ/mol)
          Angle Ryckaert-Bell.          LJ-14     Coulomb-14        LJ (SR)
    5.66749e+00   -1.35266e+00    5.29483e-01   -3.12138e+01    8.70375e+03
   Coulomb (SR)   Coul. recip.      Potential    Kinetic En.   Total Energy
   -5.54597e+04    1.53723e+02   -4.66286e+04    7.40824e+03   -3.92204e+04
  Conserved En.    Temperature Pressure (bar)   Constr. rmsd
   -3.78626e+04    2.96212e+02   -4.60111e+02    2.28368e-06

           Step           Time
          37000       74.00000

   Energies (kJ/mol)
          Angle Ryckaert-Bell.          LJ-14     Coulomb-14        LJ (SR)
    7.41976e+00    4.16644e+00    1.10530e+00   -3.23984e+01    9.06564e+03
   Coulomb (SR)   Coul. recip.      Potential    Kinetic En.   Total Energy
   -5.60097e+04    1.18400e+02   -4.68454e+04    7.71409e+03   -3.91313e+04
  Conserved En.    Temperature Pressure (bar)   Constr. rmsd
   -3.77976e+04    3.08441e+02   -9.69210e+00    2.26413e-06


DD  step 37999  vol min/aver 0.954  load imb.: force  5.2%
           Step           Time
          38000       76.00000

   Energies (kJ/mol)
          Angle Ryckaert-Bell.          LJ-14     Coulomb-14        LJ (SR)
    1.53149e+01   -1.34605e+00   -1.14183e-01   -3.07209e+01    8.56145e+03
   Coulomb (SR)   Coul. recip.      Potential    Kinetic En.   Total Energy
   -5.50730e+04    1.28192e+02   -4.64002e+04    7.37867e+03   -3.90216e+04
  Conserved En.    Temperature Pressure (bar)   Constr. rmsd
   -3.77689e+04    2.95030e+02   -6.08627e+02    3.02757e-06

           Step           Time
          39000       78.00000

   Energies (kJ/mol)
          Angle Ryckaert-Bell.          LJ-14     Coulomb-14        LJ (SR)
    1.94842e+01    4.44881e-01    2.29577e-01   -2.81829e+01    8.92953e+03
   Coulomb (SR)   Coul. recip.      Potential    Kinetic En.   Total Energy
   -5.53621e+04    1.26572e+02   -4.63140e+04    7.50438e+03   -3.88096e+04
  Conserved En.    Temperature Pressure (bar)   Constr. rmsd
   -3.77702e+04    3.00056e+02    4.76917e+01    3.73929e-06


DD  step 39999  vol min/aver 0.953  load imb.: force  6.0%
           Step           Time
          40000       80.00000

   Energies (kJ/mol)
          Angle Ryckaert-Bell.          LJ-14     Coulomb-14        LJ (SR)
    1.41571e+01   -9.77356e-01    4.07481e-01   -3.09577e+01    8.98973e+03
   Coulomb (SR)   Coul. recip.      Potential    Kinetic En.   Total Energy
   -5.57618e+04    1.14824e+02   -4.66746e+04    7.53668e+03   -3.91379e+04
  Conserved En.    Temperature Pressure (bar)   Constr. rmsd
   -3.78157e+04    3.01348e+02   -1.75676e+02    3.02524e-06

           Step           Time
          41000       82.00000

   Energies (kJ/mol)
          Angle Ryckaert-Bell.          LJ-14     Coulomb-14        LJ (SR)
    1.94448e+01    1.83537e+00    1.02686e+00   -3.33289e+01    9.27898e+03
   Coulomb (SR)   Coul. recip.      Potential    Kinetic En.   Total Energy
   -5.59034e+04    1.30715e+02   -4.65047e+04    7.45833e+03   -3.90464e+04
  Conserved En.    Temperature Pressure (bar)   Constr. rmsd
   -3.77324e+04    2.98215e+02    5.41237e+02    6.83687e-06


step 41600 Turning off dynamic load balancing, because it is degrading performance.
Atom distribution over 16 domains: av 188 stddev 10 min 171 max 202

DD  step 41999 load imb.: force  5.5%
           Step           Time
          42000       84.00000

   Energies (kJ/mol)
          Angle Ryckaert-Bell.          LJ-14     Coulomb-14        LJ (SR)
    2.08009e+01    3.28305e-01    1.21583e+00   -3.03084e+01    9.17129e+03
   Coulomb (SR)   Coul. recip.      Potential    Kinetic En.   Total Energy
   -5.56650e+04    1.25901e+02   -4.63757e+04    7.44263e+03   -3.89331e+04
  Conserved En.    Temperature Pressure (bar)   Constr. rmsd
   -3.76515e+04    2.97587e+02    6.44011e+02    2.32876e-06

           Step           Time
          43000       86.00000

   Energies (kJ/mol)
          Angle Ryckaert-Bell.          LJ-14     Coulomb-14        LJ (SR)
    1.48962e+01   -2.16059e+00    3.85566e-01   -2.90944e+01    8.77556e+03
   Coulomb (SR)   Coul. recip.      Potential    Kinetic En.   Total Energy
   -5.54450e+04    1.22433e+02   -4.65630e+04    7.59476e+03   -3.89682e+04
  Conserved En.    Temperature Pressure (bar)   Constr. rmsd
   -3.76364e+04    3.03670e+02   -2.34228e+02    5.34252e-06


DD  step 43999 load imb.: force  6.3%
           Step           Time
          44000       88.00000

   Energies (kJ/mol)
          Angle Ryckaert-Bell.          LJ-14     Coulomb-14        LJ (SR)
    1.66414e+01   -7.22982e-01    5.17092e-01   -2.91643e+01    8.63756e+03
   Coulomb (SR)   Coul. recip.      Potential    Kinetic En.   Total Energy
   -5.55107e+04    1.20507e+02   -4.67654e+04    7.44301e+03   -3.93224e+04
  Conserved En.    Temperature Pressure (bar)   Constr. rmsd
   -3.75936e+04    2.97603e+02   -6.94959e+02    6.18431e-06

           Step           Time
          45000       90.00000

   Energies (kJ/mol)
          Angle Ryckaert-Bell.          LJ-14     Coulomb-14        LJ (SR)
    1.75799e+01    7.55301e+00    1.18524e+00   -2.79846e+01    9.44758e+03
   Coulomb (SR)   Coul. recip.      Potential    Kinetic En.   Total Energy
   -5.62697e+04    1.33052e+02   -4.66907e+04    7.45897e+03   -3.92317e+04
  Conserved En.    Temperature Pressure (bar)   Constr. rmsd
   -3.75472e+04    2.98241e+02    7.89614e+02    1.54181e-06


DD  step 45999 load imb.: force  7.3%
           Step           Time
          46000       92.00000

   Energies (kJ/mol)
          Angle Ryckaert-Bell.          LJ-14     Coulomb-14        LJ (SR)
    2.09601e+01    4.23254e-01    1.42808e+00   -3.25247e+01    8.72682e+03
   Coulomb (SR)   Coul. recip.      Potential    Kinetic En.   Total Energy
   -5.54986e+04    1.35283e+02   -4.66462e+04    7.56089e+03   -3.90854e+04
  Conserved En.    Temperature Pressure (bar)   Constr. rmsd
   -3.75873e+04    3.02316e+02   -5.43935e+02    2.44829e-06

           Step           Time
          47000       94.00000

   Energies (kJ/mol)
          Angle Ryckaert-Bell.          LJ-14     Coulomb-14        LJ (SR)
    1.17009e+01   -1.79606e+00    1.51966e-01   -3.11868e+01    8.86548e+03
   Coulomb (SR)   Coul. recip.      Potential    Kinetic En.   Total Energy
   -5.57859e+04    1.29162e+02   -4.68124e+04    7.64782e+03   -3.91645e+04
  Conserved En.    Temperature Pressure (bar)   Constr. rmsd
   -3.74635e+04    3.05792e+02   -2.10127e+02    6.08526e-06


DD  step 47999 load imb.: force  4.9%
           Step           Time
          48000       96.00000

   Energies (kJ/mol)
          Angle Ryckaert-Bell.          LJ-14     Coulomb-14        LJ (SR)
    1.51784e+01   -1.10053e+00   -8.80205e-02   -2.86570e+01    8.77209e+03
   Coulomb (SR)   Coul. recip.      Potential    Kinetic En.   Total Energy
   -5.55790e+04    1.20554e+02   -4.67010e+04    7.57170e+03   -3.91293e+04
  Conserved En.    Temperature Pressure (bar)   Constr. rmsd
   -3.74582e+04    3.02748e+02   -3.74268e+02    4.09966e-06

           Step           Time
          49000       98.00000

   Energies (kJ/mol)
          Angle Ryckaert-Bell.          LJ-14     Coulomb-14        LJ (SR)
    2.31012e+01    5.84368e+00    1.58210e+00   -2.82779e+01    9.20928e+03
   Coulomb (SR)   Coul. recip.      Potential    Kinetic En.   Total Energy
   -5.60059e+04    1.27492e+02   -4.66669e+04    7.55182e+03   -3.91151e+04
  Conserved En.    Temperature Pressure (bar)   Constr. rmsd
   -3.74418e+04    3.01953e+02    2.47880e+02    1.90633e-06


DD  step 49999 load imb.: force  5.2%
           Step           Time
          50000      100.00000

Writing checkpoint, step 50000 at Mon Dec  9 20:04:27 2024


   Energies (kJ/mol)
          Angle Ryckaert-Bell.          LJ-14     Coulomb-14        LJ (SR)
    1.27856e+01   -1.47686e+00    8.56988e-01   -3.11326e+01    9.25956e+03
   Coulomb (SR)   Coul. recip.      Potential    Kinetic En.   Total Energy
   -5.60787e+04    1.37490e+02   -4.67006e+04    7.44360e+03   -3.92570e+04
  Conserved En.    Temperature Pressure (bar)   Constr. rmsd
   -3.73762e+04    2.97626e+02    5.26294e+02    1.66855e-06


Energy conservation over simulation part #1 of length 100 ns, time 0 to 100 ns
  Conserved energy drift: 5.86e-03 kJ/mol/ps per atom


	<======  ###############  ==>
	<====  A V E R A G E S  ====>
	<==  ###############  ======>

	Statistics over 50001 steps using 501 frames

   Energies (kJ/mol)
          Angle Ryckaert-Bell.          LJ-14     Coulomb-14        LJ (SR)
    1.50145e+01    4.29063e-01    5.24294e-01   -2.95173e+01    8.96954e+03
   Coulomb (SR)   Coul. recip.      Potential    Kinetic En.   Total Energy
   -5.56915e+04    1.27223e+02   -4.66083e+04    7.50857e+03   -3.90997e+04
  Conserved En.    Temperature Pressure (bar)   Constr. rmsd
   -3.82195e+04    3.00224e+02    5.89992e+01    0.00000e+00

          Box-X          Box-Y          Box-Z
    3.10929e+00    3.10929e+00    3.10929e+00

   Total Virial (kJ/mol)
    2.42742e+03   -6.47345e-01   -3.91456e+00
   -6.63467e-01    2.46560e+03   -1.44613e+01
   -3.90336e+00   -1.44378e+01    2.45847e+03

   Pressure (bar)
    8.59754e+01   -4.05394e+00   -1.82229e+00
   -4.03606e+00    4.24260e+01    1.46440e+01
   -1.83459e+00    1.46181e+01    4.85961e+01


	M E G A - F L O P S   A C C O U N T I N G

 NB=Group-cutoff nonbonded kernels    NxN=N-by-N cluster Verlet kernels
 RF=Reaction-Field  VdW=Van der Waals  QSTab=quadratic-spline table
 W3=SPC/TIP3p  W4=TIP4p (single or pairs)
 V&F=Potential and force  V=Potential only  F=Force only

 Computing:                               M-Number         M-Flops  % Flops
-----------------------------------------------------------------------------
 Pair Search distance check            1122.742686       10104.684     0.1
 NxN Ewald Elec. + LJ [F]             79944.853328     7434871.360    58.7
 NxN Ewald Elec. + LJ [V&F]             809.041120      102748.222     0.8
 NxN Ewald Elec. [F]                  71248.412240     4346153.147    34.3
 NxN Ewald Elec. [V&F]                  721.199360       60580.746     0.5
 1,4 nonbonded interactions               0.600012          54.001     0.0
 Calc Weights                           451.359027       16248.925     0.1
 Spread Q Bspline                     32497.849944       64995.700     0.5
 Gather F Bspline                     32497.849944      194987.100     1.5
 3D-FFT                               49152.883038      393223.064     3.1
 Solve PME                              204.804096       13107.462     0.1
 Reset In Box                             1.880625           5.642     0.0
 CG-CoM                                   1.886643           5.660     0.0
 Angles                                   0.650013         109.202     0.0
 RB-Dihedrals                             0.600012         148.203     0.0
 Virial                                  18.648729         335.677     0.0
 Stop-CM                                  1.510518          15.105     0.0
 P-Coupling                              15.048009          90.288     0.0
 Calc-Ekin                               30.096018         812.592     0.0
 Lincs                                    0.589488          35.369     0.0
 Lincs-Mat                               11.495016          45.980     0.0
 Constraint-V                           185.674120        1671.067     0.0
 Constraint-Vir                          18.511450         444.275     0.0
 Settle                                  61.499626       22754.862     0.2
-----------------------------------------------------------------------------
 Total                                                12663548.333   100.0
-----------------------------------------------------------------------------


    D O M A I N   D E C O M P O S I T I O N   S T A T I S T I C S

 av. #atoms communicated per step for force:  2 x 17291.5
 av. #atoms communicated per step for LINCS:  2 x 715.8


Dynamic load balancing report:
 DLB was off during the run due to low measured imbalance.
 Average load imbalance: 5.1%.
 The balanceable part of the MD step is 38%, load imbalance is computed from this.
 Part of the total run time spent waiting due to load imbalance: 1.9%.


     R E A L   C Y C L E   A N D   T I M E   A C C O U N T I N G

On 16 MPI ranks

 Computing:          Num   Num      Call    Wall time         Giga-Cycles
                     Ranks Threads  Count      (s)         total sum    %
-----------------------------------------------------------------------------
 Domain decomp.        16    1        626       0.117          5.053   0.5
 DD comm. load         16    1        525       0.001          0.061   0.0
 DD comm. bounds       16    1        518       0.004          0.182   0.0
 Neighbor search       16    1        626       0.228          9.847   0.9
 Comm. coord.          16    1      49375       0.414         17.906   1.7
 Force                 16    1      50001       8.249        356.353  34.2
 Wait + Comm. F        16    1      50001       0.452         19.525   1.9
 PME mesh              16    1      50001      11.852        512.014  49.1
 NB X/F buffer ops.    16    1     148751       0.298         12.881   1.2
 Write traj.           16    1      10001       0.220          9.511   0.9
 Update                16    1      50001       0.065          2.803   0.3
 Constraints           16    1      50003       2.058         88.910   8.5
 Comm. energies        16    1       5001       0.042          1.812   0.2
 Rest                                           0.133          5.765   0.6
-----------------------------------------------------------------------------
 Total                                         24.135       1042.624 100.0
-----------------------------------------------------------------------------
 Breakdown of PME mesh computation
-----------------------------------------------------------------------------
 PME redist. X/F       16    1     100002       1.342         57.966   5.6
 PME spread            16    1      50001       5.099        220.290  21.1
 PME gather            16    1      50001       2.875        124.190  11.9
 PME 3D-FFT            16    1     100002       1.377         59.498   5.7
 PME 3D-FFT Comm.      16    1     200004       1.015         43.833   4.2
 PME solve Elec        16    1      50001       0.110          4.760   0.5
-----------------------------------------------------------------------------

               Core t (s)   Wall t (s)        (%)
       Time:      386.152       24.135     1600.0
                 (ns/day)    (hour/ns)
Performance:      357.995        0.067
Finished mdrun on rank 0 Mon Dec  9 20:04:27 2024

