                      :-) GROMACS - gmx mdrun, 2021.4 (-:

                            GROMACS is written by:
     Andrey Alekseenko              Emile Apol              Rossen Apostolov     
         Paul Bauer           Herman J.C. Berendsen           Par Bjelkmar       
       Christian Blau           Viacheslav Bolnykh             Kevin Boyd        
     Aldert van Buuren           Rudi van Drunen             Anton Feenstra      
    Gilles Gouaillardet             Alan Gray               Gerrit Groenhof      
       Anca Hamuraru            Vincent Hindriksen          M. Eric Irrgang      
      Aleksei Iupinov           Christoph Junghans             Joe Jordan        
    Dimitrios Karkoulis            Peter Kasson                Jiri Kraus        
      Carsten Kutzner              Per Larsson              Justin A. Lemkul     
       Viveca Lindahl            Magnus Lundborg             Erik Marklund       
        Pascal Merz             Pieter Meulenhoff            Teemu Murtola       
        Szilard Pall               Sander Pronk              Roland Schulz       
       Michael Shirts            Alexey Shvetsov             Alfons Sijbers      
       Peter Tieleman              Jon Vincent              Teemu Virolainen     
     Christian Wennberg            Maarten Wolf              Artem Zhmurov       
                           and the project leaders:
        Mark Abraham, Berk Hess, Erik Lindahl, and David van der Spoel

Copyright (c) 1991-2000, University of Groningen, The Netherlands.
Copyright (c) 2001-2019, The GROMACS development team at
Uppsala University, Stockholm University and
the Royal Institute of Technology, Sweden.
check out http://www.gromacs.org for more information.

GROMACS is free software; you can redistribute it and/or modify it
under the terms of the GNU Lesser General Public License
as published by the Free Software Foundation; either version 2.1
of the License, or (at your option) any later version.

GROMACS:      gmx mdrun, version 2021.4
Executable:   /data2/APPLI/packages/gromacs/intel/2021.4/single/bin/gmx_mpi
Data prefix:  /data2/APPLI/packages/gromacs/intel/2021.4/single
Working dir:  /data7/maruyama/ermod_GROMACS_example
Process ID:   3526375
Command line:
  gmx_mpi mdrun -s solution_min.tpr -o solution_min.trr -e solution_min.edr -g solution_min.log -c solution_min.gro

GROMACS version:    2021.4
Precision:          mixed
Memory model:       64 bit
MPI library:        MPI
OpenMP support:     enabled (GMX_OPENMP_MAX_THREADS = 64)
GPU support:        disabled
SIMD instructions:  AVX_512
FFT library:        Intel MKL
RDTSCP usage:       enabled
TNG support:        enabled
Hwloc support:      disabled
Tracing support:    disabled
C compiler:         /opt/intel/oneapi/mpi/2021.2.0/bin/mpiicc Intel 2021.2.0.20210228
C compiler flags:   -xCORE-AVX512 -qopt-zmm-usage=high -mkl=sequential -std=gnu99 -ip -funroll-all-loops -alias-const -ansi-alias -no-prec-div -fimf-domain-exclusion=14 -qoverride-limits -O3 -DNDEBUG
C++ compiler:       /opt/intel/oneapi/mpi/2021.2.0/bin/mpiicpc Intel 2021.2.0.20210228
C++ compiler flags: -xCORE-AVX512 -qopt-zmm-usage=high -mkl=sequential -ip -funroll-all-loops -alias-const -ansi-alias -no-prec-div -fimf-domain-exclusion=14 -qoverride-limits -qopenmp -O3 -DNDEBUG


Running on 1 node with total 28 cores, 28 logical cores
Hardware detected on host oz01 (the node of MPI rank 0):
  CPU info:
    Vendor: Intel
    Brand:  Intel(R) Xeon(R) Gold 6258R CPU @ 2.70GHz
    Family: 6   Model: 85   Stepping: 7
    Features: aes apic avx avx2 avx512f avx512cd avx512bw avx512vl avx512secondFMA clfsh cmov cx8 cx16 f16c fma htt intel lahf mmx msr nonstop_tsc pcid pclmuldq pdcm pdpe1gb popcnt pse rdrnd rdtscp sse2 sse3 sse4.1 sse4.2 ssse3 tdt x2apic
    Number of AVX-512 FMA units: 2
  Hardware topology: Basic
    Sockets, cores, and logical processors:
      Socket  0: [   0] [   1] [   2] [   3] [   4] [   5] [   6] [   7] [   8] [   9] [  10] [  11] [  12] [  13] [  14] [  15] [  16] [  17] [  18] [  19] [  20] [  21] [  22] [  23] [  24] [  25] [  26] [  27]


++++ PLEASE READ AND CITE THE FOLLOWING REFERENCE ++++
M. J. Abraham, T. Murtola, R. Schulz, S. Páll, J. C. Smith, B. Hess, E.
Lindahl
GROMACS: High performance molecular simulations through multi-level
parallelism from laptops to supercomputers
SoftwareX 1 (2015) pp. 19-25
-------- -------- --- Thank You --- -------- --------


++++ PLEASE READ AND CITE THE FOLLOWING REFERENCE ++++
S. Páll, M. J. Abraham, C. Kutzner, B. Hess, E. Lindahl
Tackling Exascale Software Challenges in Molecular Dynamics Simulations with
GROMACS
In S. Markidis & E. Laure (Eds.), Solving Software Challenges for Exascale 8759 (2015) pp. 3-27
-------- -------- --- Thank You --- -------- --------


++++ PLEASE READ AND CITE THE FOLLOWING REFERENCE ++++
S. Pronk, S. Páll, R. Schulz, P. Larsson, P. Bjelkmar, R. Apostolov, M. R.
Shirts, J. C. Smith, P. M. Kasson, D. van der Spoel, B. Hess, and E. Lindahl
GROMACS 4.5: a high-throughput and highly parallel open source molecular
simulation toolkit
Bioinformatics 29 (2013) pp. 845-54
-------- -------- --- Thank You --- -------- --------


++++ PLEASE READ AND CITE THE FOLLOWING REFERENCE ++++
B. Hess and C. Kutzner and D. van der Spoel and E. Lindahl
GROMACS 4: Algorithms for highly efficient, load-balanced, and scalable
molecular simulation
J. Chem. Theory Comput. 4 (2008) pp. 435-447
-------- -------- --- Thank You --- -------- --------


++++ PLEASE READ AND CITE THE FOLLOWING REFERENCE ++++
D. van der Spoel, E. Lindahl, B. Hess, G. Groenhof, A. E. Mark and H. J. C.
Berendsen
GROMACS: Fast, Flexible and Free
J. Comp. Chem. 26 (2005) pp. 1701-1719
-------- -------- --- Thank You --- -------- --------


++++ PLEASE READ AND CITE THE FOLLOWING REFERENCE ++++
E. Lindahl and B. Hess and D. van der Spoel
GROMACS 3.0: A package for molecular simulation and trajectory analysis
J. Mol. Mod. 7 (2001) pp. 306-317
-------- -------- --- Thank You --- -------- --------


++++ PLEASE READ AND CITE THE FOLLOWING REFERENCE ++++
H. J. C. Berendsen, D. van der Spoel and R. van Drunen
GROMACS: A message-passing parallel molecular dynamics implementation
Comp. Phys. Comm. 91 (1995) pp. 43-56
-------- -------- --- Thank You --- -------- --------


++++ PLEASE CITE THE DOI FOR THIS VERSION OF GROMACS ++++
https://doi.org/10.5281/zenodo.5636567
-------- -------- --- Thank You --- -------- --------

Input Parameters:
   integrator                     = steep
   tinit                          = 0
   dt                             = 0.001
   nsteps                         = 100
   init-step                      = 0
   simulation-part                = 1
   mts                            = false
   comm-mode                      = Linear
   nstcomm                        = 100
   bd-fric                        = 0
   ld-seed                        = -1646481490
   emtol                          = 100
   emstep                         = 0.01
   niter                          = 20
   fcstep                         = 0
   nstcgsteep                     = 1000
   nbfgscorr                      = 10
   rtpi                           = 0.05
   nstxout                        = 0
   nstvout                        = 0
   nstfout                        = 0
   nstlog                         = 1000
   nstcalcenergy                  = 100
   nstenergy                      = 1000
   nstxout-compressed             = 0
   compressed-x-precision         = 1000
   cutoff-scheme                  = Verlet
   nstlist                        = 10
   pbc                            = xyz
   periodic-molecules             = false
   verlet-buffer-tolerance        = 0.005
   rlist                          = 1.26
   coulombtype                    = PME
   coulomb-modifier               = Potential-shift
   rcoulomb-switch                = 0
   rcoulomb                       = 1.2
   epsilon-r                      = 1
   epsilon-rf                     = inf
   vdw-type                       = Cut-off
   vdw-modifier                   = Potential-switch
   rvdw-switch                    = 1
   rvdw                           = 1.2
   DispCorr                       = No
   table-extension                = 1
   fourierspacing                 = 0
   fourier-nx                     = 32
   fourier-ny                     = 32
   fourier-nz                     = 32
   pme-order                      = 6
   ewald-rtol                     = 1e-05
   ewald-rtol-lj                  = 0.001
   lj-pme-comb-rule               = Geometric
   ewald-geometry                 = 0
   epsilon-surface                = 0
   tcoupl                         = No
   nsttcouple                     = -1
   nh-chain-length                = 0
   print-nose-hoover-chain-variables = false
   pcoupl                         = No
   pcoupltype                     = Isotropic
   nstpcouple                     = -1
   tau-p                          = 1
   compressibility (3x3):
      compressibility[    0]={ 0.00000e+00,  0.00000e+00,  0.00000e+00}
      compressibility[    1]={ 0.00000e+00,  0.00000e+00,  0.00000e+00}
      compressibility[    2]={ 0.00000e+00,  0.00000e+00,  0.00000e+00}
   ref-p (3x3):
      ref-p[    0]={ 0.00000e+00,  0.00000e+00,  0.00000e+00}
      ref-p[    1]={ 0.00000e+00,  0.00000e+00,  0.00000e+00}
      ref-p[    2]={ 0.00000e+00,  0.00000e+00,  0.00000e+00}
   refcoord-scaling               = No
   posres-com (3):
      posres-com[0]= 0.00000e+00
      posres-com[1]= 0.00000e+00
      posres-com[2]= 0.00000e+00
   posres-comB (3):
      posres-comB[0]= 0.00000e+00
      posres-comB[1]= 0.00000e+00
      posres-comB[2]= 0.00000e+00
   QMMM                           = false
qm-opts:
   ngQM                           = 0
   constraint-algorithm           = Lincs
   continuation                   = false
   Shake-SOR                      = false
   shake-tol                      = 0.0001
   lincs-order                    = 4
   lincs-iter                     = 1
   lincs-warnangle                = 30
   nwall                          = 0
   wall-type                      = 9-3
   wall-r-linpot                  = -1
   wall-atomtype[0]               = -1
   wall-atomtype[1]               = -1
   wall-density[0]                = 0
   wall-density[1]                = 0
   wall-ewald-zfac                = 3
   pull                           = false
   awh                            = false
   rotation                       = false
   interactiveMD                  = false
   disre                          = No
   disre-weighting                = Conservative
   disre-mixed                    = false
   dr-fc                          = 1000
   dr-tau                         = 0
   nstdisreout                    = 100
   orire-fc                       = 0
   orire-tau                      = 0
   nstorireout                    = 100
   free-energy                    = no
   cos-acceleration               = 0
   deform (3x3):
      deform[    0]={ 0.00000e+00,  0.00000e+00,  0.00000e+00}
      deform[    1]={ 0.00000e+00,  0.00000e+00,  0.00000e+00}
      deform[    2]={ 0.00000e+00,  0.00000e+00,  0.00000e+00}
   simulated-tempering            = false
   swapcoords                     = no
   userint1                       = 0
   userint2                       = 0
   userint3                       = 0
   userint4                       = 0
   userreal1                      = 0
   userreal2                      = 0
   userreal3                      = 0
   userreal4                      = 0
   applied-forces:
     electric-field:
       x:
         E0                       = 0
         omega                    = 0
         t0                       = 0
         sigma                    = 0
       y:
         E0                       = 0
         omega                    = 0
         t0                       = 0
         sigma                    = 0
       z:
         E0                       = 0
         omega                    = 0
         t0                       = 0
         sigma                    = 0
     density-guided-simulation:
       active                     = false
       group                      = protein
       similarity-measure         = inner-product
       atom-spreading-weight      = unity
       force-constant             = 1e+09
       gaussian-transform-spreading-width = 0.2
       gaussian-transform-spreading-range-in-multiples-of-width = 4
       reference-density-filename = reference.mrc
       nst                        = 1
       normalize-densities        = true
       adaptive-force-scaling     = false
       adaptive-force-scaling-time-constant = 4
       shift-vector               = 
       transformation-matrix      = 
grpopts:
   nrdf:        6024
   ref-t:           0
   tau-t:           0
annealing:          No
annealing-npoints:           0
   acc:	           0           0           0
   nfreeze:           N           N           N
   energygrp-flags[  0]: 0


Initializing Domain Decomposition on 16 ranks
NOTE: disabling dynamic load balancing as it is only supported with dynamics, not with integrator 'steep'.
Dynamic load balancing: off
Using update groups, nr 1009, average size 3.0 atoms, max. radius 0.084 nm
Minimum cell size due to atom displacement: 0.060 nm
Initial maximum distances in bonded interactions:
    two-body bonded interactions: 0.327 nm, LJ-14, atoms 1 9
  multi-body bonded interactions: 0.327 nm, Ryckaert-Bell., atoms 1 9
Minimum cell size due to bonded interactions: 0.359 nm
Using 0 separate PME ranks, as there are too few total
 ranks for efficient splitting
Optimizing the DD grid for 16 cells with a minimum initial size of 0.359 nm
The maximum allowed number of cells is: X 8 Y 8 Z 8
Domain decomposition grid 4 x 4 x 1, separate PME ranks 0
PME domain decomposition: 4 x 4 x 1
Domain decomposition rank 0, coordinates 0 0 0

The initial number of communication pulses is: X 2 Y 2
The initial domain decomposition cell size is: X 0.80 nm Y 0.80 nm

The maximum allowed distance for atom groups involved in interactions is:
                 non-bonded interactions           1.428 nm
            two-body bonded interactions  (-rdd)   1.428 nm
          multi-body bonded interactions  (-rdd)   0.800 nm

Using 16 MPI processes

Non-default thread affinity set, disabling internal thread affinity

Using 1 OpenMP thread per MPI process

System total charge: -0.000
Will do PME sum in reciprocal space for electrostatic interactions.

++++ PLEASE READ AND CITE THE FOLLOWING REFERENCE ++++
U. Essmann, L. Perera, M. L. Berkowitz, T. Darden, H. Lee and L. G. Pedersen 
A smooth particle mesh Ewald method
J. Chem. Phys. 103 (1995) pp. 8577-8592
-------- -------- --- Thank You --- -------- --------

Using a Gaussian width (1/beta) of 0.384195 nm for Ewald
Potential shift: LJ r^-12: 0.000e+00 r^-6: 0.000e+00, Ewald -8.333e-06
Initialized non-bonded Ewald tables, spacing: 1.02e-03 size: 1176

Generated table with 1130 data points for 1-4 COUL.
Tabscale = 500 points/nm
Generated table with 1130 data points for 1-4 LJ6.
Tabscale = 500 points/nm
Generated table with 1130 data points for 1-4 LJ12.
Tabscale = 500 points/nm


Using SIMD 4x8 nonbonded short-range kernels

Using a 4x8 pair-list setup:
  updated every 10 steps, buffer 0.060 nm, rlist 1.260 nm
Removing pbc first time

++++ PLEASE READ AND CITE THE FOLLOWING REFERENCE ++++
S. Miyamoto and P. A. Kollman
SETTLE: An Analytical Version of the SHAKE and RATTLE Algorithms for Rigid
Water Models
J. Comp. Chem. 13 (1992) pp. 952-962
-------- -------- --- Thank You --- -------- --------


Linking all bonded interactions to atoms


Note that activating steepest-descent energy minimization via the integrator .mdp option and the command gmx mdrun may be available in a different form in a future version of GROMACS, e.g. gmx minimize and an .mdp option.
Initiating Steepest Descents

Atom distribution over 16 domains: av 188 stddev 15 min 165 max 216
Started Steepest Descents on rank 0 Mon Dec  9 20:01:42 2024


Steepest Descents:
   Tolerance (Fmax)   =  1.00000e+02
   Number of steps    =          100
           Step           Time
              0        0.00000

   Energies (kJ/mol)
           Bond          Angle Ryckaert-Bell.          LJ-14     Coulomb-14
    4.04666e+01    1.03078e+01    3.46280e+00    9.95587e-01   -2.53660e+01
        LJ (SR)   Coulomb (SR)   Coul. recip.      Potential Pressure (bar)
    4.25740e+04   -4.37095e+04    7.07018e+02   -3.98633e+02    9.38632e+04


DD  step 0 load imb.: force  0.6%
           Step           Time
              1        1.00000

   Energies (kJ/mol)
           Bond          Angle Ryckaert-Bell.          LJ-14     Coulomb-14
    3.70015e+01    1.01307e+01    3.46021e+00    9.74373e-01   -2.53455e+01
        LJ (SR)   Coulomb (SR)   Coul. recip.      Potential Pressure (bar)
    3.18445e+04   -4.38900e+04    7.01344e+02   -1.13179e+04    7.17929e+04

           Step           Time
              2        2.00000

   Energies (kJ/mol)
           Bond          Angle Ryckaert-Bell.          LJ-14     Coulomb-14
    2.64718e+01    9.58388e+00    3.45095e+00    9.03629e-01   -2.52761e+01
        LJ (SR)   Coulomb (SR)   Coul. recip.      Potential Pressure (bar)
    2.17694e+04   -4.41928e+04    6.90274e+02   -2.17181e+04    5.08712e+04

           Step           Time
              3        3.00000

   Energies (kJ/mol)
           Bond          Angle Ryckaert-Bell.          LJ-14     Coulomb-14
    6.96261e+00    8.44697e+00    3.41597e+00    7.05004e-01   -2.50771e+01
        LJ (SR)   Coulomb (SR)   Coul. recip.      Potential Pressure (bar)
    1.45746e+04   -4.46462e+04    6.70069e+02   -2.94071e+04    3.57074e+04

           Step           Time
              4        4.00000

   Energies (kJ/mol)
           Bond          Angle Ryckaert-Bell.          LJ-14     Coulomb-14
    3.59851e+00    6.98345e+00    3.24581e+00    4.61688e-01   -2.49227e+01
        LJ (SR)   Coulomb (SR)   Coul. recip.      Potential Pressure (bar)
    1.07881e+04   -4.53001e+04    6.34311e+02   -3.38883e+04    2.75348e+04

           Step           Time
              5        5.00000

   Energies (kJ/mol)
           Bond          Angle Ryckaert-Bell.          LJ-14     Coulomb-14
    4.99204e+01    5.58244e+00    2.85294e+00    7.64523e-01   -2.55763e+01
        LJ (SR)   Coulomb (SR)   Coul. recip.      Potential Pressure (bar)
    9.24542e+03   -4.62963e+04    5.66013e+02   -3.64513e+04    2.38375e+04

           Step           Time
              6        6.00000

   Energies (kJ/mol)
           Bond          Angle Ryckaert-Bell.          LJ-14     Coulomb-14
    2.76605e+02    1.69626e+01    3.17562e+00   -1.56013e-01   -2.40355e+01
        LJ (SR)   Coulomb (SR)   Coul. recip.      Potential Pressure (bar)
    8.78049e+03   -4.67526e+04    5.31412e+02   -3.71681e+04    2.29239e+04

           Step           Time
              7        7.00000

   Energies (kJ/mol)
           Bond          Angle Ryckaert-Bell.          LJ-14     Coulomb-14
    1.27485e+02    8.39607e+00    2.96977e+00    1.19511e+00   -2.60994e+01
        LJ (SR)   Coulomb (SR)   Coul. recip.      Potential Pressure (bar)
    8.65120e+03   -4.69615e+04    5.18236e+02   -3.76781e+04    2.23212e+04

           Step           Time
              8        8.00000

   Energies (kJ/mol)
           Bond          Angle Ryckaert-Bell.          LJ-14     Coulomb-14
    5.19879e+02    1.69693e+01    3.07446e+00   -2.82967e-01   -2.36226e+01
        LJ (SR)   Coulomb (SR)   Coul. recip.      Potential Pressure (bar)
    8.45223e+03   -4.72945e+04    4.94426e+02   -3.78318e+04    2.20516e+04

           Step           Time
              9        9.00000

   Energies (kJ/mol)
           Bond          Angle Ryckaert-Bell.          LJ-14     Coulomb-14
    3.00999e+02    1.96279e+01    3.26034e+00    2.04289e+00   -2.66427e+01
        LJ (SR)   Coulomb (SR)   Coul. recip.      Potential Pressure (bar)
    8.35389e+03   -4.74825e+04    4.83425e+02   -3.83459e+04    2.14082e+04

           Step           Time
             10       10.00000

           Step           Time
             11       11.00000

   Energies (kJ/mol)
           Bond          Angle Ryckaert-Bell.          LJ-14     Coulomb-14
    4.82946e+01    1.89957e+00    3.00668e+00    3.36648e-02   -2.46367e+01
        LJ (SR)   Coulomb (SR)   Coul. recip.      Potential Pressure (bar)
    8.28484e+03   -4.76103e+04    4.73913e+02   -3.88230e+04    2.16080e+04

           Step           Time
             12       12.00000

   Energies (kJ/mol)
           Bond          Angle Ryckaert-Bell.          LJ-14     Coulomb-14
    4.84273e+02    2.18300e+01    3.36549e+00    3.05159e+00   -2.72164e+01
        LJ (SR)   Coulomb (SR)   Coul. recip.      Potential Pressure (bar)
    8.10197e+03   -4.79871e+04    4.51074e+02   -3.89488e+04    2.06337e+04

           Step           Time
             13       13.00000

   Energies (kJ/mol)
           Bond          Angle Ryckaert-Bell.          LJ-14     Coulomb-14
    1.69931e+02    4.56956e+00    3.03659e+00   -1.59927e-01   -2.41765e+01
        LJ (SR)   Coulomb (SR)   Coul. recip.      Potential Pressure (bar)
    8.04471e+03   -4.81045e+04    4.42761e+02   -3.94638e+04    2.09996e+04

           Step           Time
             14       14.00000

           Step           Time
             15       15.00000

   Energies (kJ/mol)
           Bond          Angle Ryckaert-Bell.          LJ-14     Coulomb-14
    6.23529e+01    4.19241e+00    3.15532e+00    9.28948e-01   -2.58300e+01
        LJ (SR)   Coulomb (SR)   Coul. recip.      Potential Pressure (bar)
    7.98942e+03   -4.82332e+04    4.35481e+02   -3.97635e+04    2.06462e+04

           Step           Time
             16       16.00000

   Energies (kJ/mol)
           Bond          Angle Ryckaert-Bell.          LJ-14     Coulomb-14
    3.00273e+02    9.71720e+00    3.14886e+00   -2.67394e-01   -2.39242e+01
        LJ (SR)   Coulomb (SR)   Coul. recip.      Potential Pressure (bar)
    7.88968e+03   -4.84628e+04    4.21790e+02   -3.98623e+04    2.05822e+04

           Step           Time
             17       17.00000

   Energies (kJ/mol)
           Bond          Angle Ryckaert-Bell.          LJ-14     Coulomb-14
    1.61884e+02    8.86917e+00    3.34862e+00    1.50671e+00   -2.62631e+01
        LJ (SR)   Coulomb (SR)   Coul. recip.      Potential Pressure (bar)
    7.84070e+03   -4.85895e+04    4.15100e+02   -4.01844e+04    2.01490e+04

           Step           Time
             18       18.00000

           Step           Time
             19       19.00000

   Energies (kJ/mol)
           Bond          Angle Ryckaert-Bell.          LJ-14     Coulomb-14
    2.88575e+01    1.28598e+00    3.17523e+00    6.69404e-02   -2.47524e+01
        LJ (SR)   Coulomb (SR)   Coul. recip.      Potential Pressure (bar)
    7.80430e+03   -4.86782e+04    4.09754e+02   -4.04555e+04    2.03070e+04

           Step           Time
             20       20.00000

   Energies (kJ/mol)
           Bond          Angle Ryckaert-Bell.          LJ-14     Coulomb-14
    2.67120e+02    1.12962e+01    3.46295e+00    2.07920e+00   -2.66519e+01
        LJ (SR)   Coulomb (SR)   Coul. recip.      Potential Pressure (bar)
    7.70975e+03   -4.89325e+04    3.96425e+02   -4.05690e+04    1.96840e+04

           Step           Time
             21       21.00000

   Energies (kJ/mol)
           Bond          Angle Ryckaert-Bell.          LJ-14     Coulomb-14
    9.54860e+01    3.18657e+00    3.20435e+00   -1.04091e-01   -2.44124e+01
        LJ (SR)   Coulomb (SR)   Coul. recip.      Potential Pressure (bar)
    7.67696e+03   -4.90181e+04    3.91586e+02   -4.08722e+04    1.98996e+04

           Step           Time
             22       22.00000

           Step           Time
             23       23.00000

   Energies (kJ/mol)
           Bond          Angle Ryckaert-Bell.          LJ-14     Coulomb-14
    3.45760e+01    1.98409e+00    3.33176e+00    7.66099e-01   -2.56669e+01
        LJ (SR)   Coulomb (SR)   Coul. recip.      Potential Pressure (bar)
    7.64487e+03   -4.91129e+04    3.86779e+02   -4.10662e+04    1.96514e+04

           Step           Time
             24       24.00000

   Energies (kJ/mol)
           Bond          Angle Ryckaert-Bell.          LJ-14     Coulomb-14
    1.66515e+02    6.21132e+00    3.28076e+00   -2.02966e-01   -2.42161e+01
        LJ (SR)   Coulomb (SR)   Coul. recip.      Potential Pressure (bar)
    7.58447e+03   -4.92877e+04    3.78002e+02   -4.11737e+04    1.96460e+04

           Step           Time
             25       25.00000

   Energies (kJ/mol)
           Bond          Angle Ryckaert-Bell.          LJ-14     Coulomb-14
    9.15513e+01    4.35662e+00    3.47540e+00    1.14414e+00   -2.59968e+01
        LJ (SR)   Coulomb (SR)   Coul. recip.      Potential Pressure (bar)
    7.55433e+03   -4.93850e+04    3.73247e+02   -4.13829e+04    1.93290e+04

           Step           Time
             26       26.00000

           Step           Time
             27       27.00000

   Energies (kJ/mol)
           Bond          Angle Ryckaert-Bell.          LJ-14     Coulomb-14
    1.55116e+01    9.57190e-01    3.33585e+00    1.13626e-01   -2.48706e+01
        LJ (SR)   Coulomb (SR)   Coul. recip.      Potential Pressure (bar)
    7.53180e+03   -4.94534e+04    3.69841e+02   -4.15567e+04    1.94454e+04

           Step           Time
             28       28.00000

   Energies (kJ/mol)
           Bond          Angle Ryckaert-Bell.          LJ-14     Coulomb-14
    1.51309e+02    5.91167e+00    3.56845e+00    1.48679e+00   -2.62786e+01
        LJ (SR)   Coulomb (SR)   Coul. recip.      Potential Pressure (bar)
    7.47215e+03   -4.96517e+04    3.60491e+02   -4.16831e+04    1.90377e+04

           Step           Time
             29       29.00000

   Energies (kJ/mol)
           Bond          Angle Ryckaert-Bell.          LJ-14     Coulomb-14
    5.16056e+01    2.17176e+00    3.35362e+00   -3.21267e-02   -2.46221e+01
        LJ (SR)   Coulomb (SR)   Coul. recip.      Potential Pressure (bar)
    7.45114e+03   -4.97197e+04    3.57345e+02   -4.18788e+04    1.92317e+04

           Step           Time
             30       30.00000

           Step           Time
             31       31.00000

   Energies (kJ/mol)
           Bond          Angle Ryckaert-Bell.          LJ-14     Coulomb-14
    2.03421e+01    1.04169e+00    3.47494e+00    6.46423e-01   -2.55712e+01
        LJ (SR)   Coulomb (SR)   Coul. recip.      Potential Pressure (bar)
    7.43007e+03   -4.97959e+04    3.53775e+02   -4.20122e+04    1.90479e+04

           Step           Time
             32       32.00000

   Energies (kJ/mol)
           Bond          Angle Ryckaert-Bell.          LJ-14     Coulomb-14
    9.03455e+01    3.86603e+00    3.40038e+00   -1.20337e-01   -2.44709e+01
        LJ (SR)   Coulomb (SR)   Coul. recip.      Potential Pressure (bar)
    7.39063e+03   -4.99363e+04    3.47625e+02   -4.21250e+04    1.90625e+04

           Step           Time
             33       33.00000

   Energies (kJ/mol)
           Bond          Angle Ryckaert-Bell.          LJ-14     Coulomb-14
    5.31336e+01    2.26502e+00    3.57941e+00    9.00076e-01   -2.58211e+01
        LJ (SR)   Coulomb (SR)   Coul. recip.      Potential Pressure (bar)
    7.37028e+03   -5.00161e+04    3.43935e+02   -4.22678e+04    1.88240e+04

           Step           Time
             34       34.00000

   Energies (kJ/mol)
           Bond          Angle Ryckaert-Bell.          LJ-14     Coulomb-14
    1.67559e+02    6.21166e+00    3.43298e+00   -2.25812e-01   -2.42412e+01
        LJ (SR)   Coulomb (SR)   Coul. recip.      Potential Pressure (bar)
    7.34077e+03   -5.01277e+04    3.39427e+02   -4.22948e+04    1.89190e+04

           Step           Time
             35       35.00000

   Energies (kJ/mol)
           Bond          Angle Ryckaert-Bell.          LJ-14     Coulomb-14
    1.25339e+02    5.77267e+00    3.71751e+00    1.34725e+00   -2.61707e+01
        LJ (SR)   Coulomb (SR)   Coul. recip.      Potential Pressure (bar)
    7.32120e+03   -5.02109e+04    3.35587e+02   -4.24441e+04    1.85996e+04

           Step           Time
             36       36.00000

           Step           Time
             37       37.00000

   Energies (kJ/mol)
           Bond          Angle Ryckaert-Bell.          LJ-14     Coulomb-14
    1.10401e+01    6.78481e-01    3.50275e+00    1.32314e-01   -2.49452e+01
        LJ (SR)   Coulomb (SR)   Coul. recip.      Potential Pressure (bar)
    7.30923e+03   -5.02576e+04    3.33652e+02   -4.26243e+04    1.87698e+04

           Step           Time
             38       38.00000

   Energies (kJ/mol)
           Bond          Angle Ryckaert-Bell.          LJ-14     Coulomb-14
    2.00053e+02    7.44598e+00    3.80743e+00    1.77028e+00   -2.64931e+01
        LJ (SR)   Coulomb (SR)   Coul. recip.      Potential Pressure (bar)
    7.26410e+03   -5.04546e+04    3.25311e+02   -4.26786e+04    1.83631e+04

           Step           Time
             39       39.00000

   Energies (kJ/mol)
           Bond          Angle Ryckaert-Bell.          LJ-14     Coulomb-14
    4.61695e+01    1.88516e+00    3.49416e+00   -2.65371e-02   -2.46791e+01
        LJ (SR)   Coulomb (SR)   Coul. recip.      Potential Pressure (bar)
    7.25291e+03   -5.05018e+04    3.23600e+02   -4.28984e+04    1.86192e+04

           Step           Time
             40       40.00000

           Step           Time
             41       41.00000

   Energies (kJ/mol)
           Bond          Angle Ryckaert-Bell.          LJ-14     Coulomb-14
    3.32838e+01    1.43145e+00    3.65825e+00    7.56088e-01   -2.57134e+01
        LJ (SR)   Coulomb (SR)   Coul. recip.      Potential Pressure (bar)
    7.23841e+03   -5.05714e+04    3.20557e+02   -4.29990e+04    1.84348e+04

           Step           Time
             42       42.00000

   Energies (kJ/mol)
           Bond          Angle Ryckaert-Bell.          LJ-14     Coulomb-14
    8.64347e+01    3.46899e+00    3.51207e+00   -1.21742e-01   -2.45121e+01
        LJ (SR)   Coulomb (SR)   Coul. recip.      Potential Pressure (bar)
    7.21913e+03   -5.06623e+04    3.17276e+02   -4.30571e+04    1.85229e+04

           Step           Time
             43       43.00000

   Energies (kJ/mol)
           Bond          Angle Ryckaert-Bell.          LJ-14     Coulomb-14
    7.65518e+01    3.20200e+00    3.75309e+00    1.05655e+00   -2.59805e+01
        LJ (SR)   Coulomb (SR)   Coul. recip.      Potential Pressure (bar)
    7.20513e+03   -5.07349e+04    3.14070e+02   -4.31572e+04    1.82756e+04

           Step           Time
             44       44.00000

   Energies (kJ/mol)
           Bond          Angle Ryckaert-Bell.          LJ-14     Coulomb-14
    1.68723e+02    5.87096e+00    3.52153e+00   -2.34160e-01   -2.42646e+01
        LJ (SR)   Coulomb (SR)   Coul. recip.      Potential Pressure (bar)
    7.18954e+03   -5.08130e+04    3.11596e+02   -4.31582e+04    1.84348e+04

           Step           Time
             45       45.00000

   Energies (kJ/mol)
           Bond          Angle Ryckaert-Bell.          LJ-14     Coulomb-14
    1.67618e+02    7.81463e+00    3.89610e+00    1.59330e+00   -2.63581e+01
        LJ (SR)   Coulomb (SR)   Coul. recip.      Potential Pressure (bar)
    7.17606e+03   -5.08887e+04    3.08178e+02   -4.32499e+04    1.80939e+04

           Step           Time
             46       46.00000

           Step           Time
             47       47.00000

   Energies (kJ/mol)
           Bond          Angle Ryckaert-Bell.          LJ-14     Coulomb-14
    7.01741e+00    4.55393e-01    3.60908e+00    1.64703e-01   -2.50236e+01
        LJ (SR)   Coulomb (SR)   Coul. recip.      Potential Pressure (bar)
    7.16945e+03   -5.09225e+04    3.07035e+02   -4.34597e+04    1.83089e+04

           Step           Time
             48       48.00000

           Step           Time
             49       49.00000

   Energies (kJ/mol)
           Bond          Angle Ryckaert-Bell.          LJ-14     Coulomb-14
    4.63434e+01    1.75910e+00    3.76923e+00    8.58458e-01   -2.58330e+01
        LJ (SR)   Coulomb (SR)   Coul. recip.      Potential Pressure (bar)
    7.15038e+03   -5.10322e+04    3.02688e+02   -4.35523e+04    1.81238e+04

           Step           Time
             50       50.00000

   Energies (kJ/mol)
           Bond          Angle Ryckaert-Bell.          LJ-14     Coulomb-14
    1.95667e+01    1.07775e+00    3.60821e+00    7.40380e-02   -2.48927e+01
        LJ (SR)   Coulomb (SR)   Coul. recip.      Potential Pressure (bar)
    7.14189e+03   -5.10815e+04    3.01108e+02   -4.36390e+04    1.82310e+04

           Step           Time
             51       51.00000

   Energies (kJ/mol)
           Bond          Angle Ryckaert-Bell.          LJ-14     Coulomb-14
    8.24371e+01    3.11323e+00    3.83221e+00    1.09334e+00   -2.60404e+01
        LJ (SR)   Coulomb (SR)   Coul. recip.      Potential Pressure (bar)
    7.12679e+03   -5.11762e+04    2.97341e+02   -4.36876e+04    1.80012e+04

           Step           Time
             52       52.00000

   Energies (kJ/mol)
           Bond          Angle Ryckaert-Bell.          LJ-14     Coulomb-14
    5.06719e+01    2.10709e+00    3.59612e+00   -4.58520e-02   -2.46945e+01
        LJ (SR)   Coulomb (SR)   Coul. recip.      Potential Pressure (bar)
    7.11897e+03   -5.12250e+04    2.95978e+02   -4.37784e+04    1.81666e+04

           Step           Time
             53       53.00000

           Step           Time
             54       54.00000

   Energies (kJ/mol)
           Bond          Angle Ryckaert-Bell.          LJ-14     Coulomb-14
    6.87546e+00    4.77876e-01    3.72447e+00    4.92344e-01   -2.54704e+01
        LJ (SR)   Coulomb (SR)   Coul. recip.      Potential Pressure (bar)
    7.11252e+03   -5.12683e+04    2.94108e+02   -4.38755e+04    1.80494e+04

           Step           Time
             55       55.00000

   Energies (kJ/mol)
           Bond          Angle Ryckaert-Bell.          LJ-14     Coulomb-14
    8.09558e+01    3.69227e+00    3.62130e+00   -1.18540e-01   -2.45844e+01
        LJ (SR)   Coulomb (SR)   Coul. recip.      Potential Pressure (bar)
    7.09218e+03   -5.14078e+04    2.89507e+02   -4.39626e+04    1.80781e+04

           Step           Time
             56       56.00000

   Energies (kJ/mol)
           Bond          Angle Ryckaert-Bell.          LJ-14     Coulomb-14
    2.48872e+01    1.07126e+00    3.80825e+00    6.81659e-01   -2.56832e+01
        LJ (SR)   Coulomb (SR)   Coul. recip.      Potential Pressure (bar)
    7.08568e+03   -5.14563e+04    2.87364e+02   -4.40785e+04    1.79164e+04

           Step           Time
             57       57.00000

           Step           Time
             58       58.00000

   Energies (kJ/mol)
           Bond          Angle Ryckaert-Bell.          LJ-14     Coulomb-14
    1.15733e+01    8.64324e-01    3.68397e+00    1.16348e-01   -2.50045e+01
        LJ (SR)   Coulomb (SR)   Coul. recip.      Potential Pressure (bar)
    7.07956e+03   -5.15026e+04    2.85991e+02   -4.41458e+04    1.79912e+04

           Step           Time
             59       59.00000

   Energies (kJ/mol)
           Bond          Angle Ryckaert-Bell.          LJ-14     Coulomb-14
    4.47474e+01    1.72154e+00    3.85381e+00    8.35379e-01   -2.58442e+01
        LJ (SR)   Coulomb (SR)   Coul. recip.      Potential Pressure (bar)
    7.06949e+03   -5.15828e+04    2.82968e+02   -4.42050e+04    1.78264e+04

           Step           Time
             60       60.00000

   Energies (kJ/mol)
           Bond          Angle Ryckaert-Bell.          LJ-14     Coulomb-14
    2.92207e+01    1.50167e+00    3.66982e+00    2.01472e-02   -2.48552e+01
        LJ (SR)   Coulomb (SR)   Coul. recip.      Potential Pressure (bar)
    7.06393e+03   -5.16288e+04    2.81777e+02   -4.42736e+04    1.79446e+04

           Step           Time
             61       61.00000

   Energies (kJ/mol)
           Bond          Angle Ryckaert-Bell.          LJ-14     Coulomb-14
    8.25315e+01    3.21516e+00    3.92118e+00    1.08474e+00   -2.60660e+01
        LJ (SR)   Coulomb (SR)   Coul. recip.      Potential Pressure (bar)
    7.05536e+03   -5.17033e+04    2.78874e+02   -4.43044e+04    1.77273e+04

           Step           Time
             62       62.00000

   Energies (kJ/mol)
           Bond          Angle Ryckaert-Bell.          LJ-14     Coulomb-14
    6.96736e+01    2.70684e+00    3.64953e+00   -9.77763e-02   -2.46404e+01
        LJ (SR)   Coulomb (SR)   Coul. recip.      Potential Pressure (bar)
    7.05049e+03   -5.17479e+04    2.77964e+02   -4.43681e+04    1.79064e+04

           Step           Time
             63       63.00000

           Step           Time
             64       64.00000

   Energies (kJ/mol)
           Bond          Angle Ryckaert-Bell.          LJ-14     Coulomb-14
    4.49520e+00    4.10797e-01    3.79183e+00    4.49272e-01   -2.54579e+01
        LJ (SR)   Coulomb (SR)   Coul. recip.      Potential Pressure (bar)
    7.04659e+03   -5.17838e+04    2.76368e+02   -4.44771e+04    1.77965e+04

           Step           Time
             65       65.00000

   Energies (kJ/mol)
           Bond          Angle Ryckaert-Bell.          LJ-14     Coulomb-14
    1.07449e+02    4.94076e+00    3.67889e+00   -1.67152e-01   -2.45320e+01
        LJ (SR)   Coulomb (SR)   Coul. recip.      Potential Pressure (bar)
    7.02997e+03   -5.19505e+04    2.71422e+02   -4.45578e+04    1.78279e+04

           Step           Time
             66       66.00000

   Energies (kJ/mol)
           Bond          Angle Ryckaert-Bell.          LJ-14     Coulomb-14
    2.17561e+01    9.54883e-01    3.88515e+00    6.50205e-01   -2.56869e+01
        LJ (SR)   Coulomb (SR)   Coul. recip.      Potential Pressure (bar)
    7.02612e+03   -5.19915e+04    2.69529e+02   -4.46943e+04    1.76729e+04

           Step           Time
             67       67.00000

           Step           Time
             68       68.00000

   Energies (kJ/mol)
           Bond          Angle Ryckaert-Bell.          LJ-14     Coulomb-14
    1.90146e+01    1.16862e+00    3.74257e+00    6.60173e-02   -2.49659e+01
        LJ (SR)   Coulomb (SR)   Coul. recip.      Potential Pressure (bar)
    7.02229e+03   -5.20377e+04    2.68401e+02   -4.47480e+04    1.77551e+04

           Step           Time
             69       69.00000

   Energies (kJ/mol)
           Bond          Angle Ryckaert-Bell.          LJ-14     Coulomb-14
    4.19231e+01    1.67591e+00    3.93083e+00    8.10771e-01   -2.58525e+01
        LJ (SR)   Coulomb (SR)   Coul. recip.      Potential Pressure (bar)
    7.01724e+03   -5.20985e+04    2.66154e+02   -4.47926e+04    1.76011e+04

           Step           Time
             70       70.00000

   Energies (kJ/mol)
           Bond          Angle Ryckaert-Bell.          LJ-14     Coulomb-14
    4.26693e+01    1.93794e+00    3.72169e+00   -3.02530e-02   -2.48037e+01
        LJ (SR)   Coulomb (SR)   Coul. recip.      Potential Pressure (bar)
    7.01409e+03   -5.21426e+04    2.65288e+02   -4.48397e+04    1.77290e+04

           Step           Time
             71       71.00000

   Energies (kJ/mol)
           Bond          Angle Ryckaert-Bell.          LJ-14     Coulomb-14
    8.16932e+01    3.31670e+00    4.00214e+00    1.07556e+00   -2.60848e+01
        LJ (SR)   Coulomb (SR)   Coul. recip.      Potential Pressure (bar)
    7.00952e+03   -5.22029e+04    2.62933e+02   -4.48665e+04    1.75167e+04

           Step           Time
             72       72.00000

   Energies (kJ/mol)
           Bond          Angle Ryckaert-Bell.          LJ-14     Coulomb-14
    9.42153e+01    3.38952e+00    3.69620e+00   -1.46432e-01   -2.45744e+01
        LJ (SR)   Coulomb (SR)   Coul. recip.      Potential Pressure (bar)
    7.00712e+03   -5.22441e+04    2.62431e+02   -4.48980e+04    1.77076e+04

           Step           Time
             73       73.00000

           Step           Time
             74       74.00000

   Energies (kJ/mol)
           Bond          Angle Ryckaert-Bell.          LJ-14     Coulomb-14
    2.39951e+00    3.50341e-01    3.85125e+00    4.06391e-01   -2.54347e+01
        LJ (SR)   Coulomb (SR)   Coul. recip.      Potential Pressure (bar)
    7.00488e+03   -5.22745e+04    2.61003e+02   -4.50271e+04    1.76033e+04

           Step           Time
             75       75.00000

   Energies (kJ/mol)
           Bond          Angle Ryckaert-Bell.          LJ-14     Coulomb-14
    1.39402e+02    7.12913e+00    3.74265e+00   -2.11739e-01   -2.44857e+01
        LJ (SR)   Coulomb (SR)   Coul. recip.      Potential Pressure (bar)
    6.99235e+03   -5.25018e+04    2.54926e+02   -4.51290e+04    1.76300e+04

           Step           Time
             76       76.00000

   Energies (kJ/mol)
           Bond          Angle Ryckaert-Bell.          LJ-14     Coulomb-14
    1.89012e+01    7.78775e-01    3.96254e+00    6.22213e-01   -2.56920e+01
        LJ (SR)   Coulomb (SR)   Coul. recip.      Potential Pressure (bar)
    6.99037e+03   -5.25370e+04    2.53198e+02   -4.52948e+04    1.74808e+04

           Step           Time
             77       77.00000

           Step           Time
             78       78.00000

   Energies (kJ/mol)
           Bond          Angle Ryckaert-Bell.          LJ-14     Coulomb-14
    2.87857e+01    1.60777e+00    3.80329e+00    1.69238e-02   -2.49223e+01
        LJ (SR)   Coulomb (SR)   Coul. recip.      Potential Pressure (bar)
    6.98893e+03   -5.25831e+04    2.52356e+02   -4.53325e+04    1.75685e+04

           Step           Time
             79       79.00000

   Energies (kJ/mol)
           Bond          Angle Ryckaert-Bell.          LJ-14     Coulomb-14
    3.93807e+01    1.60215e+00    4.00978e+00    7.86329e-01   -2.58602e+01
        LJ (SR)   Coulomb (SR)   Coul. recip.      Potential Pressure (bar)
    6.98696e+03   -5.26310e+04    2.50599e+02   -4.53735e+04    1.74198e+04

           Step           Time
             80       80.00000

   Energies (kJ/mol)
           Bond          Angle Ryckaert-Bell.          LJ-14     Coulomb-14
    5.95227e+01    2.48558e+00    3.77618e+00   -7.92423e-02   -2.47475e+01
        LJ (SR)   Coulomb (SR)   Coul. recip.      Potential Pressure (bar)
    6.98620e+03   -5.26727e+04    2.50095e+02   -4.53954e+04    1.75569e+04

           Step           Time
             81       81.00000

   Energies (kJ/mol)
           Bond          Angle Ryckaert-Bell.          LJ-14     Coulomb-14
    8.13398e+01    3.42743e+00    4.08653e+00    1.06611e+00   -2.61029e+01
        LJ (SR)   Coulomb (SR)   Coul. recip.      Potential Pressure (bar)
    6.98434e+03   -5.27226e+04    2.48109e+02   -4.54263e+04    1.73460e+04

           Step           Time
             82       82.00000

           Step           Time
             83       83.00000

   Energies (kJ/mol)
           Bond          Angle Ryckaert-Bell.          LJ-14     Coulomb-14
    1.08777e+00    2.82601e-01    3.86655e+00    2.39367e-01   -2.52556e+01
        LJ (SR)   Coulomb (SR)   Coul. recip.      Potential Pressure (bar)
    6.98423e+03   -5.27412e+04    2.47956e+02   -4.55288e+04    1.74841e+04

           Step           Time
             84       84.00000

   Energies (kJ/mol)
           Bond          Angle Ryckaert-Bell.          LJ-14     Coulomb-14
    1.24279e+02    4.00288e+00    4.13215e+00    1.31428e+00   -2.63373e+01
        LJ (SR)   Coulomb (SR)   Coul. recip.      Potential Pressure (bar)
    6.98069e+03   -5.29327e+04    2.42575e+02   -4.56020e+04    1.72551e+04

           Step           Time
             85       85.00000

   Energies (kJ/mol)
           Bond          Angle Ryckaert-Bell.          LJ-14     Coulomb-14
    1.12022e+01    7.33952e-01    3.81705e+00    1.11957e-01   -2.50736e+01
        LJ (SR)   Coulomb (SR)   Coul. recip.      Potential Pressure (bar)
    6.98119e+03   -5.29515e+04    2.42657e+02   -4.57368e+04    1.74545e+04

           Step           Time
             86       86.00000

           Step           Time
             87       87.00000

   Energies (kJ/mol)
           Bond          Angle Ryckaert-Bell.          LJ-14     Coulomb-14
    2.86746e+01    1.10724e+00    3.98237e+00    6.93611e-01   -2.58000e+01
        LJ (SR)   Coulomb (SR)   Coul. recip.      Potential Pressure (bar)
    6.98077e+03   -5.30004e+04    2.41090e+02   -4.57698e+04    1.73382e+04

           Step           Time
             88       88.00000

   Energies (kJ/mol)
           Bond          Angle Ryckaert-Bell.          LJ-14     Coulomb-14
    2.57664e+01    1.21725e+00    3.79494e+00    2.74340e-02   -2.49456e+01
        LJ (SR)   Coulomb (SR)   Coul. recip.      Potential Pressure (bar)
    6.98135e+03   -5.30338e+04    2.40762e+02   -4.58058e+04    1.74496e+04

           Step           Time
             89       89.00000

   Energies (kJ/mol)
           Bond          Angle Ryckaert-Bell.          LJ-14     Coulomb-14
    5.52352e+01    2.16597e+00    4.03793e+00    8.86021e-01   -2.59787e+01
        LJ (SR)   Coulomb (SR)   Coul. recip.      Potential Pressure (bar)
    6.98109e+03   -5.30823e+04    2.39079e+02   -4.58258e+04    1.72869e+04

           Step           Time
             90       90.00000

   Energies (kJ/mol)
           Bond          Angle Ryckaert-Bell.          LJ-14     Coulomb-14
    5.77800e+01    2.17755e+00    3.76764e+00   -7.68728e-02   -2.47603e+01
        LJ (SR)   Coulomb (SR)   Coul. recip.      Potential Pressure (bar)
    6.98216e+03   -5.31137e+04    2.39037e+02   -4.58536e+04    1.74498e+04


DD  step 90 load imb.: force 16.2%
           Step           Time
             91       91.00000


DD  step 90 load imb.: force 16.3%
           Step           Time
             92       92.00000

   Energies (kJ/mol)
           Bond          Angle Ryckaert-Bell.          LJ-14     Coulomb-14
    2.05487e+00    2.96772e-01    3.90827e+00    3.87090e-01   -2.54608e+01
        LJ (SR)   Coulomb (SR)   Coul. recip.      Potential Pressure (bar)
    6.98199e+03   -5.31382e+04    2.37997e+02   -4.59370e+04    1.73630e+04


DD  step 92 load imb.: force 16.2%
           Step           Time
             93       93.00000

   Energies (kJ/mol)
           Bond          Angle Ryckaert-Bell.          LJ-14     Coulomb-14
    8.64392e+01    4.16670e+00    3.78022e+00   -1.39179e-01   -2.46754e+01
        LJ (SR)   Coulomb (SR)   Coul. recip.      Potential Pressure (bar)
    6.98558e+03   -5.32973e+04    2.34878e+02   -4.60073e+04    1.74278e+04


DD  step 93 load imb.: force 17.0%
           Step           Time
             94       94.00000

   Energies (kJ/mol)
           Bond          Angle Ryckaert-Bell.          LJ-14     Coulomb-14
    1.34834e+01    6.25737e-01    3.98154e+00    5.49527e-01   -2.56568e+01
        LJ (SR)   Coulomb (SR)   Coul. recip.      Potential Pressure (bar)
    6.98566e+03   -5.33260e+04    2.33588e+02   -4.61138e+04    1.73026e+04


DD  step 94 load imb.: force 16.8%
           Step           Time
             95       95.00000


DD  step 94 load imb.: force 16.6%
           Step           Time
             96       96.00000

   Energies (kJ/mol)
           Bond          Angle Ryckaert-Bell.          LJ-14     Coulomb-14
    1.69271e+01    1.00930e+00    3.84158e+00    6.67534e-02   -2.50406e+01
        LJ (SR)   Coulomb (SR)   Coul. recip.      Potential Pressure (bar)
    6.98727e+03   -5.33612e+04    2.33190e+02   -4.61440e+04    1.73824e+04


DD  step 96 load imb.: force 16.5%
           Step           Time
             97       97.00000

   Energies (kJ/mol)
           Bond          Angle Ryckaert-Bell.          LJ-14     Coulomb-14
    2.73962e+01    1.14824e+00    4.01778e+00    6.73896e-01   -2.57915e+01
        LJ (SR)   Coulomb (SR)   Coul. recip.      Potential Pressure (bar)
    6.98815e+03   -5.34009e+04    2.31913e+02   -4.61734e+04    1.72673e+04


DD  step 97 load imb.: force 16.9%
           Step           Time
             98       98.00000

   Energies (kJ/mol)
           Bond          Angle Ryckaert-Bell.          LJ-14     Coulomb-14
    3.58185e+01    1.59631e+00    3.81524e+00   -1.71812e-02   -2.48988e+01
        LJ (SR)   Coulomb (SR)   Coul. recip.      Potential Pressure (bar)
    6.99012e+03   -5.34332e+04    2.31761e+02   -4.61950e+04    1.73864e+04


DD  step 98 load imb.: force 16.2%
           Step           Time
             99       99.00000

   Energies (kJ/mol)
           Bond          Angle Ryckaert-Bell.          LJ-14     Coulomb-14
    5.55669e+01    2.30037e+00    4.07620e+00    8.77775e-01   -2.59842e+01
        LJ (SR)   Coulomb (SR)   Coul. recip.      Potential Pressure (bar)
    6.99105e+03   -5.34743e+04    2.30286e+02   -4.62162e+04    1.72213e+04


DD  step 99 load imb.: force 17.6%
           Step           Time
            100      100.00000

   Energies (kJ/mol)
           Bond          Angle Ryckaert-Bell.          LJ-14     Coulomb-14
    7.59030e+01    2.74320e+00    3.78435e+00   -1.20758e-01   -2.46991e+01
        LJ (SR)   Coulomb (SR)   Coul. recip.      Potential Pressure (bar)
    6.99343e+03   -5.35034e+04    2.30465e+02   -4.62219e+04    1.73940e+04


Energy minimization reached the maximum number of steps before the forces
reached the requested precision Fmax < 100.

Steepest Descents did not converge to Fmax < 100 in 101 steps.
Potential Energy  = -4.6221910e+04
Maximum force     =  9.4455303e+03 on atom 8
Norm of force     =  2.4534660e+02

    D O M A I N   D E C O M P O S I T I O N   S T A T I S T I C S

 av. #atoms communicated per step for force:  2 x 16937.6

Finished mdrun on rank 0 Mon Dec  9 20:01:42 2024

