                      :-) GROMACS - gmx mdrun, 2021.4 (-:

                            GROMACS is written by:
     Andrey Alekseenko              Emile Apol              Rossen Apostolov     
         Paul Bauer           Herman J.C. Berendsen           Par Bjelkmar       
       Christian Blau           Viacheslav Bolnykh             Kevin Boyd        
     Aldert van Buuren           Rudi van Drunen             Anton Feenstra      
    Gilles Gouaillardet             Alan Gray               Gerrit Groenhof      
       Anca Hamuraru            Vincent Hindriksen          M. Eric Irrgang      
      Aleksei Iupinov           Christoph Junghans             Joe Jordan        
    Dimitrios Karkoulis            Peter Kasson                Jiri Kraus        
      Carsten Kutzner              Per Larsson              Justin A. Lemkul     
       Viveca Lindahl            Magnus Lundborg             Erik Marklund       
        Pascal Merz             Pieter Meulenhoff            Teemu Murtola       
        Szilard Pall               Sander Pronk              Roland Schulz       
       Michael Shirts            Alexey Shvetsov             Alfons Sijbers      
       Peter Tieleman              Jon Vincent              Teemu Virolainen     
     Christian Wennberg            Maarten Wolf              Artem Zhmurov       
                           and the project leaders:
        Mark Abraham, Berk Hess, Erik Lindahl, and David van der Spoel

Copyright (c) 1991-2000, University of Groningen, The Netherlands.
Copyright (c) 2001-2019, The GROMACS development team at
Uppsala University, Stockholm University and
the Royal Institute of Technology, Sweden.
check out http://www.gromacs.org for more information.

GROMACS is free software; you can redistribute it and/or modify it
under the terms of the GNU Lesser General Public License
as published by the Free Software Foundation; either version 2.1
of the License, or (at your option) any later version.

GROMACS:      gmx mdrun, version 2021.4
Executable:   /data2/APPLI/packages/gromacs/intel/2021.4/single/bin/gmx_mpi
Data prefix:  /data2/APPLI/packages/gromacs/intel/2021.4/single
Working dir:  /data7/kojima/gmx/ermod_GROMACS_example/w_linear.vrsc
Process ID:   1117591
Command line:
  gmx_mpi mdrun -v -deffnm ./solute_min -s ./solute_min.tpr

GROMACS version:    2021.4
Precision:          mixed
Memory model:       64 bit
MPI library:        MPI
OpenMP support:     enabled (GMX_OPENMP_MAX_THREADS = 64)
GPU support:        disabled
SIMD instructions:  AVX_512
FFT library:        Intel MKL
RDTSCP usage:       enabled
TNG support:        enabled
Hwloc support:      disabled
Tracing support:    disabled
C compiler:         /opt/intel/oneapi/mpi/2021.2.0/bin/mpiicc Intel 2021.2.0.20210228
C compiler flags:   -xCORE-AVX512 -qopt-zmm-usage=high -mkl=sequential -std=gnu99 -ip -funroll-all-loops -alias-const -ansi-alias -no-prec-div -fimf-domain-exclusion=14 -qoverride-limits -O3 -DNDEBUG
C++ compiler:       /opt/intel/oneapi/mpi/2021.2.0/bin/mpiicpc Intel 2021.2.0.20210228
C++ compiler flags: -xCORE-AVX512 -qopt-zmm-usage=high -mkl=sequential -ip -funroll-all-loops -alias-const -ansi-alias -no-prec-div -fimf-domain-exclusion=14 -qoverride-limits -qopenmp -O3 -DNDEBUG


Running on 1 node with total 36 cores, 36 logical cores
Hardware detected on host nu-07 (the node of MPI rank 0):
  CPU info:
    Vendor: Intel
    Brand:  Intel(R) Xeon(R) Gold 6240 CPU @ 2.60GHz
    Family: 6   Model: 85   Stepping: 7
    Features: aes apic avx avx2 avx512f avx512cd avx512bw avx512vl avx512secondFMA clfsh cmov cx8 cx16 f16c fma htt intel lahf mmx msr nonstop_tsc pcid pclmuldq pdcm pdpe1gb popcnt pse rdrnd rdtscp sse2 sse3 sse4.1 sse4.2 ssse3 tdt x2apic
    Number of AVX-512 FMA units: 2
  Hardware topology: Only logical processor count


++++ PLEASE READ AND CITE THE FOLLOWING REFERENCE ++++
M. J. Abraham, T. Murtola, R. Schulz, S. Páll, J. C. Smith, B. Hess, E.
Lindahl
GROMACS: High performance molecular simulations through multi-level
parallelism from laptops to supercomputers
SoftwareX 1 (2015) pp. 19-25
-------- -------- --- Thank You --- -------- --------


++++ PLEASE READ AND CITE THE FOLLOWING REFERENCE ++++
S. Páll, M. J. Abraham, C. Kutzner, B. Hess, E. Lindahl
Tackling Exascale Software Challenges in Molecular Dynamics Simulations with
GROMACS
In S. Markidis & E. Laure (Eds.), Solving Software Challenges for Exascale 8759 (2015) pp. 3-27
-------- -------- --- Thank You --- -------- --------


++++ PLEASE READ AND CITE THE FOLLOWING REFERENCE ++++
S. Pronk, S. Páll, R. Schulz, P. Larsson, P. Bjelkmar, R. Apostolov, M. R.
Shirts, J. C. Smith, P. M. Kasson, D. van der Spoel, B. Hess, and E. Lindahl
GROMACS 4.5: a high-throughput and highly parallel open source molecular
simulation toolkit
Bioinformatics 29 (2013) pp. 845-54
-------- -------- --- Thank You --- -------- --------


++++ PLEASE READ AND CITE THE FOLLOWING REFERENCE ++++
B. Hess and C. Kutzner and D. van der Spoel and E. Lindahl
GROMACS 4: Algorithms for highly efficient, load-balanced, and scalable
molecular simulation
J. Chem. Theory Comput. 4 (2008) pp. 435-447
-------- -------- --- Thank You --- -------- --------


++++ PLEASE READ AND CITE THE FOLLOWING REFERENCE ++++
D. van der Spoel, E. Lindahl, B. Hess, G. Groenhof, A. E. Mark and H. J. C.
Berendsen
GROMACS: Fast, Flexible and Free
J. Comp. Chem. 26 (2005) pp. 1701-1719
-------- -------- --- Thank You --- -------- --------


++++ PLEASE READ AND CITE THE FOLLOWING REFERENCE ++++
E. Lindahl and B. Hess and D. van der Spoel
GROMACS 3.0: A package for molecular simulation and trajectory analysis
J. Mol. Mod. 7 (2001) pp. 306-317
-------- -------- --- Thank You --- -------- --------


++++ PLEASE READ AND CITE THE FOLLOWING REFERENCE ++++
H. J. C. Berendsen, D. van der Spoel and R. van Drunen
GROMACS: A message-passing parallel molecular dynamics implementation
Comp. Phys. Comm. 91 (1995) pp. 43-56
-------- -------- --- Thank You --- -------- --------


++++ PLEASE CITE THE DOI FOR THIS VERSION OF GROMACS ++++
https://doi.org/10.5281/zenodo.5636567
-------- -------- --- Thank You --- -------- --------


The number of OpenMP threads was set by environment variable OMP_NUM_THREADS to 1

Input Parameters:
   integrator                     = steep
   tinit                          = 0
   dt                             = 0.001
   nsteps                         = 100
   init-step                      = 0
   simulation-part                = 1
   mts                            = false
   comm-mode                      = Linear
   nstcomm                        = 100
   bd-fric                        = 0
   ld-seed                        = -876773450
   emtol                          = 100
   emstep                         = 0.01
   niter                          = 20
   fcstep                         = 0
   nstcgsteep                     = 1000
   nbfgscorr                      = 10
   rtpi                           = 0.05
   nstxout                        = 0
   nstvout                        = 0
   nstfout                        = 0
   nstlog                         = 1000
   nstcalcenergy                  = 100
   nstenergy                      = 1000
   nstxout-compressed             = 0
   compressed-x-precision         = 1000
   cutoff-scheme                  = Verlet
   nstlist                        = 10
   pbc                            = xyz
   periodic-molecules             = false
   verlet-buffer-tolerance        = 0.005
   rlist                          = 1.26
   coulombtype                    = Cut-off
   coulomb-modifier               = Potential-shift
   rcoulomb-switch                = 0
   rcoulomb                       = 1.2
   epsilon-r                      = 1
   epsilon-rf                     = inf
   vdw-type                       = Cut-off
   vdw-modifier                   = Potential-switch
   rvdw-switch                    = 1
   rvdw                           = 1.2
   DispCorr                       = No
   table-extension                = 1
   fourierspacing                 = 0.12
   fourier-nx                     = 0
   fourier-ny                     = 0
   fourier-nz                     = 0
   pme-order                      = 4
   ewald-rtol                     = 1e-05
   ewald-rtol-lj                  = 0.001
   lj-pme-comb-rule               = Geometric
   ewald-geometry                 = 0
   epsilon-surface                = 0
   tcoupl                         = No
   nsttcouple                     = -1
   nh-chain-length                = 0
   print-nose-hoover-chain-variables = false
   pcoupl                         = No
   pcoupltype                     = Isotropic
   nstpcouple                     = -1
   tau-p                          = 1
   compressibility (3x3):
      compressibility[    0]={ 0.00000e+00,  0.00000e+00,  0.00000e+00}
      compressibility[    1]={ 0.00000e+00,  0.00000e+00,  0.00000e+00}
      compressibility[    2]={ 0.00000e+00,  0.00000e+00,  0.00000e+00}
   ref-p (3x3):
      ref-p[    0]={ 0.00000e+00,  0.00000e+00,  0.00000e+00}
      ref-p[    1]={ 0.00000e+00,  0.00000e+00,  0.00000e+00}
      ref-p[    2]={ 0.00000e+00,  0.00000e+00,  0.00000e+00}
   refcoord-scaling               = No
   posres-com (3):
      posres-com[0]= 0.00000e+00
      posres-com[1]= 0.00000e+00
      posres-com[2]= 0.00000e+00
   posres-comB (3):
      posres-comB[0]= 0.00000e+00
      posres-comB[1]= 0.00000e+00
      posres-comB[2]= 0.00000e+00
   QMMM                           = false
qm-opts:
   ngQM                           = 0
   constraint-algorithm           = Lincs
   continuation                   = false
   Shake-SOR                      = false
   shake-tol                      = 0.0001
   lincs-order                    = 4
   lincs-iter                     = 1
   lincs-warnangle                = 30
   nwall                          = 0
   wall-type                      = 9-3
   wall-r-linpot                  = -1
   wall-atomtype[0]               = -1
   wall-atomtype[1]               = -1
   wall-density[0]                = 0
   wall-density[1]                = 0
   wall-ewald-zfac                = 3
   pull                           = false
   awh                            = false
   rotation                       = false
   interactiveMD                  = false
   disre                          = No
   disre-weighting                = Conservative
   disre-mixed                    = false
   dr-fc                          = 1000
   dr-tau                         = 0
   nstdisreout                    = 100
   orire-fc                       = 0
   orire-tau                      = 0
   nstorireout                    = 100
   free-energy                    = no
   cos-acceleration               = 0
   deform (3x3):
      deform[    0]={ 0.00000e+00,  0.00000e+00,  0.00000e+00}
      deform[    1]={ 0.00000e+00,  0.00000e+00,  0.00000e+00}
      deform[    2]={ 0.00000e+00,  0.00000e+00,  0.00000e+00}
   simulated-tempering            = false
   swapcoords                     = no
   userint1                       = 0
   userint2                       = 0
   userint3                       = 0
   userint4                       = 0
   userreal1                      = 0
   userreal2                      = 0
   userreal3                      = 0
   userreal4                      = 0
   applied-forces:
     electric-field:
       x:
         E0                       = 0
         omega                    = 0
         t0                       = 0
         sigma                    = 0
       y:
         E0                       = 0
         omega                    = 0
         t0                       = 0
         sigma                    = 0
       z:
         E0                       = 0
         omega                    = 0
         t0                       = 0
         sigma                    = 0
     density-guided-simulation:
       active                     = false
       group                      = protein
       similarity-measure         = inner-product
       atom-spreading-weight      = unity
       force-constant             = 1e+09
       gaussian-transform-spreading-width = 0.2
       gaussian-transform-spreading-range-in-multiples-of-width = 4
       reference-density-filename = reference.mrc
       nst                        = 1
       normalize-densities        = true
       adaptive-force-scaling     = false
       adaptive-force-scaling-time-constant = 4
       shift-vector               = 
       transformation-matrix      = 
grpopts:
   nrdf:          24
   ref-t:           0
   tau-t:           0
annealing:          No
annealing-npoints:           0
   acc:	           0           0           0
   nfreeze:           N           N           N
   energygrp-flags[  0]: 0

Using 1 MPI process

Non-default thread affinity set, disabling internal thread affinity

Using 1 OpenMP thread 

System total charge: -0.000
Potential shift: LJ r^-12: 0.000e+00 r^-6: 0.000e+00, Coulomb -8e-01
Generated table with 1130 data points for 1-4 COUL.
Tabscale = 500 points/nm
Generated table with 1130 data points for 1-4 LJ6.
Tabscale = 500 points/nm
Generated table with 1130 data points for 1-4 LJ12.
Tabscale = 500 points/nm


Using SIMD 4x8 nonbonded short-range kernels

Using a 4x8 pair-list setup:
  updated every 10 steps, buffer 0.060 nm, rlist 1.260 nm
Removing pbc first time

Note that activating steepest-descent energy minimization via the integrator .mdp option and the command gmx mdrun may be available in a different form in a future version of GROMACS, e.g. gmx minimize and an .mdp option.
Initiating Steepest Descents
Started Steepest Descents on rank 0 Thu Dec 19 17:31:37 2024


Steepest Descents:
   Tolerance (Fmax)   =  1.00000e+02
   Number of steps    =          100
           Step           Time
              0        0.00000

   Energies (kJ/mol)
           Bond          Angle Ryckaert-Bell.          LJ-14     Coulomb-14
    4.04570e+01    1.03075e+01    3.46295e+00    9.95684e-01   -2.53660e+01
        LJ (SR)   Coulomb (SR)      Potential Pressure (bar)
    0.00000e+00    2.79926e+01    5.78498e+01    2.27936e-04

           Step           Time
              1        1.00000

   Energies (kJ/mol)
           Bond          Angle Ryckaert-Bell.          LJ-14     Coulomb-14
    1.76391e+01    8.64452e+00    3.44785e+00    4.30297e-01   -2.46839e+01
        LJ (SR)   Coulomb (SR)      Potential Pressure (bar)
    0.00000e+00    2.85564e+01    3.40343e+01    3.34363e-03

           Step           Time
              2        2.00000

           Step           Time
              3        3.00000

   Energies (kJ/mol)
           Bond          Angle Ryckaert-Bell.          LJ-14     Coulomb-14
    4.44829e+00    7.11018e+00    3.21488e+00    5.89575e-01   -2.50760e+01
        LJ (SR)   Coulomb (SR)      Potential Pressure (bar)
    0.00000e+00    2.81725e+01    1.84594e+01    7.27175e-04

           Step           Time
              4        4.00000

           Step           Time
              5        5.00000

   Energies (kJ/mol)
           Bond          Angle Ryckaert-Bell.          LJ-14     Coulomb-14
    3.72413e+00    4.94332e+00    3.08527e+00    3.68478e-01   -2.48173e+01
        LJ (SR)   Coulomb (SR)      Potential Pressure (bar)
    0.00000e+00    2.83500e+01    1.56539e+01    1.56826e-03

           Step           Time
              6        6.00000

           Step           Time
              7        7.00000

   Energies (kJ/mol)
           Bond          Angle Ryckaert-Bell.          LJ-14     Coulomb-14
    6.92803e-01    4.56165e+00    2.98933e+00    4.20424e-01   -2.49723e+01
        LJ (SR)   Coulomb (SR)      Potential Pressure (bar)
    0.00000e+00    2.82117e+01    1.19036e+01    6.48791e-04

           Step           Time
              8        8.00000

   Energies (kJ/mol)
           Bond          Angle Ryckaert-Bell.          LJ-14     Coulomb-14
    2.38244e+00    2.28792e+00    2.71435e+00    2.41917e-01   -2.48464e+01
        LJ (SR)   Coulomb (SR)      Potential Pressure (bar)
    0.00000e+00    2.82712e+01    1.10514e+01    7.74096e-04

           Step           Time
              9        9.00000

   Energies (kJ/mol)
           Bond          Angle Ryckaert-Bell.          LJ-14     Coulomb-14
    2.05046e+00    2.21556e+00    2.61944e+00    3.52496e-01   -2.50786e+01
        LJ (SR)   Coulomb (SR)      Potential Pressure (bar)
    0.00000e+00    2.80880e+01    1.02474e+01   -3.25665e-04

           Step           Time
             10       10.00000

           Step           Time
             11       11.00000

   Energies (kJ/mol)
           Bond          Angle Ryckaert-Bell.          LJ-14     Coulomb-14
    2.73544e-01    1.73826e+00    2.57862e+00    2.59533e-01   -2.49408e+01
        LJ (SR)   Coulomb (SR)      Potential Pressure (bar)
    0.00000e+00    2.81936e+01    8.10266e+00    3.71816e-04

           Step           Time
             12       12.00000

           Step           Time
             13       13.00000

   Energies (kJ/mol)
           Bond          Angle Ryckaert-Bell.          LJ-14     Coulomb-14
    4.27857e-01    1.48221e+00    2.48613e+00    2.88100e-01   -2.50245e+01
        LJ (SR)   Coulomb (SR)      Potential Pressure (bar)
    0.00000e+00    2.81272e+01    7.78702e+00   -2.39920e-05

           Step           Time
             14       14.00000

   Energies (kJ/mol)
           Bond          Angle Ryckaert-Bell.          LJ-14     Coulomb-14
    6.10930e-01    1.15756e+00    2.41409e+00    2.14761e-01   -2.49239e+01
        LJ (SR)   Coulomb (SR)      Potential Pressure (bar)
    0.00000e+00    2.82039e+01    7.67740e+00    4.54275e-04

           Step           Time
             15       15.00000

   Energies (kJ/mol)
           Bond          Angle Ryckaert-Bell.          LJ-14     Coulomb-14
    5.97835e-01    1.06489e+00    2.34427e+00    2.74533e-01   -2.50432e+01
        LJ (SR)   Coulomb (SR)      Potential Pressure (bar)
    0.00000e+00    2.81112e+01    7.34945e+00   -1.20789e-04

           Step           Time
             16       16.00000

           Step           Time
             17       17.00000

   Energies (kJ/mol)
           Bond          Angle Ryckaert-Bell.          LJ-14     Coulomb-14
    9.55144e-02    9.12922e-01    2.30832e+00    2.24457e-01   -2.49698e+01
        LJ (SR)   Coulomb (SR)      Potential Pressure (bar)
    0.00000e+00    2.81680e+01    6.73949e+00    2.33538e-04

           Step           Time
             18       18.00000

           Step           Time
             19       19.00000

   Energies (kJ/mol)
           Bond          Angle Ryckaert-Bell.          LJ-14     Coulomb-14
    1.23971e-01    8.02473e-01    2.24514e+00    2.40999e-01   -2.50118e+01
        LJ (SR)   Coulomb (SR)      Potential Pressure (bar)
    0.00000e+00    2.81363e+01    6.53714e+00    3.13613e-05

           Step           Time
             20       20.00000

   Energies (kJ/mol)
           Bond          Angle Ryckaert-Bell.          LJ-14     Coulomb-14
    1.73405e-01    6.55846e-01    2.17303e+00    2.02310e-01   -2.49623e+01
        LJ (SR)   Coulomb (SR)      Potential Pressure (bar)
    0.00000e+00    2.81756e+01    6.41785e+00    2.62650e-04

           Step           Time
             21       21.00000

   Energies (kJ/mol)
           Bond          Angle Ryckaert-Bell.          LJ-14     Coulomb-14
    1.67006e-01    5.92942e-01    2.12019e+00    2.34199e-01   -2.50243e+01
        LJ (SR)   Coulomb (SR)      Potential Pressure (bar)
    0.00000e+00    2.81296e+01    6.21959e+00   -2.77975e-05

           Step           Time
             22       22.00000

           Step           Time
             23       23.00000

   Energies (kJ/mol)
           Bond          Angle Ryckaert-Bell.          LJ-14     Coulomb-14
    4.08133e-02    5.30855e-01    2.08277e+00    2.07469e-01   -2.49874e+01
        LJ (SR)   Coulomb (SR)      Potential Pressure (bar)
    0.00000e+00    2.81599e+01    6.03440e+00    1.51367e-04

           Step           Time
             24       24.00000

   Energies (kJ/mol)
           Bond          Angle Ryckaert-Bell.          LJ-14     Coulomb-14
    1.62107e-01    4.44925e-01    2.00256e+00    2.27141e-01   -2.50316e+01
        LJ (SR)   Coulomb (SR)      Potential Pressure (bar)
    0.00000e+00    2.81300e+01    5.93507e+00   -4.96565e-05

           Step           Time
             25       25.00000

   Energies (kJ/mol)
           Bond          Angle Ryckaert-Bell.          LJ-14     Coulomb-14
    1.28536e-01    3.92750e-01    1.95275e+00    1.89504e-01   -2.49787e+01
        LJ (SR)   Coulomb (SR)      Potential Pressure (bar)
    0.00000e+00    2.81745e+01    5.85939e+00    2.09157e-04

           Step           Time
             26       26.00000

   Energies (kJ/mol)
           Bond          Angle Ryckaert-Bell.          LJ-14     Coulomb-14
    2.07874e-01    3.49755e-01    1.90056e+00    2.25874e-01   -2.50441e+01
        LJ (SR)   Coulomb (SR)      Potential Pressure (bar)
    0.00000e+00    2.81279e+01    5.76784e+00   -8.85570e-05

           Step           Time
             27       27.00000

           Step           Time
             28       28.00000

   Energies (kJ/mol)
           Bond          Angle Ryckaert-Bell.          LJ-14     Coulomb-14
    2.17869e-02    3.22730e-01    1.87208e+00    1.98565e-01   -2.50050e+01
        LJ (SR)   Coulomb (SR)      Potential Pressure (bar)
    0.00000e+00    2.81606e+01    5.57075e+00    1.04352e-04

           Step           Time
             29       29.00000

   Energies (kJ/mol)
           Bond          Angle Ryckaert-Bell.          LJ-14     Coulomb-14
    1.87644e-01    2.64259e-01    1.78395e+00    2.21527e-01   -2.50528e+01
        LJ (SR)   Coulomb (SR)      Potential Pressure (bar)
    0.00000e+00    2.81322e+01    5.53684e+00   -9.48348e-05

           Step           Time
             30       30.00000

   Energies (kJ/mol)
           Bond          Angle Ryckaert-Bell.          LJ-14     Coulomb-14
    1.17953e-01    2.47712e-01    1.74384e+00    1.82581e-01   -2.49974e+01
        LJ (SR)   Coulomb (SR)      Potential Pressure (bar)
    0.00000e+00    2.81798e+01    5.47447e+00    1.81324e-04

           Step           Time
             31       31.00000

   Energies (kJ/mol)
           Bond          Angle Ryckaert-Bell.          LJ-14     Coulomb-14
    2.35271e-01    2.17072e-01    1.69561e+00    2.22887e-01   -2.50665e+01
        LJ (SR)   Coulomb (SR)      Potential Pressure (bar)
    0.00000e+00    2.81320e+01    5.43642e+00   -1.24850e-04

           Step           Time
             32       32.00000

           Step           Time
             33       33.00000

   Energies (kJ/mol)
           Bond          Angle Ryckaert-Bell.          LJ-14     Coulomb-14
    1.35078e-02    2.06718e-01    1.67195e+00    1.94927e-01   -2.50265e+01
        LJ (SR)   Coulomb (SR)      Potential Pressure (bar)
    0.00000e+00    2.81661e+01    5.22674e+00    7.64241e-05

           Step           Time
             34       34.00000

           Step           Time
             35       35.00000

   Energies (kJ/mol)
           Bond          Angle Ryckaert-Bell.          LJ-14     Coulomb-14
    4.81251e-02    1.84519e-01    1.62604e+00    2.07645e-01   -2.50524e+01
        LJ (SR)   Coulomb (SR)      Potential Pressure (bar)
    0.00000e+00    2.81521e+01    5.16603e+00   -2.37928e-05

           Step           Time
             36       36.00000

   Energies (kJ/mol)
           Bond          Angle Ryckaert-Bell.          LJ-14     Coulomb-14
    2.96347e-02    1.74242e-01    1.58025e+00    1.89504e-01   -2.50307e+01
        LJ (SR)   Coulomb (SR)      Potential Pressure (bar)
    0.00000e+00    2.81751e+01    5.11809e+00    9.99810e-05

           Step           Time
             37       37.00000

   Energies (kJ/mol)
           Bond          Angle Ryckaert-Bell.          LJ-14     Coulomb-14
    7.31866e-02    1.55440e-01    1.54072e+00    2.09956e-01   -2.50676e+01
        LJ (SR)   Coulomb (SR)      Potential Pressure (bar)
    0.00000e+00    2.81521e+01    5.06375e+00   -5.32947e-05

           Step           Time
             38       38.00000

           Step           Time
             39       39.00000

   Energies (kJ/mol)
           Bond          Angle Ryckaert-Bell.          LJ-14     Coulomb-14
    8.57545e-03    1.51838e-01    1.51727e+00    1.96002e-01   -2.50495e+01
        LJ (SR)   Coulomb (SR)      Potential Pressure (bar)
    0.00000e+00    2.81695e+01    4.99369e+00    4.39414e-05


Steepest Descents converged to Fmax < 100 in 40 steps
Potential Energy  =  4.9936867e+00
Maximum force     =  9.1080978e+01 on atom 8
Norm of force     =  6.1052719e+01
Finished mdrun on rank 0 Thu Dec 19 17:31:38 2024

