                      :-) GROMACS - gmx mdrun, 2021.4 (-:

                            GROMACS is written by:
     Andrey Alekseenko              Emile Apol              Rossen Apostolov     
         Paul Bauer           Herman J.C. Berendsen           Par Bjelkmar       
       Christian Blau           Viacheslav Bolnykh             Kevin Boyd        
     Aldert van Buuren           Rudi van Drunen             Anton Feenstra      
    Gilles Gouaillardet             Alan Gray               Gerrit Groenhof      
       Anca Hamuraru            Vincent Hindriksen          M. Eric Irrgang      
      Aleksei Iupinov           Christoph Junghans             Joe Jordan        
    Dimitrios Karkoulis            Peter Kasson                Jiri Kraus        
      Carsten Kutzner              Per Larsson              Justin A. Lemkul     
       Viveca Lindahl            Magnus Lundborg             Erik Marklund       
        Pascal Merz             Pieter Meulenhoff            Teemu Murtola       
        Szilard Pall               Sander Pronk              Roland Schulz       
       Michael Shirts            Alexey Shvetsov             Alfons Sijbers      
       Peter Tieleman              Jon Vincent              Teemu Virolainen     
     Christian Wennberg            Maarten Wolf              Artem Zhmurov       
                           and the project leaders:
        Mark Abraham, Berk Hess, Erik Lindahl, and David van der Spoel

Copyright (c) 1991-2000, University of Groningen, The Netherlands.
Copyright (c) 2001-2019, The GROMACS development team at
Uppsala University, Stockholm University and
the Royal Institute of Technology, Sweden.
check out http://www.gromacs.org for more information.

GROMACS is free software; you can redistribute it and/or modify it
under the terms of the GNU Lesser General Public License
as published by the Free Software Foundation; either version 2.1
of the License, or (at your option) any later version.

GROMACS:      gmx mdrun, version 2021.4
Executable:   /data2/APPLI/packages/gromacs/intel/2021.4/single/bin/gmx_mpi
Data prefix:  /data2/APPLI/packages/gromacs/intel/2021.4/single
Working dir:  /data7/maruyama/ermod_GROMACS_example
Process ID:   3526446
Command line:
  gmx_mpi mdrun -s solution_nvt.tpr -o solution_nvt.trr -x solution_nvt.xtc -e solution_nvt.edr -g solution_nvt.log -c solution_nvt.gro

GROMACS version:    2021.4
Precision:          mixed
Memory model:       64 bit
MPI library:        MPI
OpenMP support:     enabled (GMX_OPENMP_MAX_THREADS = 64)
GPU support:        disabled
SIMD instructions:  AVX_512
FFT library:        Intel MKL
RDTSCP usage:       enabled
TNG support:        enabled
Hwloc support:      disabled
Tracing support:    disabled
C compiler:         /opt/intel/oneapi/mpi/2021.2.0/bin/mpiicc Intel 2021.2.0.20210228
C compiler flags:   -xCORE-AVX512 -qopt-zmm-usage=high -mkl=sequential -std=gnu99 -ip -funroll-all-loops -alias-const -ansi-alias -no-prec-div -fimf-domain-exclusion=14 -qoverride-limits -O3 -DNDEBUG
C++ compiler:       /opt/intel/oneapi/mpi/2021.2.0/bin/mpiicpc Intel 2021.2.0.20210228
C++ compiler flags: -xCORE-AVX512 -qopt-zmm-usage=high -mkl=sequential -ip -funroll-all-loops -alias-const -ansi-alias -no-prec-div -fimf-domain-exclusion=14 -qoverride-limits -qopenmp -O3 -DNDEBUG


Running on 1 node with total 28 cores, 28 logical cores
Hardware detected on host oz01 (the node of MPI rank 0):
  CPU info:
    Vendor: Intel
    Brand:  Intel(R) Xeon(R) Gold 6258R CPU @ 2.70GHz
    Family: 6   Model: 85   Stepping: 7
    Features: aes apic avx avx2 avx512f avx512cd avx512bw avx512vl avx512secondFMA clfsh cmov cx8 cx16 f16c fma htt intel lahf mmx msr nonstop_tsc pcid pclmuldq pdcm pdpe1gb popcnt pse rdrnd rdtscp sse2 sse3 sse4.1 sse4.2 ssse3 tdt x2apic
    Number of AVX-512 FMA units: 2
  Hardware topology: Basic
    Sockets, cores, and logical processors:
      Socket  0: [   0] [   1] [   2] [   3] [   4] [   5] [   6] [   7] [   8] [   9] [  10] [  11] [  12] [  13] [  14] [  15] [  16] [  17] [  18] [  19] [  20] [  21] [  22] [  23] [  24] [  25] [  26] [  27]


++++ PLEASE READ AND CITE THE FOLLOWING REFERENCE ++++
M. J. Abraham, T. Murtola, R. Schulz, S. Páll, J. C. Smith, B. Hess, E.
Lindahl
GROMACS: High performance molecular simulations through multi-level
parallelism from laptops to supercomputers
SoftwareX 1 (2015) pp. 19-25
-------- -------- --- Thank You --- -------- --------


++++ PLEASE READ AND CITE THE FOLLOWING REFERENCE ++++
S. Páll, M. J. Abraham, C. Kutzner, B. Hess, E. Lindahl
Tackling Exascale Software Challenges in Molecular Dynamics Simulations with
GROMACS
In S. Markidis & E. Laure (Eds.), Solving Software Challenges for Exascale 8759 (2015) pp. 3-27
-------- -------- --- Thank You --- -------- --------


++++ PLEASE READ AND CITE THE FOLLOWING REFERENCE ++++
S. Pronk, S. Páll, R. Schulz, P. Larsson, P. Bjelkmar, R. Apostolov, M. R.
Shirts, J. C. Smith, P. M. Kasson, D. van der Spoel, B. Hess, and E. Lindahl
GROMACS 4.5: a high-throughput and highly parallel open source molecular
simulation toolkit
Bioinformatics 29 (2013) pp. 845-54
-------- -------- --- Thank You --- -------- --------


++++ PLEASE READ AND CITE THE FOLLOWING REFERENCE ++++
B. Hess and C. Kutzner and D. van der Spoel and E. Lindahl
GROMACS 4: Algorithms for highly efficient, load-balanced, and scalable
molecular simulation
J. Chem. Theory Comput. 4 (2008) pp. 435-447
-------- -------- --- Thank You --- -------- --------


++++ PLEASE READ AND CITE THE FOLLOWING REFERENCE ++++
D. van der Spoel, E. Lindahl, B. Hess, G. Groenhof, A. E. Mark and H. J. C.
Berendsen
GROMACS: Fast, Flexible and Free
J. Comp. Chem. 26 (2005) pp. 1701-1719
-------- -------- --- Thank You --- -------- --------


++++ PLEASE READ AND CITE THE FOLLOWING REFERENCE ++++
E. Lindahl and B. Hess and D. van der Spoel
GROMACS 3.0: A package for molecular simulation and trajectory analysis
J. Mol. Mod. 7 (2001) pp. 306-317
-------- -------- --- Thank You --- -------- --------


++++ PLEASE READ AND CITE THE FOLLOWING REFERENCE ++++
H. J. C. Berendsen, D. van der Spoel and R. van Drunen
GROMACS: A message-passing parallel molecular dynamics implementation
Comp. Phys. Comm. 91 (1995) pp. 43-56
-------- -------- --- Thank You --- -------- --------


++++ PLEASE CITE THE DOI FOR THIS VERSION OF GROMACS ++++
https://doi.org/10.5281/zenodo.5636567
-------- -------- --- Thank You --- -------- --------

Input Parameters:
   integrator                     = sd
   tinit                          = 0
   dt                             = 0.002
   nsteps                         = 25000
   init-step                      = 0
   simulation-part                = 1
   mts                            = false
   comm-mode                      = Linear
   nstcomm                        = 100
   bd-fric                        = 0
   ld-seed                        = -545259667
   emtol                          = 10
   emstep                         = 0.01
   niter                          = 20
   fcstep                         = 0
   nstcgsteep                     = 1000
   nbfgscorr                      = 10
   rtpi                           = 0.05
   nstxout                        = 0
   nstvout                        = 0
   nstfout                        = 0
   nstlog                         = 1000
   nstcalcenergy                  = 100
   nstenergy                      = 1000
   nstxout-compressed             = 0
   compressed-x-precision         = 1000
   cutoff-scheme                  = Verlet
   nstlist                        = 10
   pbc                            = xyz
   periodic-molecules             = false
   verlet-buffer-tolerance        = 0.005
   rlist                          = 1.2
   coulombtype                    = PME
   coulomb-modifier               = Potential-shift
   rcoulomb-switch                = 0
   rcoulomb                       = 1.2
   epsilon-r                      = 1
   epsilon-rf                     = inf
   vdw-type                       = Cut-off
   vdw-modifier                   = Potential-switch
   rvdw-switch                    = 1
   rvdw                           = 1.2
   DispCorr                       = No
   table-extension                = 1
   fourierspacing                 = 0
   fourier-nx                     = 32
   fourier-ny                     = 32
   fourier-nz                     = 32
   pme-order                      = 6
   ewald-rtol                     = 1e-05
   ewald-rtol-lj                  = 0.001
   lj-pme-comb-rule               = Geometric
   ewald-geometry                 = 0
   epsilon-surface                = 0
   tcoupl                         = No
   nsttcouple                     = -1
   nh-chain-length                = 0
   print-nose-hoover-chain-variables = false
   pcoupl                         = No
   pcoupltype                     = Isotropic
   nstpcouple                     = -1
   tau-p                          = 1
   compressibility (3x3):
      compressibility[    0]={ 0.00000e+00,  0.00000e+00,  0.00000e+00}
      compressibility[    1]={ 0.00000e+00,  0.00000e+00,  0.00000e+00}
      compressibility[    2]={ 0.00000e+00,  0.00000e+00,  0.00000e+00}
   ref-p (3x3):
      ref-p[    0]={ 0.00000e+00,  0.00000e+00,  0.00000e+00}
      ref-p[    1]={ 0.00000e+00,  0.00000e+00,  0.00000e+00}
      ref-p[    2]={ 0.00000e+00,  0.00000e+00,  0.00000e+00}
   refcoord-scaling               = No
   posres-com (3):
      posres-com[0]= 0.00000e+00
      posres-com[1]= 0.00000e+00
      posres-com[2]= 0.00000e+00
   posres-comB (3):
      posres-comB[0]= 0.00000e+00
      posres-comB[1]= 0.00000e+00
      posres-comB[2]= 0.00000e+00
   QMMM                           = false
qm-opts:
   ngQM                           = 0
   constraint-algorithm           = Lincs
   continuation                   = false
   Shake-SOR                      = false
   shake-tol                      = 0.0001
   lincs-order                    = 4
   lincs-iter                     = 1
   lincs-warnangle                = 30
   nwall                          = 0
   wall-type                      = 9-3
   wall-r-linpot                  = -1
   wall-atomtype[0]               = -1
   wall-atomtype[1]               = -1
   wall-density[0]                = 0
   wall-density[1]                = 0
   wall-ewald-zfac                = 3
   pull                           = false
   awh                            = false
   rotation                       = false
   interactiveMD                  = false
   disre                          = No
   disre-weighting                = Conservative
   disre-mixed                    = false
   dr-fc                          = 1000
   dr-tau                         = 0
   nstdisreout                    = 100
   orire-fc                       = 0
   orire-tau                      = 0
   nstorireout                    = 100
   free-energy                    = no
   cos-acceleration               = 0
   deform (3x3):
      deform[    0]={ 0.00000e+00,  0.00000e+00,  0.00000e+00}
      deform[    1]={ 0.00000e+00,  0.00000e+00,  0.00000e+00}
      deform[    2]={ 0.00000e+00,  0.00000e+00,  0.00000e+00}
   simulated-tempering            = false
   swapcoords                     = no
   userint1                       = 0
   userint2                       = 0
   userint3                       = 0
   userint4                       = 0
   userreal1                      = 0
   userreal2                      = 0
   userreal3                      = 0
   userreal4                      = 0
   applied-forces:
     electric-field:
       x:
         E0                       = 0
         omega                    = 0
         t0                       = 0
         sigma                    = 0
       y:
         E0                       = 0
         omega                    = 0
         t0                       = 0
         sigma                    = 0
       z:
         E0                       = 0
         omega                    = 0
         t0                       = 0
         sigma                    = 0
     density-guided-simulation:
       active                     = false
       group                      = protein
       similarity-measure         = inner-product
       atom-spreading-weight      = unity
       force-constant             = 1e+09
       gaussian-transform-spreading-width = 0.2
       gaussian-transform-spreading-range-in-multiples-of-width = 4
       reference-density-filename = reference.mrc
       nst                        = 1
       normalize-densities        = true
       adaptive-force-scaling     = false
       adaptive-force-scaling-time-constant = 4
       shift-vector               = 
       transformation-matrix      = 
grpopts:
   nrdf:        6016
   ref-t:         300
   tau-t:           1
annealing:          No
annealing-npoints:           0
   acc:	           0           0           0
   nfreeze:           N           N           N
   energygrp-flags[  0]: 0

Changing nstlist from 10 to 80, rlist from 1.2 to 1.328


Initializing Domain Decomposition on 16 ranks
Dynamic load balancing: auto
Minimum cell size due to atom displacement: 0.583 nm
Initial maximum distances in bonded interactions:
    two-body bonded interactions: 0.342 nm, LJ-14, atoms 4 8
  multi-body bonded interactions: 0.342 nm, Ryckaert-Bell., atoms 4 8
Minimum cell size due to bonded interactions: 0.376 nm
Maximum distance for 5 constraints, at 120 deg. angles, all-trans: 0.497 nm
Estimated maximum distance required for P-LINCS: 0.497 nm
Scaling the initial minimum size with 1/0.8 (option -dds) = 1.25
Using 0 separate PME ranks, as there are too few total
 ranks for efficient splitting
Optimizing the DD grid for 16 cells with a minimum initial size of 0.729 nm
The maximum allowed number of cells is: X 4 Y 4 Z 4
Domain decomposition grid 4 x 4 x 1, separate PME ranks 0
PME domain decomposition: 4 x 4 x 1
Domain decomposition rank 0, coordinates 0 0 0

The initial number of communication pulses is: X 2 Y 2
The initial domain decomposition cell size is: X 0.80 nm Y 0.80 nm

The maximum allowed distance for atoms involved in interactions is:
                 non-bonded interactions           1.328 nm
            two-body bonded interactions  (-rdd)   1.328 nm
          multi-body bonded interactions  (-rdd)   0.800 nm
  atoms separated by up to 5 constraints  (-rcon)  0.800 nm

When dynamic load balancing gets turned on, these settings will change to:
The maximum number of communication pulses is: X 3 Y 3
The minimum size for domain decomposition cells is 0.588 nm
The requested allowed shrink of DD cells (option -dds) is: 0.80
The allowed shrink of domain decomposition cells is: X 0.73 Y 0.73
The maximum allowed distance for atoms involved in interactions is:
                 non-bonded interactions           1.328 nm
            two-body bonded interactions  (-rdd)   1.328 nm
          multi-body bonded interactions  (-rdd)   0.588 nm
  atoms separated by up to 5 constraints  (-rcon)  0.588 nm

Using 16 MPI processes

Non-default thread affinity set, disabling internal thread affinity

Using 1 OpenMP thread per MPI process

System total charge: -0.000
Will do PME sum in reciprocal space for electrostatic interactions.

++++ PLEASE READ AND CITE THE FOLLOWING REFERENCE ++++
U. Essmann, L. Perera, M. L. Berkowitz, T. Darden, H. Lee and L. G. Pedersen 
A smooth particle mesh Ewald method
J. Chem. Phys. 103 (1995) pp. 8577-8592
-------- -------- --- Thank You --- -------- --------

Using a Gaussian width (1/beta) of 0.384195 nm for Ewald
Potential shift: LJ r^-12: 0.000e+00 r^-6: 0.000e+00, Ewald -8.333e-06
Initialized non-bonded Ewald tables, spacing: 1.02e-03 size: 1176

Generated table with 1164 data points for 1-4 COUL.
Tabscale = 500 points/nm
Generated table with 1164 data points for 1-4 LJ6.
Tabscale = 500 points/nm
Generated table with 1164 data points for 1-4 LJ12.
Tabscale = 500 points/nm


Using SIMD 4x8 nonbonded short-range kernels

Using a dual 4x8 pair-list setup updated with dynamic pruning:
  outer list: updated every 80 steps, buffer 0.128 nm, rlist 1.328 nm
  inner list: updated every 13 steps, buffer 0.003 nm, rlist 1.203 nm
At tolerance 0.005 kJ/mol/ps per atom, equivalent classical 1x1 list would be:
  outer list: updated every 80 steps, buffer 0.276 nm, rlist 1.476 nm
  inner list: updated every 13 steps, buffer 0.052 nm, rlist 1.252 nm
Removing pbc first time

Initializing Parallel LINear Constraint Solver

++++ PLEASE READ AND CITE THE FOLLOWING REFERENCE ++++
B. Hess
P-LINCS: A Parallel Linear Constraint Solver for molecular simulation
J. Chem. Theory Comput. 4 (2008) pp. 116-122
-------- -------- --- Thank You --- -------- --------

The number of constraints is 8
There are constraints between atoms in different decomposition domains,
will communicate selected coordinates each lincs iteration

++++ PLEASE READ AND CITE THE FOLLOWING REFERENCE ++++
S. Miyamoto and P. A. Kollman
SETTLE: An Analytical Version of the SHAKE and RATTLE Algorithms for Rigid
Water Models
J. Comp. Chem. 13 (1992) pp. 952-962
-------- -------- --- Thank You --- -------- --------


Linking all bonded interactions to atoms


Intra-simulation communication will occur every 20 steps.

++++ PLEASE READ AND CITE THE FOLLOWING REFERENCE ++++
N. Goga and A. J. Rzepiela and A. H. de Vries and S. J. Marrink and H. J. C.
Berendsen
Efficient Algorithms for Langevin and DPD Dynamics
J. Chem. Theory Comput. 8 (2012) pp. 3637--3649
-------- -------- --- Thank You --- -------- --------

There are: 3009 Atoms
Atom distribution over 16 domains: av 188 stddev 12 min 170 max 206

Constraining the starting coordinates (step 0)

Constraining the coordinates at t0-dt (step 0)
Center of mass motion removal mode is Linear
We have the following groups for center of mass motion removal:
  0:  rest
RMS relative constraint deviation after constraining: 0.00e+00
Initial temperature: 294.674 K

Started mdrun on rank 0 Mon Dec  9 20:02:27 2024

           Step           Time
              0        0.00000

   Energies (kJ/mol)
          Angle Ryckaert-Bell.          LJ-14     Coulomb-14        LJ (SR)
    2.50220e+00    3.71879e+00   -1.73433e-02   -2.46206e+01    6.98885e+03
   Coulomb (SR)   Coul. recip.      Potential    Kinetic En.   Total Energy
   -5.34994e+04    2.30312e+02   -4.62987e+04    7.38965e+03   -3.89090e+04
    Temperature Pressure (bar)   Constr. rmsd
    2.95469e+02   -4.39315e+03    2.43251e-06


DD  step 79 load imb.: force  5.5%

step 160 Turning on dynamic load balancing, because the performance loss due to load imbalance is 2.7 %.
           Step           Time
           1000        2.00000

   Energies (kJ/mol)
          Angle Ryckaert-Bell.          LJ-14     Coulomb-14        LJ (SR)
    1.10288e+01    1.76595e+01    9.28024e-01   -2.41320e+01    8.35844e+03
   Coulomb (SR)   Coul. recip.      Potential    Kinetic En.   Total Energy
   -5.38898e+04    1.39750e+02   -4.53861e+04    7.45084e+03   -3.79352e+04
    Temperature Pressure (bar)   Constr. rmsd
    2.97915e+02   -1.18523e+03    1.31414e-06


DD  step 1999  vol min/aver 0.932  load imb.: force  6.1%
           Step           Time
           2000        4.00000

   Energies (kJ/mol)
          Angle Ryckaert-Bell.          LJ-14     Coulomb-14        LJ (SR)
    1.05515e+01    8.93439e-01    2.80263e-02   -2.43307e+01    8.28499e+03
   Coulomb (SR)   Coul. recip.      Potential    Kinetic En.   Total Energy
   -5.41196e+04    1.32965e+02   -4.57145e+04    7.43259e+03   -3.82819e+04
    Temperature Pressure (bar)   Constr. rmsd
    2.97186e+02   -1.71242e+03    5.92384e-06

           Step           Time
           3000        6.00000

   Energies (kJ/mol)
          Angle Ryckaert-Bell.          LJ-14     Coulomb-14        LJ (SR)
    1.34415e+01    3.14730e+00    1.36311e+00   -2.65871e+01    8.49754e+03
   Coulomb (SR)   Coul. recip.      Potential    Kinetic En.   Total Energy
   -5.47476e+04    1.27716e+02   -4.61309e+04    7.55928e+03   -3.85717e+04
    Temperature Pressure (bar)   Constr. rmsd
    3.02251e+02   -1.50455e+03    2.75826e-06


DD  step 3999  vol min/aver 0.921  load imb.: force  6.1%
           Step           Time
           4000        8.00000

   Energies (kJ/mol)
          Angle Ryckaert-Bell.          LJ-14     Coulomb-14        LJ (SR)
    7.02243e+00   -1.57845e+00    3.77863e-01   -3.07413e+01    8.56373e+03
   Coulomb (SR)   Coul. recip.      Potential    Kinetic En.   Total Energy
   -5.44031e+04    1.46922e+02   -4.57174e+04    7.52528e+03   -3.81921e+04
    Temperature Pressure (bar)   Constr. rmsd
    3.00892e+02   -1.20388e+03    4.55164e-06

           Step           Time
           5000       10.00000

   Energies (kJ/mol)
          Angle Ryckaert-Bell.          LJ-14     Coulomb-14        LJ (SR)
    9.89930e+00    3.60064e+00    7.95263e-01   -3.04137e+01    8.76351e+03
   Coulomb (SR)   Coul. recip.      Potential    Kinetic En.   Total Energy
   -5.47630e+04    1.36271e+02   -4.58793e+04    7.68946e+03   -3.81898e+04
    Temperature Pressure (bar)   Constr. rmsd
    3.07457e+02   -9.32490e+02    1.81723e-06


DD  step 5999  vol min/aver 0.963  load imb.: force  3.8%
           Step           Time
           6000       12.00000

   Energies (kJ/mol)
          Angle Ryckaert-Bell.          LJ-14     Coulomb-14        LJ (SR)
    1.25862e+01    3.55329e+00    3.54068e-01   -2.52832e+01    8.75195e+03
   Coulomb (SR)   Coul. recip.      Potential    Kinetic En.   Total Energy
   -5.49003e+04    1.35022e+02   -4.60221e+04    7.53167e+03   -3.84904e+04
    Temperature Pressure (bar)   Constr. rmsd
    3.01147e+02   -1.01463e+03    9.82705e-07

           Step           Time
           7000       14.00000

   Energies (kJ/mol)
          Angle Ryckaert-Bell.          LJ-14     Coulomb-14        LJ (SR)
    6.20744e+00    5.66294e-01    1.08462e-01   -2.51961e+01    8.47069e+03
   Coulomb (SR)   Coul. recip.      Potential    Kinetic En.   Total Energy
   -5.45915e+04    1.42825e+02   -4.59963e+04    7.46209e+03   -3.85342e+04
    Temperature Pressure (bar)   Constr. rmsd
    2.98366e+02   -1.49479e+03    7.20700e-07


DD  step 7999  vol min/aver 0.942  load imb.: force  2.7%
           Step           Time
           8000       16.00000

   Energies (kJ/mol)
          Angle Ryckaert-Bell.          LJ-14     Coulomb-14        LJ (SR)
    1.17454e+01    1.89259e+00    6.49323e-01   -2.42432e+01    8.44771e+03
   Coulomb (SR)   Coul. recip.      Potential    Kinetic En.   Total Energy
   -5.43009e+04    1.37292e+02   -4.57259e+04    7.44826e+03   -3.82776e+04
    Temperature Pressure (bar)   Constr. rmsd
    2.97812e+02   -1.34645e+03    3.62851e-06

           Step           Time
           9000       18.00000

   Energies (kJ/mol)
          Angle Ryckaert-Bell.          LJ-14     Coulomb-14        LJ (SR)
    1.18267e+01    1.25213e+00    3.62963e-01   -2.51584e+01    8.51540e+03
   Coulomb (SR)   Coul. recip.      Potential    Kinetic En.   Total Energy
   -5.42796e+04    1.35431e+02   -4.56405e+04    7.51008e+03   -3.81304e+04
    Temperature Pressure (bar)   Constr. rmsd
    3.00284e+02   -1.17057e+03    1.72929e-06


DD  step 9999  vol min/aver 0.968  load imb.: force  5.0%
           Step           Time
          10000       20.00000

   Energies (kJ/mol)
          Angle Ryckaert-Bell.          LJ-14     Coulomb-14        LJ (SR)
    1.15478e+01    2.56466e+00    9.01541e-03   -2.50417e+01    8.10650e+03
   Coulomb (SR)   Coul. recip.      Potential    Kinetic En.   Total Energy
   -5.37401e+04    1.34343e+02   -4.55102e+04    7.64601e+03   -3.78641e+04
    Temperature Pressure (bar)   Constr. rmsd
    3.05719e+02   -1.65836e+03    1.19555e-06

           Step           Time
          11000       22.00000

   Energies (kJ/mol)
          Angle Ryckaert-Bell.          LJ-14     Coulomb-14        LJ (SR)
    1.05653e+01    6.24289e+00    1.79039e+00   -3.10879e+01    8.86616e+03
   Coulomb (SR)   Coul. recip.      Potential    Kinetic En.   Total Energy
   -5.46944e+04    1.32512e+02   -4.57082e+04    7.42923e+03   -3.82790e+04
    Temperature Pressure (bar)   Constr. rmsd
    2.97052e+02   -6.64552e+02    1.37506e-06


DD  step 11999  vol min/aver 0.938  load imb.: force  3.9%
           Step           Time
          12000       24.00000

   Energies (kJ/mol)
          Angle Ryckaert-Bell.          LJ-14     Coulomb-14        LJ (SR)
    1.56469e+01   -1.47058e+00    4.98558e-01   -3.03203e+01    8.13115e+03
   Coulomb (SR)   Coul. recip.      Potential    Kinetic En.   Total Energy
   -5.40444e+04    1.35886e+02   -4.57931e+04    7.69289e+03   -3.81002e+04
    Temperature Pressure (bar)   Constr. rmsd
    3.07594e+02   -1.82885e+03    9.94631e-07

           Step           Time
          13000       26.00000

   Energies (kJ/mol)
          Angle Ryckaert-Bell.          LJ-14     Coulomb-14        LJ (SR)
    1.56551e+01    8.63702e-01    2.79155e-01   -3.02197e+01    7.90831e+03
   Coulomb (SR)   Coul. recip.      Potential    Kinetic En.   Total Energy
   -5.36765e+04    1.31605e+02   -4.56500e+04    7.38932e+03   -3.82607e+04
    Temperature Pressure (bar)   Constr. rmsd
    2.95456e+02   -2.29418e+03    3.85334e-06


DD  step 13999  vol min/aver 0.958  load imb.: force  3.0%
           Step           Time
          14000       28.00000

   Energies (kJ/mol)
          Angle Ryckaert-Bell.          LJ-14     Coulomb-14        LJ (SR)
    1.07297e+01    1.19555e+01    1.02879e-01   -2.44881e+01    8.14517e+03
   Coulomb (SR)   Coul. recip.      Potential    Kinetic En.   Total Energy
   -5.42119e+04    1.40771e+02   -4.59277e+04    7.55881e+03   -3.83689e+04
    Temperature Pressure (bar)   Constr. rmsd
    3.02233e+02   -1.95941e+03    1.20724e-06

           Step           Time
          15000       30.00000

   Energies (kJ/mol)
          Angle Ryckaert-Bell.          LJ-14     Coulomb-14        LJ (SR)
    1.27609e+01    1.63094e+00    4.13237e-01   -2.46153e+01    8.45969e+03
   Coulomb (SR)   Coul. recip.      Potential    Kinetic En.   Total Energy
   -5.43867e+04    1.59382e+02   -4.57774e+04    7.47096e+03   -3.83064e+04
    Temperature Pressure (bar)   Constr. rmsd
    2.98720e+02   -1.37755e+03    8.43324e-07


DD  step 15999  vol min/aver 0.953  load imb.: force  4.6%
           Step           Time
          16000       32.00000

   Energies (kJ/mol)
          Angle Ryckaert-Bell.          LJ-14     Coulomb-14        LJ (SR)
    2.20502e+01    2.91256e+00    5.89361e-01   -2.57581e+01    8.68436e+03
   Coulomb (SR)   Coul. recip.      Potential    Kinetic En.   Total Energy
   -5.47641e+04    1.34239e+02   -4.59457e+04    7.51327e+03   -3.84324e+04
    Temperature Pressure (bar)   Constr. rmsd
    3.00412e+02   -1.03664e+03    9.42364e-07

           Step           Time
          17000       34.00000

   Energies (kJ/mol)
          Angle Ryckaert-Bell.          LJ-14     Coulomb-14        LJ (SR)
    1.93357e+01    3.34472e+00    3.39970e+00   -2.89478e+01    8.98598e+03
   Coulomb (SR)   Coul. recip.      Potential    Kinetic En.   Total Energy
   -5.50316e+04    1.43289e+02   -4.59052e+04    7.15364e+03   -3.87516e+04
    Temperature Pressure (bar)   Constr. rmsd
    2.86032e+02   -6.14503e+02    1.61685e-06


DD  step 17999  vol min/aver 0.948  load imb.: force  3.4%
           Step           Time
          18000       36.00000

   Energies (kJ/mol)
          Angle Ryckaert-Bell.          LJ-14     Coulomb-14        LJ (SR)
    7.49330e+00    9.88606e-01    2.33463e+00   -3.42191e+01    8.40665e+03
   Coulomb (SR)   Coul. recip.      Potential    Kinetic En.   Total Energy
   -5.42483e+04    1.39961e+02   -4.57251e+04    7.60714e+03   -3.81179e+04
    Temperature Pressure (bar)   Constr. rmsd
    3.04165e+02   -1.41527e+03    1.12528e-06

           Step           Time
          19000       38.00000

   Energies (kJ/mol)
          Angle Ryckaert-Bell.          LJ-14     Coulomb-14        LJ (SR)
    1.60354e+01    1.69357e+00    3.95056e-02   -2.86831e+01    8.43002e+03
   Coulomb (SR)   Coul. recip.      Potential    Kinetic En.   Total Energy
   -5.42411e+04    1.32956e+02   -4.56890e+04    7.55640e+03   -3.81326e+04
    Temperature Pressure (bar)   Constr. rmsd
    3.02136e+02   -1.39551e+03    5.48665e-06


DD  step 19999  vol min/aver 0.947  load imb.: force  4.6%
           Step           Time
          20000       40.00000

   Energies (kJ/mol)
          Angle Ryckaert-Bell.          LJ-14     Coulomb-14        LJ (SR)
    2.76353e+01    1.36701e+00    2.21940e-01   -2.96146e+01    8.48326e+03
   Coulomb (SR)   Coul. recip.      Potential    Kinetic En.   Total Energy
   -5.41516e+04    1.39943e+02   -4.55288e+04    7.51897e+03   -3.80099e+04
    Temperature Pressure (bar)   Constr. rmsd
    3.00640e+02   -1.15635e+03    7.29206e-07

           Step           Time
          21000       42.00000

   Energies (kJ/mol)
          Angle Ryckaert-Bell.          LJ-14     Coulomb-14        LJ (SR)
    8.68923e+00   -1.77259e+00   -1.45801e-01   -2.96549e+01    8.54636e+03
   Coulomb (SR)   Coul. recip.      Potential    Kinetic En.   Total Energy
   -5.43481e+04    1.45454e+02   -4.56791e+04    7.38410e+03   -3.82950e+04
    Temperature Pressure (bar)   Constr. rmsd
    2.95247e+02   -1.30457e+03    1.35053e-06


DD  step 21999  vol min/aver 0.940  load imb.: force  6.5%
           Step           Time
          22000       44.00000

   Energies (kJ/mol)
          Angle Ryckaert-Bell.          LJ-14     Coulomb-14        LJ (SR)
    9.94307e+00   -2.85767e+00   -2.10195e-01   -2.89793e+01    8.49515e+03
   Coulomb (SR)   Coul. recip.      Potential    Kinetic En.   Total Energy
   -5.44403e+04    1.51644e+02   -4.58156e+04    7.58094e+03   -3.82346e+04
    Temperature Pressure (bar)   Constr. rmsd
    3.03117e+02   -1.29908e+03    2.66360e-06

           Step           Time
          23000       46.00000

   Energies (kJ/mol)
          Angle Ryckaert-Bell.          LJ-14     Coulomb-14        LJ (SR)
    1.30397e+01   -1.97582e+00    1.83073e+00   -3.17040e+01    8.84927e+03
   Coulomb (SR)   Coul. recip.      Potential    Kinetic En.   Total Energy
   -5.48660e+04    1.39046e+02   -4.58965e+04    7.80850e+03   -3.80880e+04
    Temperature Pressure (bar)   Constr. rmsd
    3.12217e+02   -7.44318e+02    1.85139e-06


DD  step 23999  vol min/aver 0.959  load imb.: force  5.5%
           Step           Time
          24000       48.00000

   Energies (kJ/mol)
          Angle Ryckaert-Bell.          LJ-14     Coulomb-14        LJ (SR)
    1.59473e+01   -2.08602e+00    6.25625e-01   -2.85768e+01    8.56148e+03
   Coulomb (SR)   Coul. recip.      Potential    Kinetic En.   Total Energy
   -5.43239e+04    1.52607e+02   -4.56239e+04    7.53216e+03   -3.80918e+04
    Temperature Pressure (bar)   Constr. rmsd
    3.01167e+02   -1.09501e+03    6.95114e-06


DD  step 24959  vol min/aver 0.954  load imb.: force  5.1%
           Step           Time
          25000       50.00000

Writing checkpoint, step 25000 at Mon Dec  9 20:02:38 2024


   Energies (kJ/mol)
          Angle Ryckaert-Bell.          LJ-14     Coulomb-14        LJ (SR)
    2.24325e+01    6.25748e-01    7.45562e-01   -3.07463e+01    8.47953e+03
   Coulomb (SR)   Coul. recip.      Potential    Kinetic En.   Total Energy
   -5.44706e+04    1.80389e+02   -4.58176e+04    7.62058e+03   -3.81970e+04
    Temperature Pressure (bar)   Constr. rmsd
    3.04702e+02   -1.31386e+03    2.19693e-06


	<======  ###############  ==>
	<====  A V E R A G E S  ====>
	<==  ###############  ======>

	Statistics over 25001 steps using 251 frames

   Energies (kJ/mol)
          Angle Ryckaert-Bell.          LJ-14     Coulomb-14        LJ (SR)
    1.24755e+01    2.14811e+00    5.68483e-01   -2.76705e+01    8.40674e+03
   Coulomb (SR)   Coul. recip.      Potential    Kinetic En.   Total Energy
   -5.42974e+04    1.41789e+02   -4.57614e+04    7.52369e+03   -3.82377e+04
    Temperature Pressure (bar)   Constr. rmsd
    3.00829e+02   -1.42055e+03    0.00000e+00

   Total Virial (kJ/mol)
    3.93313e+03   -2.39609e+00   -1.32753e+01
   -2.39021e+00    3.90695e+03   -8.30706e+00
   -1.32883e+01   -8.32388e+00    3.88844e+03

   Pressure (bar)
   -1.44118e+03    8.52886e-01    8.62107e+00
    8.46923e-01   -1.42009e+03    5.80678e+00
    8.63427e+00    5.82382e+00   -1.40038e+03


	M E G A - F L O P S   A C C O U N T I N G

 NB=Group-cutoff nonbonded kernels    NxN=N-by-N cluster Verlet kernels
 RF=Reaction-Field  VdW=Van der Waals  QSTab=quadratic-spline table
 W3=SPC/TIP3p  W4=TIP4p (single or pairs)
 V&F=Potential and force  V=Potential only  F=Force only

 Computing:                               M-Number         M-Flops  % Flops
-----------------------------------------------------------------------------
 Pair Search distance check             505.698450        4551.286     0.1
 NxN Ewald Elec. + LJ [F]             37704.560928     3506524.166    58.4
 NxN Ewald Elec. + LJ [V&F]             382.353280       48558.867     0.8
 NxN Ewald Elec. [F]                  33566.152608     2047535.309    34.1
 NxN Ewald Elec. [V&F]                  340.373440       28591.369     0.5
 1,4 nonbonded interactions               0.300012          27.001     0.0
 Calc Weights                           225.684027        8124.625     0.1
 Spread Q Bspline                     16249.249944       32498.500     0.5
 Gather F Bspline                     16249.249944       97495.500     1.6
 3D-FFT                               24576.933038      196615.464     3.3
 Solve PME                              102.404096        6553.862     0.1
 Reset In Box                             0.941817           2.825     0.0
 CG-CoM                                   0.944826           2.834     0.0
 Angles                                   0.325013          54.602     0.0
 RB-Dihedrals                             0.300012          74.103     0.0
 Virial                                   0.935979          16.848     0.0
 Update                                  75.228009        2332.068     0.0
 Stop-CM                                  0.758268           7.583     0.0
 Calc-Ekin                                7.528518         203.270     0.0
 Lincs                                    0.549808          32.988     0.0
 Lincs-Mat                               10.721256          42.885     0.0
 Constraint-V                           184.612206        1661.510     0.0
 Constraint-Vir                           0.924243          22.182     0.0
 Settle                                  61.172096       22633.676     0.4
-----------------------------------------------------------------------------
 Total                                                 6004163.323   100.0
-----------------------------------------------------------------------------


    D O M A I N   D E C O M P O S I T I O N   S T A T I S T I C S

 av. #atoms communicated per step for force:  2 x 16537.2
 av. #atoms communicated per step for LINCS:  2 x 693.6


Dynamic load balancing report:
 DLB was turned on during the run due to measured imbalance.
 Average load imbalance: 4.5%.
 The balanceable part of the MD step is 38%, load imbalance is computed from this.
 Part of the total run time spent waiting due to load imbalance: 1.7%.
 Steps where the load balancing was limited by -rdd, -rcon and/or -dds: X 0 % Y 0 %


     R E A L   C Y C L E   A N D   T I M E   A C C O U N T I N G

On 16 MPI ranks

 Computing:          Num   Num      Call    Wall time         Giga-Cycles
                     Ranks Threads  Count      (s)         total sum    %
-----------------------------------------------------------------------------
 Domain decomp.        16    1        313       0.058          2.505   0.5
 DD comm. load         16    1        312       0.001          0.038   0.0
 DD comm. bounds       16    1        311       0.002          0.106   0.0
 Neighbor search       16    1        313       0.106          4.584   0.9
 Comm. coord.          16    1      24688       0.202          8.714   1.8
 Force                 16    1      25001       3.969        171.458  34.7
 Wait + Comm. F        16    1      25001       0.225          9.731   2.0
 PME mesh              16    1      25001       5.904        255.045  51.7
 NB X/F buffer ops.    16    1      74377       0.144          6.218   1.3
 Write traj.           16    1          1       0.001          0.028   0.0
 Update                16    1      50002       0.297         12.823   2.6
 Constraints           16    1      50004       0.457         19.724   4.0
 Comm. energies        16    1       1251       0.010          0.427   0.1
 Rest                                           0.052          2.232   0.5
-----------------------------------------------------------------------------
 Total                                         11.427        493.633 100.0
-----------------------------------------------------------------------------
 Breakdown of PME mesh computation
-----------------------------------------------------------------------------
 PME redist. X/F       16    1      50002       0.638         27.540   5.6
 PME spread            16    1      25001       2.566        110.854  22.5
 PME gather            16    1      25001       1.435         61.993  12.6
 PME 3D-FFT            16    1      50002       0.689         29.767   6.0
 PME 3D-FFT Comm.      16    1     100004       0.513         22.153   4.5
 PME solve Elec        16    1      25001       0.046          2.001   0.4
-----------------------------------------------------------------------------

               Core t (s)   Wall t (s)        (%)
       Time:      182.824       11.427     1600.0
                 (ns/day)    (hour/ns)
Performance:      378.073        0.063
Finished mdrun on rank 0 Mon Dec  9 20:02:38 2024

