                      :-) GROMACS - gmx mdrun, 2021.4 (-:

                            GROMACS is written by:
     Andrey Alekseenko              Emile Apol              Rossen Apostolov     
         Paul Bauer           Herman J.C. Berendsen           Par Bjelkmar       
       Christian Blau           Viacheslav Bolnykh             Kevin Boyd        
     Aldert van Buuren           Rudi van Drunen             Anton Feenstra      
    Gilles Gouaillardet             Alan Gray               Gerrit Groenhof      
       Anca Hamuraru            Vincent Hindriksen          M. Eric Irrgang      
      Aleksei Iupinov           Christoph Junghans             Joe Jordan        
    Dimitrios Karkoulis            Peter Kasson                Jiri Kraus        
      Carsten Kutzner              Per Larsson              Justin A. Lemkul     
       Viveca Lindahl            Magnus Lundborg             Erik Marklund       
        Pascal Merz             Pieter Meulenhoff            Teemu Murtola       
        Szilard Pall               Sander Pronk              Roland Schulz       
       Michael Shirts            Alexey Shvetsov             Alfons Sijbers      
       Peter Tieleman              Jon Vincent              Teemu Virolainen     
     Christian Wennberg            Maarten Wolf              Artem Zhmurov       
                           and the project leaders:
        Mark Abraham, Berk Hess, Erik Lindahl, and David van der Spoel

Copyright (c) 1991-2000, University of Groningen, The Netherlands.
Copyright (c) 2001-2019, The GROMACS development team at
Uppsala University, Stockholm University and
the Royal Institute of Technology, Sweden.
check out http://www.gromacs.org for more information.

GROMACS is free software; you can redistribute it and/or modify it
under the terms of the GNU Lesser General Public License
as published by the Free Software Foundation; either version 2.1
of the License, or (at your option) any later version.

GROMACS:      gmx mdrun, version 2021.4
Executable:   /data2/APPLI/packages/gromacs/intel/2021.4/single/bin/gmx_mpi
Data prefix:  /data2/APPLI/packages/gromacs/intel/2021.4/single
Working dir:  /data7/maruyama/ermod_GROMACS_example
Process ID:   3526908
Command line:
  gmx_mpi mdrun -s solvent_run.tpr -o solvent_run.trr -x solvent_run.xtc -e solvent_run.edr -g solvent_run.log -c solvent_run.gro

GROMACS version:    2021.4
Precision:          mixed
Memory model:       64 bit
MPI library:        MPI
OpenMP support:     enabled (GMX_OPENMP_MAX_THREADS = 64)
GPU support:        disabled
SIMD instructions:  AVX_512
FFT library:        Intel MKL
RDTSCP usage:       enabled
TNG support:        enabled
Hwloc support:      disabled
Tracing support:    disabled
C compiler:         /opt/intel/oneapi/mpi/2021.2.0/bin/mpiicc Intel 2021.2.0.20210228
C compiler flags:   -xCORE-AVX512 -qopt-zmm-usage=high -mkl=sequential -std=gnu99 -ip -funroll-all-loops -alias-const -ansi-alias -no-prec-div -fimf-domain-exclusion=14 -qoverride-limits -O3 -DNDEBUG
C++ compiler:       /opt/intel/oneapi/mpi/2021.2.0/bin/mpiicpc Intel 2021.2.0.20210228
C++ compiler flags: -xCORE-AVX512 -qopt-zmm-usage=high -mkl=sequential -ip -funroll-all-loops -alias-const -ansi-alias -no-prec-div -fimf-domain-exclusion=14 -qoverride-limits -qopenmp -O3 -DNDEBUG


Running on 1 node with total 28 cores, 28 logical cores
Hardware detected on host oz01 (the node of MPI rank 0):
  CPU info:
    Vendor: Intel
    Brand:  Intel(R) Xeon(R) Gold 6258R CPU @ 2.70GHz
    Family: 6   Model: 85   Stepping: 7
    Features: aes apic avx avx2 avx512f avx512cd avx512bw avx512vl avx512secondFMA clfsh cmov cx8 cx16 f16c fma htt intel lahf mmx msr nonstop_tsc pcid pclmuldq pdcm pdpe1gb popcnt pse rdrnd rdtscp sse2 sse3 sse4.1 sse4.2 ssse3 tdt x2apic
    Number of AVX-512 FMA units: 2
  Hardware topology: Basic
    Sockets, cores, and logical processors:
      Socket  0: [   0] [   1] [   2] [   3] [   4] [   5] [   6] [   7] [   8] [   9] [  10] [  11] [  12] [  13] [  14] [  15] [  16] [  17] [  18] [  19] [  20] [  21] [  22] [  23] [  24] [  25] [  26] [  27]


++++ PLEASE READ AND CITE THE FOLLOWING REFERENCE ++++
M. J. Abraham, T. Murtola, R. Schulz, S. Pall, J. C. Smith, B. Hess, E.
Lindahl
GROMACS: High performance molecular simulations through multi-level
parallelism from laptops to supercomputers
SoftwareX 1 (2015) pp. 19-25
-------- -------- --- Thank You --- -------- --------


++++ PLEASE READ AND CITE THE FOLLOWING REFERENCE ++++
S. Pall, M. J. Abraham, C. Kutzner, B. Hess, E. Lindahl
Tackling Exascale Software Challenges in Molecular Dynamics Simulations with
GROMACS
In S. Markidis & E. Laure (Eds.), Solving Software Challenges for Exascale 8759 (2015) pp. 3-27
-------- -------- --- Thank You --- -------- --------


++++ PLEASE READ AND CITE THE FOLLOWING REFERENCE ++++
S. Pronk, S. Pall, R. Schulz, P. Larsson, P. Bjelkmar, R. Apostolov, M. R.
Shirts, J. C. Smith, P. M. Kasson, D. van der Spoel, B. Hess, and E. Lindahl
GROMACS 4.5: a high-throughput and highly parallel open source molecular
simulation toolkit
Bioinformatics 29 (2013) pp. 845-54
-------- -------- --- Thank You --- -------- --------


++++ PLEASE READ AND CITE THE FOLLOWING REFERENCE ++++
B. Hess and C. Kutzner and D. van der Spoel and E. Lindahl
GROMACS 4: Algorithms for highly efficient, load-balanced, and scalable
molecular simulation
J. Chem. Theory Comput. 4 (2008) pp. 435-447
-------- -------- --- Thank You --- -------- --------


++++ PLEASE READ AND CITE THE FOLLOWING REFERENCE ++++
D. van der Spoel, E. Lindahl, B. Hess, G. Groenhof, A. E. Mark and H. J. C.
Berendsen
GROMACS: Fast, Flexible and Free
J. Comp. Chem. 26 (2005) pp. 1701-1719
-------- -------- --- Thank You --- -------- --------


++++ PLEASE READ AND CITE THE FOLLOWING REFERENCE ++++
E. Lindahl and B. Hess and D. van der Spoel
GROMACS 3.0: A package for molecular simulation and trajectory analysis
J. Mol. Mod. 7 (2001) pp. 306-317
-------- -------- --- Thank You --- -------- --------


++++ PLEASE READ AND CITE THE FOLLOWING REFERENCE ++++
H. J. C. Berendsen, D. van der Spoel and R. van Drunen
GROMACS: A message-passing parallel molecular dynamics implementation
Comp. Phys. Comm. 91 (1995) pp. 43-56
-------- -------- --- Thank You --- -------- --------


++++ PLEASE CITE THE DOI FOR THIS VERSION OF GROMACS ++++
https://doi.org/10.5281/zenodo.5636567
-------- -------- --- Thank You --- -------- --------

Input Parameters:
   integrator                     = md
   tinit                          = 0
   dt                             = 0.002
   nsteps                         = 25000
   init-step                      = 0
   simulation-part                = 1
   mts                            = false
   comm-mode                      = Linear
   nstcomm                        = 100
   bd-fric                        = 0
   ld-seed                        = -671363841
   emtol                          = 10
   emstep                         = 0.01
   niter                          = 20
   fcstep                         = 0
   nstcgsteep                     = 1000
   nbfgscorr                      = 10
   rtpi                           = 0.05
   nstxout                        = 0
   nstvout                        = 0
   nstfout                        = 0
   nstlog                         = 1000
   nstcalcenergy                  = 100
   nstenergy                      = 1000
   nstxout-compressed             = 50
   compressed-x-precision         = 1000
   cutoff-scheme                  = Verlet
   nstlist                        = 10
   pbc                            = xyz
   periodic-molecules             = false
   verlet-buffer-tolerance        = 0.005
   rlist                          = 1.2
   coulombtype                    = PME
   coulomb-modifier               = Potential-shift
   rcoulomb-switch                = 0
   rcoulomb                       = 1.2
   epsilon-r                      = 1
   epsilon-rf                     = inf
   vdw-type                       = Cut-off
   vdw-modifier                   = Potential-switch
   rvdw-switch                    = 1
   rvdw                           = 1.2
   DispCorr                       = No
   table-extension                = 1
   fourierspacing                 = 0
   fourier-nx                     = 32
   fourier-ny                     = 32
   fourier-nz                     = 32
   pme-order                      = 6
   ewald-rtol                     = 1e-05
   ewald-rtol-lj                  = 0.001
   lj-pme-comb-rule               = Geometric
   ewald-geometry                 = 0
   epsilon-surface                = 0
   tcoupl                         = V-rescale
   nsttcouple                     = 10
   nh-chain-length                = 0
   print-nose-hoover-chain-variables = false
   pcoupl                         = C-rescale
   pcoupltype                     = Isotropic
   nstpcouple                     = 10
   tau-p                          = 1
   compressibility (3x3):
      compressibility[    0]={ 4.50000e-05,  0.00000e+00,  0.00000e+00}
      compressibility[    1]={ 0.00000e+00,  4.50000e-05,  0.00000e+00}
      compressibility[    2]={ 0.00000e+00,  0.00000e+00,  4.50000e-05}
   ref-p (3x3):
      ref-p[    0]={ 1.00000e+00,  0.00000e+00,  0.00000e+00}
      ref-p[    1]={ 0.00000e+00,  1.00000e+00,  0.00000e+00}
      ref-p[    2]={ 0.00000e+00,  0.00000e+00,  1.00000e+00}
   refcoord-scaling               = No
   posres-com (3):
      posres-com[0]= 0.00000e+00
      posres-com[1]= 0.00000e+00
      posres-com[2]= 0.00000e+00
   posres-comB (3):
      posres-comB[0]= 0.00000e+00
      posres-comB[1]= 0.00000e+00
      posres-comB[2]= 0.00000e+00
   QMMM                           = false
qm-opts:
   ngQM                           = 0
   constraint-algorithm           = Lincs
   continuation                   = false
   Shake-SOR                      = false
   shake-tol                      = 0.0001
   lincs-order                    = 4
   lincs-iter                     = 1
   lincs-warnangle                = 30
   nwall                          = 0
   wall-type                      = 9-3
   wall-r-linpot                  = -1
   wall-atomtype[0]               = -1
   wall-atomtype[1]               = -1
   wall-density[0]                = 0
   wall-density[1]                = 0
   wall-ewald-zfac                = 3
   pull                           = false
   awh                            = false
   rotation                       = false
   interactiveMD                  = false
   disre                          = No
   disre-weighting                = Conservative
   disre-mixed                    = false
   dr-fc                          = 1000
   dr-tau                         = 0
   nstdisreout                    = 100
   orire-fc                       = 0
   orire-tau                      = 0
   nstorireout                    = 100
   free-energy                    = no
   cos-acceleration               = 0
   deform (3x3):
      deform[    0]={ 0.00000e+00,  0.00000e+00,  0.00000e+00}
      deform[    1]={ 0.00000e+00,  0.00000e+00,  0.00000e+00}
      deform[    2]={ 0.00000e+00,  0.00000e+00,  0.00000e+00}
   simulated-tempering            = false
   swapcoords                     = no
   userint1                       = 0
   userint2                       = 0
   userint3                       = 0
   userint4                       = 0
   userreal1                      = 0
   userreal2                      = 0
   userreal3                      = 0
   userreal4                      = 0
   applied-forces:
     electric-field:
       x:
         E0                       = 0
         omega                    = 0
         t0                       = 0
         sigma                    = 0
       y:
         E0                       = 0
         omega                    = 0
         t0                       = 0
         sigma                    = 0
       z:
         E0                       = 0
         omega                    = 0
         t0                       = 0
         sigma                    = 0
     density-guided-simulation:
       active                     = false
       group                      = protein
       similarity-measure         = inner-product
       atom-spreading-weight      = unity
       force-constant             = 1e+09
       gaussian-transform-spreading-width = 0.2
       gaussian-transform-spreading-range-in-multiples-of-width = 4
       reference-density-filename = reference.mrc
       nst                        = 1
       normalize-densities        = true
       adaptive-force-scaling     = false
       adaptive-force-scaling-time-constant = 4
       shift-vector               = 
       transformation-matrix      = 
grpopts:
   nrdf:        5997
   ref-t:         300
   tau-t:           1
annealing:          No
annealing-npoints:           0
   acc:	           0           0           0
   nfreeze:           N           N           N
   energygrp-flags[  0]: 0

Changing nstlist from 10 to 80, rlist from 1.2 to 1.334


Initializing Domain Decomposition on 16 ranks
Dynamic load balancing: auto
Using update groups, nr 1000, average size 3.0 atoms, max. radius 0.084 nm
Minimum cell size due to atom displacement: 0.430 nm
Scaling the initial minimum size with 1/0.8 (option -dds) = 1.25
Using 0 separate PME ranks, as there are too few total
 ranks for efficient splitting
Optimizing the DD grid for 16 cells with a minimum initial size of 0.538 nm
The maximum allowed number of cells is: X 5 Y 5 Z 5
Domain decomposition grid 4 x 4 x 1, separate PME ranks 0
PME domain decomposition: 4 x 4 x 1
Domain decomposition rank 0, coordinates 0 0 0

The initial number of communication pulses is: X 2 Y 2
The initial domain decomposition cell size is: X 0.78 nm Y 0.78 nm

When dynamic load balancing gets turned on, these settings will change to:
The maximum number of communication pulses is: X 3 Y 3
The minimum size for domain decomposition cells is 0.501 nm
The requested allowed shrink of DD cells (option -dds) is: 0.80
The allowed shrink of domain decomposition cells is: X 0.65 Y 0.65

Using 16 MPI processes

Non-default thread affinity set, disabling internal thread affinity

Using 1 OpenMP thread per MPI process

System total charge: 0.000
Will do PME sum in reciprocal space for electrostatic interactions.

++++ PLEASE READ AND CITE THE FOLLOWING REFERENCE ++++
U. Essmann, L. Perera, M. L. Berkowitz, T. Darden, H. Lee and L. G. Pedersen 
A smooth particle mesh Ewald method
J. Chem. Phys. 103 (1995) pp. 8577-8592
-------- -------- --- Thank You --- -------- --------

Using a Gaussian width (1/beta) of 0.384195 nm for Ewald
Potential shift: LJ r^-12: 0.000e+00 r^-6: 0.000e+00, Ewald -8.333e-06
Initialized non-bonded Ewald tables, spacing: 1.02e-03 size: 1176



Using SIMD 4x8 nonbonded short-range kernels

Using a dual 4x8 pair-list setup updated with dynamic pruning:
  outer list: updated every 80 steps, buffer 0.134 nm, rlist 1.334 nm
  inner list: updated every 12 steps, buffer 0.002 nm, rlist 1.202 nm
At tolerance 0.005 kJ/mol/ps per atom, equivalent classical 1x1 list would be:
  outer list: updated every 80 steps, buffer 0.281 nm, rlist 1.481 nm
  inner list: updated every 12 steps, buffer 0.048 nm, rlist 1.248 nm
Removing pbc first time

++++ PLEASE READ AND CITE THE FOLLOWING REFERENCE ++++
S. Miyamoto and P. A. Kollman
SETTLE: An Analytical Version of the SHAKE and RATTLE Algorithms for Rigid
Water Models
J. Comp. Chem. 13 (1992) pp. 952-962
-------- -------- --- Thank You --- -------- --------


Linking all bonded interactions to atoms


Intra-simulation communication will occur every 10 steps.

++++ PLEASE READ AND CITE THE FOLLOWING REFERENCE ++++
G. Bussi, D. Donadio and M. Parrinello
Canonical sampling through velocity rescaling
J. Chem. Phys. 126 (2007) pp. 014101
-------- -------- --- Thank You --- -------- --------


++++ PLEASE READ AND CITE THE FOLLOWING REFERENCE ++++
M. Bernetti, G. Bussi
Pressure control using stochastic cell rescaling
J. Chem. Phys. 153 (2020) pp. 114107
-------- -------- --- Thank You --- -------- --------

There are: 3000 Atoms
Atom distribution over 16 domains: av 187 stddev 17 min 168 max 204

Constraining the starting coordinates (step 0)

Constraining the coordinates at t0-dt (step 0)
Center of mass motion removal mode is Linear
We have the following groups for center of mass motion removal:
  0:  rest
RMS relative constraint deviation after constraining: 0.00e+00
Initial temperature: 289.839 K

Started mdrun on rank 0 Mon Dec  9 20:06:16 2024

           Step           Time
              0        0.00000

   Energies (kJ/mol)
        LJ (SR)   Coulomb (SR)   Coul. recip.      Potential    Kinetic En.
    8.89369e+03   -5.58883e+04    1.10358e+02   -4.68843e+04    7.21943e+03
   Total Energy  Conserved En.    Temperature Pressure (bar)
   -3.96648e+04   -3.96664e+04    2.89577e+02   -2.27010e+02


DD  step 79 load imb.: force  5.4%

step 160 Turning on dynamic load balancing, because the performance loss due to load imbalance is 2.5 %.
           Step           Time
           1000        2.00000

   Energies (kJ/mol)
        LJ (SR)   Coulomb (SR)   Coul. recip.      Potential    Kinetic En.
    9.53126e+03   -5.64101e+04    1.12678e+02   -4.67661e+04    7.39747e+03
   Total Energy  Conserved En.    Temperature Pressure (bar)
   -3.93687e+04   -3.96642e+04    2.96719e+02    7.55279e+02


DD  step 1999  vol min/aver 0.914  load imb.: force  4.9%
           Step           Time
           2000        4.00000

   Energies (kJ/mol)
        LJ (SR)   Coulomb (SR)   Coul. recip.      Potential    Kinetic En.
    8.87336e+03   -5.58056e+04    1.25429e+02   -4.68068e+04    7.19561e+03
   Total Energy  Conserved En.    Temperature Pressure (bar)
   -3.96112e+04   -3.96388e+04    2.88622e+02   -4.71548e+02

           Step           Time
           3000        6.00000

   Energies (kJ/mol)
        LJ (SR)   Coulomb (SR)   Coul. recip.      Potential    Kinetic En.
    9.38289e+03   -5.66656e+04    1.07799e+02   -4.71750e+04    7.47190e+03
   Total Energy  Conserved En.    Temperature Pressure (bar)
   -3.97031e+04   -3.95925e+04    2.99704e+02    2.18487e+02


DD  step 3999  vol min/aver 0.936  load imb.: force 10.2%
           Step           Time
           4000        8.00000

   Energies (kJ/mol)
        LJ (SR)   Coulomb (SR)   Coul. recip.      Potential    Kinetic En.
    9.13281e+03   -5.61084e+04    1.22664e+02   -4.68529e+04    7.31537e+03
   Total Energy  Conserved En.    Temperature Pressure (bar)
   -3.95375e+04   -3.94957e+04    2.93426e+02    3.38203e+02

           Step           Time
           5000       10.00000

   Energies (kJ/mol)
        LJ (SR)   Coulomb (SR)   Coul. recip.      Potential    Kinetic En.
    9.05135e+03   -5.59554e+04    1.28378e+02   -4.67757e+04    7.47283e+03
   Total Energy  Conserved En.    Temperature Pressure (bar)
   -3.93029e+04   -3.95247e+04    2.99741e+02   -5.83076e+01


DD  step 5999  vol min/aver 0.926  load imb.: force  6.0%
           Step           Time
           6000       12.00000

   Energies (kJ/mol)
        LJ (SR)   Coulomb (SR)   Coul. recip.      Potential    Kinetic En.
    9.08397e+03   -5.61689e+04    1.18537e+02   -4.69664e+04    7.59324e+03
   Total Energy  Conserved En.    Temperature Pressure (bar)
   -3.93731e+04   -3.94995e+04    3.04571e+02   -1.63991e+02

           Step           Time
           7000       14.00000

   Energies (kJ/mol)
        LJ (SR)   Coulomb (SR)   Coul. recip.      Potential    Kinetic En.
    9.39289e+03   -5.64131e+04    1.30813e+02   -4.68894e+04    7.40607e+03
   Total Energy  Conserved En.    Temperature Pressure (bar)
   -3.94833e+04   -3.94652e+04    2.97064e+02    4.22589e+02


DD  step 7999  vol min/aver 0.877  load imb.: force  5.9%
           Step           Time
           8000       16.00000

   Energies (kJ/mol)
        LJ (SR)   Coulomb (SR)   Coul. recip.      Potential    Kinetic En.
    8.81460e+03   -5.57009e+04    1.24811e+02   -4.67615e+04    7.24072e+03
   Total Energy  Conserved En.    Temperature Pressure (bar)
   -3.95208e+04   -3.94143e+04    2.90431e+02   -2.92736e+02

           Step           Time
           9000       18.00000

   Energies (kJ/mol)
        LJ (SR)   Coulomb (SR)   Coul. recip.      Potential    Kinetic En.
    8.94809e+03   -5.59323e+04    1.52613e+02   -4.68316e+04    7.50222e+03
   Total Energy  Conserved En.    Temperature Pressure (bar)
   -3.93294e+04   -3.94197e+04    3.00920e+02   -1.58981e+02


DD  step 9999  vol min/aver 0.927  load imb.: force  5.2%
           Step           Time
          10000       20.00000

   Energies (kJ/mol)
        LJ (SR)   Coulomb (SR)   Coul. recip.      Potential    Kinetic En.
    9.11367e+03   -5.61404e+04    1.11041e+02   -4.69157e+04    7.55280e+03
   Total Energy  Conserved En.    Temperature Pressure (bar)
   -3.93629e+04   -3.93317e+04    3.02949e+02    2.79066e+02

           Step           Time
          11000       22.00000

   Energies (kJ/mol)
        LJ (SR)   Coulomb (SR)   Coul. recip.      Potential    Kinetic En.
    9.07186e+03   -5.60904e+04    1.10141e+02   -4.69084e+04    7.28537e+03
   Total Energy  Conserved En.    Temperature Pressure (bar)
   -3.96231e+04   -3.92720e+04    2.92222e+02    1.21618e+02


DD  step 11999  vol min/aver 0.928  load imb.: force  8.9%
           Step           Time
          12000       24.00000

   Energies (kJ/mol)
        LJ (SR)   Coulomb (SR)   Coul. recip.      Potential    Kinetic En.
    8.96741e+03   -5.59918e+04    1.35509e+02   -4.68889e+04    7.33435e+03
   Total Energy  Conserved En.    Temperature Pressure (bar)
   -3.95545e+04   -3.92084e+04    2.94187e+02   -9.81987e+01

           Step           Time
          13000       26.00000

   Energies (kJ/mol)
        LJ (SR)   Coulomb (SR)   Coul. recip.      Potential    Kinetic En.
    9.05362e+03   -5.59019e+04    1.24388e+02   -4.67239e+04    7.38869e+03
   Total Energy  Conserved En.    Temperature Pressure (bar)
   -3.93352e+04   -3.92353e+04    2.96367e+02    1.50562e+01


DD  step 13999  vol min/aver 0.924  load imb.: force  8.2%
           Step           Time
          14000       28.00000

   Energies (kJ/mol)
        LJ (SR)   Coulomb (SR)   Coul. recip.      Potential    Kinetic En.
    9.13951e+03   -5.58826e+04    1.17920e+02   -4.66251e+04    7.42232e+03
   Total Energy  Conserved En.    Temperature Pressure (bar)
   -3.92028e+04   -3.91931e+04    2.97716e+02    3.15111e+02

           Step           Time
          15000       30.00000

   Energies (kJ/mol)
        LJ (SR)   Coulomb (SR)   Coul. recip.      Potential    Kinetic En.
    8.86757e+03   -5.54375e+04    1.28496e+02   -4.64415e+04    7.38455e+03
   Total Energy  Conserved En.    Temperature Pressure (bar)
   -3.90569e+04   -3.91718e+04    2.96201e+02    1.22189e+01


DD  step 15999  vol min/aver 0.921  load imb.: force  8.0%
           Step           Time
          16000       32.00000

   Energies (kJ/mol)
        LJ (SR)   Coulomb (SR)   Coul. recip.      Potential    Kinetic En.
    9.02060e+03   -5.54534e+04    1.31842e+02   -4.63010e+04    7.27471e+03
   Total Energy  Conserved En.    Temperature Pressure (bar)
   -3.90263e+04   -3.91478e+04    2.91795e+02    1.75416e+02

           Step           Time
          17000       34.00000

   Energies (kJ/mol)
        LJ (SR)   Coulomb (SR)   Coul. recip.      Potential    Kinetic En.
    9.22121e+03   -5.61465e+04    1.22507e+02   -4.68028e+04    7.76197e+03
   Total Energy  Conserved En.    Temperature Pressure (bar)
   -3.90408e+04   -3.91276e+04    3.11339e+02    4.13834e+02


DD  step 17999  vol min/aver 0.897  load imb.: force 10.1%
           Step           Time
          18000       36.00000

   Energies (kJ/mol)
        LJ (SR)   Coulomb (SR)   Coul. recip.      Potential    Kinetic En.
    8.82856e+03   -5.52766e+04    1.29277e+02   -4.63188e+04    7.50652e+03
   Total Energy  Conserved En.    Temperature Pressure (bar)
   -3.88123e+04   -3.92145e+04    3.01093e+02   -4.41668e+02

           Step           Time
          19000       38.00000

   Energies (kJ/mol)
        LJ (SR)   Coulomb (SR)   Coul. recip.      Potential    Kinetic En.
    8.77448e+03   -5.52985e+04    1.47269e+02   -4.63768e+04    7.38915e+03
   Total Energy  Conserved En.    Temperature Pressure (bar)
   -3.89876e+04   -3.90982e+04    2.96385e+02   -3.22307e+02


step 19200 Turning off dynamic load balancing, because it is degrading performance.
Atom distribution over 16 domains: av 187 stddev 17 min 165 max 204

DD  step 19999 load imb.: force  9.3%
           Step           Time
          20000       40.00000

   Energies (kJ/mol)
        LJ (SR)   Coulomb (SR)   Coul. recip.      Potential    Kinetic En.
    9.02728e+03   -5.59345e+04    1.45194e+02   -4.67620e+04    7.43700e+03
   Total Energy  Conserved En.    Temperature Pressure (bar)
   -3.93250e+04   -3.90092e+04    2.98305e+02   -3.17606e+01

           Step           Time
          21000       42.00000

   Energies (kJ/mol)
        LJ (SR)   Coulomb (SR)   Coul. recip.      Potential    Kinetic En.
    9.44449e+03   -5.67463e+04    1.27912e+02   -4.71739e+04    7.52996e+03
   Total Energy  Conserved En.    Temperature Pressure (bar)
   -3.96439e+04   -3.89328e+04    3.02033e+02    5.64832e+02


DD  step 21999 load imb.: force  8.8%
           Step           Time
          22000       44.00000

   Energies (kJ/mol)
        LJ (SR)   Coulomb (SR)   Coul. recip.      Potential    Kinetic En.
    9.30502e+03   -5.64410e+04    1.11218e+02   -4.70248e+04    7.46789e+03
   Total Energy  Conserved En.    Temperature Pressure (bar)
   -3.95569e+04   -3.88792e+04    2.99543e+02    5.02893e+02

           Step           Time
          23000       46.00000

   Energies (kJ/mol)
        LJ (SR)   Coulomb (SR)   Coul. recip.      Potential    Kinetic En.
    9.43232e+03   -5.64654e+04    1.27233e+02   -4.69059e+04    7.29185e+03
   Total Energy  Conserved En.    Temperature Pressure (bar)
   -3.96140e+04   -3.88823e+04    2.92482e+02    5.54378e+02


DD  step 23999 load imb.: force  8.8%
           Step           Time
          24000       48.00000

   Energies (kJ/mol)
        LJ (SR)   Coulomb (SR)   Coul. recip.      Potential    Kinetic En.
    8.90004e+03   -5.58073e+04    1.41370e+02   -4.67658e+04    7.18884e+03
   Total Energy  Conserved En.    Temperature Pressure (bar)
   -3.95770e+04   -3.88597e+04    2.88350e+02   -1.92736e+02


DD  step 24959 load imb.: force  5.6%
           Step           Time
          25000       50.00000

Writing checkpoint, step 25000 at Mon Dec  9 20:06:27 2024


   Energies (kJ/mol)
        LJ (SR)   Coulomb (SR)   Coul. recip.      Potential    Kinetic En.
    8.55492e+03   -5.52840e+04    1.13487e+02   -4.66156e+04    7.23160e+03
   Total Energy  Conserved En.    Temperature Pressure (bar)
   -3.93840e+04   -3.88549e+04    2.90066e+02   -8.12266e+02


Energy conservation over simulation part #1 of length 50 ns, time 0 to 50 ns
  Conserved energy drift: 5.41e-03 kJ/mol/ps per atom


	<======  ###############  ==>
	<====  A V E R A G E S  ====>
	<==  ###############  ======>

	Statistics over 25001 steps using 251 frames

   Energies (kJ/mol)
        LJ (SR)   Coulomb (SR)   Coul. recip.      Potential    Kinetic En.
    9.05792e+03   -5.59537e+04    1.24715e+02   -4.67711e+04    7.38929e+03
   Total Energy  Conserved En.    Temperature Pressure (bar)
   -3.93818e+04   -3.92689e+04    2.96391e+02    1.58283e+01

          Box-X          Box-Y          Box-Z
    3.10724e+00    3.10724e+00    3.10724e+00

   Total Virial (kJ/mol)
    2.46578e+03    2.22964e+01    8.67939e+00
    2.22941e+01    2.42654e+03    1.62470e+01
    8.69052e+00    1.62445e+01    2.45807e+03

   Pressure (bar)
   -4.61009e+00   -2.47857e+01   -3.95681e+00
   -2.47832e+01    3.86918e+01   -1.88340e+01
   -3.96915e+00   -1.88313e+01    1.34031e+01


	M E G A - F L O P S   A C C O U N T I N G

 NB=Group-cutoff nonbonded kernels    NxN=N-by-N cluster Verlet kernels
 RF=Reaction-Field  VdW=Van der Waals  QSTab=quadratic-spline table
 W3=SPC/TIP3p  W4=TIP4p (single or pairs)
 V&F=Potential and force  V=Potential only  F=Force only

 Computing:                               M-Number         M-Flops  % Flops
-----------------------------------------------------------------------------
 Pair Search distance check             599.998596        5399.987     0.1
 NxN Ewald Elec. + LJ [F]             41002.759024     3813256.589    58.5
 NxN Ewald Elec. + LJ [V&F]             415.822176       52809.416     0.8
 NxN Ewald Elec. [F]                  37093.188624     2262684.506    34.7
 NxN Ewald Elec. [V&F]                  376.180992       31599.203     0.5
 Calc Weights                           225.009000        8100.324     0.1
 Spread Q Bspline                     16200.648000       32401.296     0.5
 Gather F Bspline                     16200.648000       97203.888     1.5
 3D-FFT                               24576.933038      196615.464     3.0
 Solve PME                              102.404096        6553.862     0.1
 Reset In Box                             0.936000           2.808     0.0
 CG-CoM                                   0.942000           2.826     0.0
 Virial                                   9.303720         167.467     0.0
 Stop-CM                                  0.756000           7.560     0.0
 P-Coupling                               7.503000          45.018     0.0
 Calc-Ekin                               15.006000         405.162     0.0
 Constraint-V                            75.006000         675.054     0.0
 Constraint-Vir                           7.503000         180.072     0.0
 Settle                                  25.003000        9251.110     0.1
-----------------------------------------------------------------------------
 Total                                                 6517361.614   100.0
-----------------------------------------------------------------------------


    D O M A I N   D E C O M P O S I T I O N   S T A T I S T I C S

 av. #atoms communicated per step for force:  2 x 18858.4


Dynamic load balancing report:
 DLB was off during the run due to low measured imbalance.
 Average load imbalance: 7.0%.
 The balanceable part of the MD step is 42%, load imbalance is computed from this.
 Part of the total run time spent waiting due to load imbalance: 2.9%.


     R E A L   C Y C L E   A N D   T I M E   A C C O U N T I N G

On 16 MPI ranks

 Computing:          Num   Num      Call    Wall time         Giga-Cycles
                     Ranks Threads  Count      (s)         total sum    %
-----------------------------------------------------------------------------
 Domain decomp.        16    1        313       0.058          2.489   0.5
 DD comm. load         16    1        244       0.001          0.027   0.0
 DD comm. bounds       16    1        238       0.002          0.082   0.0
 Neighbor search       16    1        313       0.129          5.573   1.1
 Comm. coord.          16    1      24688       0.209          9.032   1.9
 Force                 16    1      25001       4.201        181.474  37.3
 Wait + Comm. F        16    1      25001       0.232         10.009   2.1
 PME mesh              16    1      25001       6.009        259.556  53.4
 NB X/F buffer ops.    16    1      74377       0.157          6.765   1.4
 Write traj.           16    1        501       0.017          0.727   0.1
 Update                16    1      25001       0.029          1.261   0.3
 Constraints           16    1      25003       0.048          2.084   0.4
 Comm. energies        16    1       2501       0.104          4.506   0.9
 Rest                                           0.059          2.539   0.5
-----------------------------------------------------------------------------
 Total                                         11.253        486.125 100.0
-----------------------------------------------------------------------------
 Breakdown of PME mesh computation
-----------------------------------------------------------------------------
 PME redist. X/F       16    1      50002       0.788         34.030   7.0
 PME spread            16    1      25001       2.539        109.658  22.6
 PME gather            16    1      25001       1.429         61.722  12.7
 PME 3D-FFT            16    1      50002       0.686         29.619   6.1
 PME 3D-FFT Comm.      16    1     100004       0.497         21.480   4.4
 PME solve Elec        16    1      25001       0.054          2.348   0.5
-----------------------------------------------------------------------------

               Core t (s)   Wall t (s)        (%)
       Time:      180.043       11.253     1599.9
                 (ns/day)    (hour/ns)
Performance:      383.899        0.063
Finished mdrun on rank 0 Mon Dec  9 20:06:27 2024

